<?xml version="1.0" encoding="UTF-8"?>
<testsuites tests="1872" failures="0" errors="0" time="0.155785">
	<testsuite tests="0" failures="0" time="0.000000" name="github.com/cisco-open/go-lanai/cmd/lanai-cli" timestamp="2025-05-28T20:55:39Z">
		<properties>
			<property name="go.version" value="go1.24.3 linux/amd64"></property>
		</properties>
	</testsuite>
	<testsuite tests="0" failures="0" time="0.000000" name="github.com/cisco-open/go-lanai/cmd/lanai-cli/apidocs" timestamp="2025-05-28T20:55:39Z">
		<properties>
			<property name="go.version" value="go1.24.3 linux/amd64"></property>
		</properties>
	</testsuite>
	<testsuite tests="0" failures="0" time="0.000000" name="github.com/cisco-open/go-lanai/cmd/lanai-cli/build" timestamp="2025-05-28T20:55:39Z">
		<properties>
			<property name="go.version" value="go1.24.3 linux/amd64"></property>
		</properties>
	</testsuite>
	<testsuite tests="0" failures="0" time="0.000000" name="github.com/cisco-open/go-lanai/cmd/lanai-cli/cmdutils" timestamp="2025-05-28T20:55:39Z">
		<properties>
			<property name="go.version" value="go1.24.3 linux/amd64"></property>
		</properties>
	</testsuite>
	<testsuite tests="5" failures="0" time="0.228000" name="github.com/cisco-open/go-lanai/cmd/lanai-cli/codegen" timestamp="2025-05-28T20:55:39Z">
		<properties>
			<property name="go.version" value="go1.24.3 linux/amd64"></property>
		</properties>
		<testcase classname="github.com/cisco-open/go-lanai/cmd/lanai-cli/codegen" name="TestGenerateTemplates/TestV2Configuration" time="0.040000"></testcase>
		<testcase classname="github.com/cisco-open/go-lanai/cmd/lanai-cli/codegen" name="TestGenerateTemplates/TestV1Configuration" time="0.040000"></testcase>
		<testcase classname="github.com/cisco-open/go-lanai/cmd/lanai-cli/codegen" name="TestGenerateTemplates/TestV2OPAConfiguration" time="0.050000"></testcase>
		<testcase classname="github.com/cisco-open/go-lanai/cmd/lanai-cli/codegen" name="TestGenerateTemplates/TestV2NoSecConfiguration" time="0.040000"></testcase>
		<testcase classname="github.com/cisco-open/go-lanai/cmd/lanai-cli/codegen" name="TestGenerateTemplates" time="0.170000"></testcase>
	</testsuite>
	<testsuite tests="2" failures="0" time="0.052000" name="github.com/cisco-open/go-lanai/cmd/lanai-cli/codegen/generator" timestamp="2025-05-28T20:55:39Z">
		<properties>
			<property name="go.version" value="go1.24.3 linux/amd64"></property>
		</properties>
		<testcase classname="github.com/cisco-open/go-lanai/cmd/lanai-cli/codegen/generator" name="Test_filenameFromPath/Should_convert_an_api_path_to_a_filename" time="0.000000"></testcase>
		<testcase classname="github.com/cisco-open/go-lanai/cmd/lanai-cli/codegen/generator" name="Test_filenameFromPath" time="0.000000"></testcase>
	</testsuite>
	<testsuite tests="0" failures="0" time="0.000000" name="github.com/cisco-open/go-lanai/cmd/lanai-cli/codegen/generator/template_funcs" timestamp="2025-05-28T20:55:39Z">
		<properties>
			<property name="go.version" value="go1.24.3 linux/amd64"></property>
		</properties>
	</testsuite>
	<testsuite tests="0" failures="0" time="0.000000" name="github.com/cisco-open/go-lanai/cmd/lanai-cli/codegen/generator/template_funcs/go" timestamp="2025-05-28T20:55:39Z">
		<properties>
			<property name="go.version" value="go1.24.3 linux/amd64"></property>
		</properties>
	</testsuite>
	<testsuite tests="0" failures="0" time="0.000000" name="github.com/cisco-open/go-lanai/cmd/lanai-cli/codegen/generator/template_funcs/lanai" timestamp="2025-05-28T20:55:39Z">
		<properties>
			<property name="go.version" value="go1.24.3 linux/amd64"></property>
		</properties>
	</testsuite>
	<testsuite tests="0" failures="0" time="0.000000" name="github.com/cisco-open/go-lanai/cmd/lanai-cli/codegen/generator/template_funcs/lanai/lanaiutil" timestamp="2025-05-28T20:55:39Z">
		<properties>
			<property name="go.version" value="go1.24.3 linux/amd64"></property>
		</properties>
	</testsuite>
	<testsuite tests="0" failures="0" time="0.000000" name="github.com/cisco-open/go-lanai/cmd/lanai-cli/codegen/generator/template_funcs/lanai/schematotext" timestamp="2025-05-28T20:55:39Z">
		<properties>
			<property name="go.version" value="go1.24.3 linux/amd64"></property>
		</properties>
	</testsuite>
	<testsuite tests="0" failures="0" time="0.000000" name="github.com/cisco-open/go-lanai/cmd/lanai-cli/codegen/generator/template_funcs/openapi" timestamp="2025-05-28T20:55:39Z">
		<properties>
			<property name="go.version" value="go1.24.3 linux/amd64"></property>
		</properties>
	</testsuite>
	<testsuite tests="0" failures="0" time="0.000000" name="github.com/cisco-open/go-lanai/cmd/lanai-cli/codegen/generator/template_funcs/util" timestamp="2025-05-28T20:55:39Z">
		<properties>
			<property name="go.version" value="go1.24.3 linux/amd64"></property>
		</properties>
	</testsuite>
	<testsuite tests="0" failures="0" time="0.000000" name="github.com/cisco-open/go-lanai/cmd/lanai-cli/deps" timestamp="2025-05-28T20:55:39Z">
		<properties>
			<property name="go.version" value="go1.24.3 linux/amd64"></property>
		</properties>
	</testsuite>
	<testsuite tests="0" failures="0" time="0.000000" name="github.com/cisco-open/go-lanai/cmd/lanai-cli/dev" timestamp="2025-05-28T20:55:39Z">
		<properties>
			<property name="go.version" value="go1.24.3 linux/amd64"></property>
		</properties>
	</testsuite>
	<testsuite tests="0" failures="0" time="0.000000" name="github.com/cisco-open/go-lanai/cmd/lanai-cli/gittools" timestamp="2025-05-28T20:55:39Z">
		<properties>
			<property name="go.version" value="go1.24.3 linux/amd64"></property>
		</properties>
	</testsuite>
	<testsuite tests="0" failures="0" time="0.000000" name="github.com/cisco-open/go-lanai/cmd/lanai-cli/initcmd" timestamp="2025-05-28T20:55:39Z">
		<properties>
			<property name="go.version" value="go1.24.3 linux/amd64"></property>
		</properties>
	</testsuite>
	<testsuite tests="0" failures="0" time="0.000000" name="github.com/cisco-open/go-lanai/cmd/lanai-cli/noop" timestamp="2025-05-28T20:55:39Z">
		<properties>
			<property name="go.version" value="go1.24.3 linux/amd64"></property>
		</properties>
	</testsuite>
	<testsuite tests="0" failures="0" time="0.000000" name="github.com/cisco-open/go-lanai/cmd/lanai-cli/webjars" timestamp="2025-05-28T20:55:39Z">
		<properties>
			<property name="go.version" value="go1.24.3 linux/amd64"></property>
		</properties>
	</testsuite>
	<testsuite tests="0" failures="0" time="0.004000" name="github.com/cisco-open/go-lanai/pkg/actuator" timestamp="2025-05-28T20:55:39Z">
		<properties>
			<property name="go.version" value="go1.24.3 linux/amd64"></property>
		</properties>
	</testsuite>
	<testsuite tests="43" failures="0" time="0.198000" name="github.com/cisco-open/go-lanai/pkg/actuator/actuator_tests" timestamp="2025-05-28T20:55:39Z">
		<properties>
			<property name="go.version" value="go1.24.3 linux/amd64"></property>
		</properties>
		<testcase classname="github.com/cisco-open/go-lanai/pkg/actuator/actuator_tests" name="TestAPIListEndpoint/TestAPIListWithAccess" time="0.000000"></testcase>
		<testcase classname="github.com/cisco-open/go-lanai/pkg/actuator/actuator_tests" name="TestAPIListEndpoint/TestAPIListWithoutAccess" time="0.000000"></testcase>
		<testcase classname="github.com/cisco-open/go-lanai/pkg/actuator/actuator_tests" name="TestAPIListEndpoint/TestAPIListWithoutAuth" time="0.000000"></testcase>
		<testcase classname="github.com/cisco-open/go-lanai/pkg/actuator/actuator_tests" name="TestAPIListEndpoint" time="0.010000"></testcase>
		<testcase classname="github.com/cisco-open/go-lanai/pkg/actuator/actuator_tests" name="TestEnvEndpoint/TestEnvWithAccess" time="0.000000"></testcase>
		<testcase classname="github.com/cisco-open/go-lanai/pkg/actuator/actuator_tests" name="TestEnvEndpoint/TestEnvWithoutAccess" time="0.000000"></testcase>
		<testcase classname="github.com/cisco-open/go-lanai/pkg/actuator/actuator_tests" name="TestEnvEndpoint/TestEnvWithoutAuth" time="0.000000"></testcase>
		<testcase classname="github.com/cisco-open/go-lanai/pkg/actuator/actuator_tests" name="TestEnvEndpoint" time="0.010000"></testcase>
		<testcase classname="github.com/cisco-open/go-lanai/pkg/actuator/actuator_tests" name="TestHealthEndpoint/TestHealthWithDetails" time="0.000000"></testcase>
		<testcase classname="github.com/cisco-open/go-lanai/pkg/actuator/actuator_tests" name="TestHealthEndpoint/TestHealthWithoutDetails" time="0.000000"></testcase>
		<testcase classname="github.com/cisco-open/go-lanai/pkg/actuator/actuator_tests" name="TestHealthEndpoint/TestHealthWithoutAuth" time="0.000000"></testcase>
		<testcase classname="github.com/cisco-open/go-lanai/pkg/actuator/actuator_tests" name="TestHealthEndpoint/TestHealthDownWithDetails" time="0.000000"></testcase>
		<testcase classname="github.com/cisco-open/go-lanai/pkg/actuator/actuator_tests" name="TestHealthEndpoint/TestHealthDownWithoutDetails" time="0.000000"></testcase>
		<testcase classname="github.com/cisco-open/go-lanai/pkg/actuator/actuator_tests" name="TestHealthEndpoint/TestHealthIndicator" time="0.000000"></testcase>
		<testcase classname="github.com/cisco-open/go-lanai/pkg/actuator/actuator_tests" name="TestHealthEndpoint" time="0.010000"></testcase>
		<testcase classname="github.com/cisco-open/go-lanai/pkg/actuator/actuator_tests" name="TestHealthWithCustomDisclosure/TestHealthWithPermissions" time="0.000000"></testcase>
		<testcase classname="github.com/cisco-open/go-lanai/pkg/actuator/actuator_tests" name="TestHealthWithCustomDisclosure/TestHealthWithoutPermissions" time="0.000000"></testcase>
		<testcase classname="github.com/cisco-open/go-lanai/pkg/actuator/actuator_tests" name="TestHealthWithCustomDisclosure/TestHealthWithoutAuth" time="0.000000"></testcase>
		<testcase classname="github.com/cisco-open/go-lanai/pkg/actuator/actuator_tests" name="TestHealthWithCustomDisclosure/TestHealthDownWithDetails" time="0.000000"></testcase>
		<testcase classname="github.com/cisco-open/go-lanai/pkg/actuator/actuator_tests" name="TestHealthWithCustomDisclosure/TestHealthDownWithoutDetails" time="0.000000"></testcase>
		<testcase classname="github.com/cisco-open/go-lanai/pkg/actuator/actuator_tests" name="TestHealthWithCustomDisclosure/TestHealthIndicator" time="0.000000"></testcase>
		<testcase classname="github.com/cisco-open/go-lanai/pkg/actuator/actuator_tests" name="TestHealthWithCustomDisclosure" time="0.010000"></testcase>
		<testcase classname="github.com/cisco-open/go-lanai/pkg/actuator/actuator_tests" name="TestLoggersEndpoint/TestLoggersWithAccess" time="0.000000"></testcase>
		<testcase classname="github.com/cisco-open/go-lanai/pkg/actuator/actuator_tests" name="TestLoggersEndpoint/TestLoggersWithoutAccess" time="0.000000"></testcase>
		<testcase classname="github.com/cisco-open/go-lanai/pkg/actuator/actuator_tests" name="TestLoggersEndpoint/TestLoggersWithoutAuth" time="0.000000"></testcase>
		<testcase classname="github.com/cisco-open/go-lanai/pkg/actuator/actuator_tests" name="TestLoggersEndpoint/TestChangeLoggers" time="0.000000"></testcase>
		<testcase classname="github.com/cisco-open/go-lanai/pkg/actuator/actuator_tests" name="TestLoggersEndpoint" time="0.010000"></testcase>
		<testcase classname="github.com/cisco-open/go-lanai/pkg/actuator/actuator_tests" name="TestAccessByScopeUsingPermissions/TestEnvWithAccess" time="0.000000"></testcase>
		<testcase classname="github.com/cisco-open/go-lanai/pkg/actuator/actuator_tests" name="TestAccessByScopeUsingPermissions/TestEnvWithoutAccess" time="0.000000"></testcase>
		<testcase classname="github.com/cisco-open/go-lanai/pkg/actuator/actuator_tests" name="TestAccessByScopeUsingPermissions/TestLoggersWithAccess" time="0.000000"></testcase>
		<testcase classname="github.com/cisco-open/go-lanai/pkg/actuator/actuator_tests" name="TestAccessByScopeUsingPermissions/TestLoggersWithoutAccess" time="0.000000"></testcase>
		<testcase classname="github.com/cisco-open/go-lanai/pkg/actuator/actuator_tests" name="TestAccessByScopeUsingPermissions/TestInfoEndpoint" time="0.000000"></testcase>
		<testcase classname="github.com/cisco-open/go-lanai/pkg/actuator/actuator_tests" name="TestAccessByScopeUsingPermissions" time="0.020000"></testcase>
		<testcase classname="github.com/cisco-open/go-lanai/pkg/actuator/actuator_tests" name="TestAccessByHardcodedScope/TestEnvWithAccess" time="0.000000"></testcase>
		<testcase classname="github.com/cisco-open/go-lanai/pkg/actuator/actuator_tests" name="TestAccessByHardcodedScope/TestEnvWithoutAccess" time="0.000000"></testcase>
		<testcase classname="github.com/cisco-open/go-lanai/pkg/actuator/actuator_tests" name="TestAccessByHardcodedScope/TestLoggersWithAccess" time="0.000000"></testcase>
		<testcase classname="github.com/cisco-open/go-lanai/pkg/actuator/actuator_tests" name="TestAccessByHardcodedScope/TestLoggersWithoutAccess" time="0.000000"></testcase>
		<testcase classname="github.com/cisco-open/go-lanai/pkg/actuator/actuator_tests" name="TestAccessByHardcodedScope/TestInfoEndpoint" time="0.000000"></testcase>
		<testcase classname="github.com/cisco-open/go-lanai/pkg/actuator/actuator_tests" name="TestAccessByHardcodedScope" time="0.020000"></testcase>
		<testcase classname="github.com/cisco-open/go-lanai/pkg/actuator/actuator_tests" name="TestSimpleAdminEndpoints/TestInfoEndpointV3" time="0.000000"></testcase>
		<testcase classname="github.com/cisco-open/go-lanai/pkg/actuator/actuator_tests" name="TestSimpleAdminEndpoints/TestInfoEndpointV2" time="0.000000"></testcase>
		<testcase classname="github.com/cisco-open/go-lanai/pkg/actuator/actuator_tests" name="TestSimpleAdminEndpoints/TestAliveEndpoint" time="0.000000"></testcase>
		<testcase classname="github.com/cisco-open/go-lanai/pkg/actuator/actuator_tests" name="TestSimpleAdminEndpoints" time="0.010000"></testcase>
	</testsuite>
	<testsuite tests="0" failures="0" time="0.004000" name="github.com/cisco-open/go-lanai/pkg/actuator/alive" timestamp="2025-05-28T20:55:39Z">
		<properties>
			<property name="go.version" value="go1.24.3 linux/amd64"></property>
		</properties>
	</testsuite>
	<testsuite tests="0" failures="0" time="0.004000" name="github.com/cisco-open/go-lanai/pkg/actuator/apilist" timestamp="2025-05-28T20:55:39Z">
		<properties>
			<property name="go.version" value="go1.24.3 linux/amd64"></property>
		</properties>
	</testsuite>
	<testsuite tests="0" failures="0" time="0.004000" name="github.com/cisco-open/go-lanai/pkg/actuator/env" timestamp="2025-05-28T20:55:39Z">
		<properties>
			<property name="go.version" value="go1.24.3 linux/amd64"></property>
		</properties>
	</testsuite>
	<testsuite tests="0" failures="0" time="0.005000" name="github.com/cisco-open/go-lanai/pkg/actuator/health" timestamp="2025-05-28T20:55:39Z">
		<properties>
			<property name="go.version" value="go1.24.3 linux/amd64"></property>
		</properties>
	</testsuite>
	<testsuite tests="0" failures="0" time="0.005000" name="github.com/cisco-open/go-lanai/pkg/actuator/health/endpoint" timestamp="2025-05-28T20:55:39Z">
		<properties>
			<property name="go.version" value="go1.24.3 linux/amd64"></property>
		</properties>
	</testsuite>
	<testsuite tests="0" failures="0" time="0.005000" name="github.com/cisco-open/go-lanai/pkg/actuator/info" timestamp="2025-05-28T20:55:39Z">
		<properties>
			<property name="go.version" value="go1.24.3 linux/amd64"></property>
		</properties>
	</testsuite>
	<testsuite tests="0" failures="0" time="0.005000" name="github.com/cisco-open/go-lanai/pkg/actuator/init" timestamp="2025-05-28T20:55:39Z">
		<properties>
			<property name="go.version" value="go1.24.3 linux/amd64"></property>
		</properties>
	</testsuite>
	<testsuite tests="0" failures="0" time="0.013000" name="github.com/cisco-open/go-lanai/pkg/actuator/loggers" timestamp="2025-05-28T20:55:39Z">
		<properties>
			<property name="go.version" value="go1.24.3 linux/amd64"></property>
		</properties>
	</testsuite>
	<testsuite tests="39" failures="0" time="0.126000" name="github.com/cisco-open/go-lanai/pkg/appconfig" timestamp="2025-05-28T20:55:39Z">
		<properties>
			<property name="go.version" value="go1.24.3 linux/amd64"></property>
		</properties>
		<testcase classname="github.com/cisco-open/go-lanai/pkg/appconfig" name="TestMultiPassLoad" time="0.000000"></testcase>
		<testcase classname="github.com/cisco-open/go-lanai/pkg/appconfig" name="TestParsePlaceHolders/PlaceholderPattern1" time="0.000000"></testcase>
		<testcase classname="github.com/cisco-open/go-lanai/pkg/appconfig" name="TestParsePlaceHolders/PlaceholderPattern2" time="0.000000"></testcase>
		<testcase classname="github.com/cisco-open/go-lanai/pkg/appconfig" name="TestParsePlaceHolders/PlaceholderPattern3" time="0.000000"></testcase>
		<testcase classname="github.com/cisco-open/go-lanai/pkg/appconfig" name="TestParsePlaceHolders/PlaceholderPattern4" time="0.000000"></testcase>
		<testcase classname="github.com/cisco-open/go-lanai/pkg/appconfig" name="TestParsePlaceHolders/PlaceholderPattern5" time="0.000000"></testcase>
		<testcase classname="github.com/cisco-open/go-lanai/pkg/appconfig" name="TestParsePlaceHolders/PlaceholderPattern6" time="0.000000"></testcase>
		<testcase classname="github.com/cisco-open/go-lanai/pkg/appconfig" name="TestParsePlaceHolders/PlaceholderPattern7" time="0.000000"></testcase>
		<testcase classname="github.com/cisco-open/go-lanai/pkg/appconfig" name="TestParsePlaceHolders/PlaceholderPattern8" time="0.000000"></testcase>
		<testcase classname="github.com/cisco-open/go-lanai/pkg/appconfig" name="TestParsePlaceHolders/PlaceholderInvalidPattern1" time="0.000000"></testcase>
		<testcase classname="github.com/cisco-open/go-lanai/pkg/appconfig" name="TestParsePlaceHolders" time="0.000000"></testcase>
		<testcase classname="github.com/cisco-open/go-lanai/pkg/appconfig" name="TestUnFlatten" time="0.000000"></testcase>
		<testcase classname="github.com/cisco-open/go-lanai/pkg/appconfig" name="TestGettingValue" time="0.000000"></testcase>
		<testcase classname="github.com/cisco-open/go-lanai/pkg/appconfig" name="TestGettingArrayValue" time="0.000000"></testcase>
		<testcase classname="github.com/cisco-open/go-lanai/pkg/appconfig" name="TestSettingValue/EmptyMapTestNoIntermediateNodes" time="0.000000"></testcase>
		<testcase classname="github.com/cisco-open/go-lanai/pkg/appconfig" name="TestSettingValue/EmptyMapTest" time="0.000000"></testcase>
		<testcase classname="github.com/cisco-open/go-lanai/pkg/appconfig" name="TestSettingValue/PartialMapTestNoIntermediateNodes" time="0.000000"></testcase>
		<testcase classname="github.com/cisco-open/go-lanai/pkg/appconfig" name="TestSettingValue/PartialMapTest" time="0.000000"></testcase>
		<testcase classname="github.com/cisco-open/go-lanai/pkg/appconfig" name="TestSettingValue/FullMapTestNoIntermediateNodes" time="0.000000"></testcase>
		<testcase classname="github.com/cisco-open/go-lanai/pkg/appconfig" name="TestSettingValue/FullMapTest" time="0.000000"></testcase>
		<testcase classname="github.com/cisco-open/go-lanai/pkg/appconfig" name="TestSettingValue" time="0.000000"></testcase>
		<testcase classname="github.com/cisco-open/go-lanai/pkg/appconfig" name="TestSettingValueWithSlicePath/EmptyMapTestNoIntermediateNodes" time="0.000000"></testcase>
		<testcase classname="github.com/cisco-open/go-lanai/pkg/appconfig" name="TestSettingValueWithSlicePath/EmptyMapTest" time="0.000000"></testcase>
		<testcase classname="github.com/cisco-open/go-lanai/pkg/appconfig" name="TestSettingValueWithSlicePath/EmptyMapTestNonFirstIntermediateNodes" time="0.000000"></testcase>
		<testcase classname="github.com/cisco-open/go-lanai/pkg/appconfig" name="TestSettingValueWithSlicePath/PartialMapTestNoIntermediateNodes" time="0.000000"></testcase>
		<testcase classname="github.com/cisco-open/go-lanai/pkg/appconfig" name="TestSettingValueWithSlicePath/PartialMapTest" time="0.000000"></testcase>
		<testcase classname="github.com/cisco-open/go-lanai/pkg/appconfig" name="TestSettingValueWithSlicePath/PartialMapTestNonFirstIntermediateNodes1" time="0.000000"></testcase>
		<testcase classname="github.com/cisco-open/go-lanai/pkg/appconfig" name="TestSettingValueWithSlicePath/PartialMapTestNonFirstIntermediateNodes2" time="0.000000"></testcase>
		<testcase classname="github.com/cisco-open/go-lanai/pkg/appconfig" name="TestSettingValueWithSlicePath/FullMapTestNoIntermediateNodes" time="0.000000"></testcase>
		<testcase classname="github.com/cisco-open/go-lanai/pkg/appconfig" name="TestSettingValueWithSlicePath/FullMapTest" time="0.000000"></testcase>
		<testcase classname="github.com/cisco-open/go-lanai/pkg/appconfig" name="TestSettingValueWithSlicePath/FullMapTestOutOfIndex1" time="0.000000"></testcase>
		<testcase classname="github.com/cisco-open/go-lanai/pkg/appconfig" name="TestSettingValueWithSlicePath/FullMapTestOutOfIndex2" time="0.000000"></testcase>
		<testcase classname="github.com/cisco-open/go-lanai/pkg/appconfig" name="TestSettingValueWithSlicePath" time="0.000000"></testcase>
		<testcase classname="github.com/cisco-open/go-lanai/pkg/appconfig" name="TestConfigBind/Bind_Should_Err_If_Config_Not_Loaded" time="0.000000"></testcase>
		<testcase classname="github.com/cisco-open/go-lanai/pkg/appconfig" name="TestConfigBind/Bind_Should_Map_Properties_To_Target" time="0.000000"></testcase>
		<testcase classname="github.com/cisco-open/go-lanai/pkg/appconfig" name="TestConfigBind" time="0.000000"></testcase>
		<testcase classname="github.com/cisco-open/go-lanai/pkg/appconfig" name="TestNormalizeKey" time="0.000000"></testcase>
		<testcase classname="github.com/cisco-open/go-lanai/pkg/appconfig" name="TestResolvePlaceHolders" time="0.000000"></testcase>
		<testcase classname="github.com/cisco-open/go-lanai/pkg/appconfig" name="TestResolvePlaceHoldersWithCircularReference" time="0.000000"></testcase>
	</testsuite>
	<testsuite tests="0" failures="0" time="0.009000" name="github.com/cisco-open/go-lanai/pkg/appconfig/args" timestamp="2025-05-28T20:55:39Z">
		<properties>
			<property name="go.version" value="go1.24.3 linux/amd64"></property>
		</properties>
	</testsuite>
	<testsuite tests="0" failures="0" time="0.011000" name="github.com/cisco-open/go-lanai/pkg/appconfig/cliprovider" timestamp="2025-05-28T20:55:39Z">
		<properties>
			<property name="go.version" value="go1.24.3 linux/amd64"></property>
		</properties>
	</testsuite>
	<testsuite tests="1" failures="0" time="0.099000" name="github.com/cisco-open/go-lanai/pkg/appconfig/envprovider" timestamp="2025-05-28T20:55:39Z">
		<properties>
			<property name="go.version" value="go1.24.3 linux/amd64"></property>
		</properties>
		<testcase classname="github.com/cisco-open/go-lanai/pkg/appconfig/envprovider" name="TestLoadEnvironmentProperties" time="0.000000"></testcase>
	</testsuite>
	<testsuite tests="0" failures="0" time="0.010000" name="github.com/cisco-open/go-lanai/pkg/appconfig/fileprovider" timestamp="2025-05-28T20:55:39Z">
		<properties>
			<property name="go.version" value="go1.24.3 linux/amd64"></property>
		</properties>
	</testsuite>
	<testsuite tests="0" failures="0" time="0.016000" name="github.com/cisco-open/go-lanai/pkg/appconfig/init" timestamp="2025-05-28T20:55:39Z">
		<properties>
			<property name="go.version" value="go1.24.3 linux/amd64"></property>
		</properties>
	</testsuite>
	<testsuite tests="0" failures="0" time="0.006000" name="github.com/cisco-open/go-lanai/pkg/appconfig/parser" timestamp="2025-05-28T20:55:39Z">
		<properties>
			<property name="go.version" value="go1.24.3 linux/amd64"></property>
		</properties>
	</testsuite>
	<testsuite tests="4" failures="0" time="0.102000" name="github.com/cisco-open/go-lanai/pkg/aws" timestamp="2025-05-28T20:55:39Z">
		<properties>
			<property name="go.version" value="go1.24.3 linux/amd64"></property>
		</properties>
		<testcase classname="github.com/cisco-open/go-lanai/pkg/aws" name="TestAWSConfigLoading/ConfigWithStaticCredentials" time="0.000000"></testcase>
		<testcase classname="github.com/cisco-open/go-lanai/pkg/aws" name="TestAWSConfigLoading/ConfigWithEnvCredentials" time="0.000000"></testcase>
		<testcase classname="github.com/cisco-open/go-lanai/pkg/aws" name="TestAWSConfigLoading/ConfigWithSTSCredentials" time="0.000000"></testcase>
		<testcase classname="github.com/cisco-open/go-lanai/pkg/aws" name="TestAWSConfigLoading" time="0.010000"></testcase>
	</testsuite>
	<testsuite tests="2" failures="0" time="0.097000" name="github.com/cisco-open/go-lanai/pkg/aws/acm" timestamp="2025-05-28T20:55:39Z">
		<properties>
			<property name="go.version" value="go1.24.3 linux/amd64"></property>
		</properties>
		<testcase classname="github.com/cisco-open/go-lanai/pkg/aws/acm" name="TestDefaultClient/ConfigWithStaticCredentials" time="0.000000"></testcase>
		<testcase classname="github.com/cisco-open/go-lanai/pkg/aws/acm" name="TestDefaultClient" time="0.020000"></testcase>
	</testsuite>
	<testsuite tests="0" failures="0" time="0.009000" name="github.com/cisco-open/go-lanai/pkg/bootstrap" timestamp="2025-05-28T20:55:39Z">
		<properties>
			<property name="go.version" value="go1.24.3 linux/amd64"></property>
		</properties>
	</testsuite>
	<testsuite tests="8" failures="0" time="0.104000" name="github.com/cisco-open/go-lanai/pkg/certs" timestamp="2025-05-28T20:55:39Z">
		<properties>
			<property name="go.version" value="go1.24.3 linux/amd64"></property>
		</properties>
		<testcase classname="github.com/cisco-open/go-lanai/pkg/certs" name="TestManager/TestLoadSourceByPreset" time="0.000000"></testcase>
		<testcase classname="github.com/cisco-open/go-lanai/pkg/certs" name="TestManager/TestLoadSourceByConfigPath" time="0.000000"></testcase>
		<testcase classname="github.com/cisco-open/go-lanai/pkg/certs" name="TestManager/TestLoadSourceByRawConfig" time="0.000000"></testcase>
		<testcase classname="github.com/cisco-open/go-lanai/pkg/certs" name="TestManager/TestLoadSourceByCompatibleConfig" time="0.000000"></testcase>
		<testcase classname="github.com/cisco-open/go-lanai/pkg/certs" name="TestManager/TestLoadSourceBySourceProperties" time="0.000000"></testcase>
		<testcase classname="github.com/cisco-open/go-lanai/pkg/certs" name="TestManager/TestLoadSourceWithInvalidOptions" time="0.000000"></testcase>
		<testcase classname="github.com/cisco-open/go-lanai/pkg/certs" name="TestManager/TestCloseSources" time="0.000000"></testcase>
		<testcase classname="github.com/cisco-open/go-lanai/pkg/certs" name="TestManager" time="0.010000"></testcase>
	</testsuite>
	<testsuite tests="0" failures="0" time="0.005000" name="github.com/cisco-open/go-lanai/pkg/certs/init" timestamp="2025-05-28T20:55:39Z">
		<properties>
			<property name="go.version" value="go1.24.3 linux/amd64"></property>
		</properties>
	</testsuite>
	<testsuite tests="0" failures="0" time="0.004000" name="github.com/cisco-open/go-lanai/pkg/certs/source" timestamp="2025-05-28T20:55:39Z">
		<properties>
			<property name="go.version" value="go1.24.3 linux/amd64"></property>
		</properties>
	</testsuite>
	<testsuite tests="4" failures="0" time="0.091000" name="github.com/cisco-open/go-lanai/pkg/certs/source/acm" timestamp="2025-05-28T20:55:39Z">
		<properties>
			<property name="go.version" value="go1.24.3 linux/amd64"></property>
		</properties>
		<testcase classname="github.com/cisco-open/go-lanai/pkg/certs/source/acm" name="TestDefaultClient/TestAcmRenewal" time="0.000000">
			<skipped message="=== RUN   TestDefaultClient/TestAcmRenewal&#xA;    acm_test.go:275: Renewal test is not possible for imported certificates&#xA;--- SKIP: TestDefaultClient/TestAcmRenewal (0.00s)&#xA;"></skipped>
		</testcase>
		<testcase classname="github.com/cisco-open/go-lanai/pkg/certs/source/acm" name="TestDefaultClient/TestAcmTLSConfig" time="0.010000"></testcase>
		<testcase classname="github.com/cisco-open/go-lanai/pkg/certs/source/acm" name="TestDefaultClient/TestAcmCertFiles" time="0.000000"></testcase>
		<testcase classname="github.com/cisco-open/go-lanai/pkg/certs/source/acm" name="TestDefaultClient" time="0.030000"></testcase>
	</testsuite>
	<testsuite tests="3" failures="0" time="0.095000" name="github.com/cisco-open/go-lanai/pkg/certs/source/file" timestamp="2025-05-28T20:55:39Z">
		<properties>
			<property name="go.version" value="go1.24.3 linux/amd64"></property>
		</properties>
		<testcase classname="github.com/cisco-open/go-lanai/pkg/certs/source/file" name="TestFileCertificateSource/SubTestTLSConfig" time="0.000000"></testcase>
		<testcase classname="github.com/cisco-open/go-lanai/pkg/certs/source/file" name="TestFileCertificateSource/TestFiles" time="0.000000"></testcase>
		<testcase classname="github.com/cisco-open/go-lanai/pkg/certs/source/file" name="TestFileCertificateSource" time="0.010000"></testcase>
	</testsuite>
	<testsuite tests="4" failures="0" time="4.120000" name="github.com/cisco-open/go-lanai/pkg/certs/source/vault" timestamp="2025-05-28T20:55:39Z">
		<properties>
			<property name="go.version" value="go1.24.3 linux/amd64"></property>
		</properties>
		<testcase classname="github.com/cisco-open/go-lanai/pkg/certs/source/vault" name="TestVaultProvider/SubTestVaultTLSConfig" time="0.000000"></testcase>
		<testcase classname="github.com/cisco-open/go-lanai/pkg/certs/source/vault" name="TestVaultProvider/SubTestVaultCertFiles" time="0.000000"></testcase>
		<testcase classname="github.com/cisco-open/go-lanai/pkg/certs/source/vault" name="TestVaultProvider/SubTestVaultRenewal" time="4.000000"></testcase>
		<testcase classname="github.com/cisco-open/go-lanai/pkg/certs/source/vault" name="TestVaultProvider" time="4.030000"></testcase>
	</testsuite>
	<testsuite tests="5" failures="0" time="0.064000" name="github.com/cisco-open/go-lanai/pkg/consul" timestamp="2025-05-28T20:55:39Z">
		<properties>
			<property name="go.version" value="go1.24.3 linux/amd64"></property>
		</properties>
		<testcase classname="github.com/cisco-open/go-lanai/pkg/consul" name="TestKubernetesClient_Login" time="0.000000"></testcase>
		<testcase classname="github.com/cisco-open/go-lanai/pkg/consul" name="TestTokenClientAuthentication_Login" time="0.000000"></testcase>
		<testcase classname="github.com/cisco-open/go-lanai/pkg/consul" name="TestAuthMethod" time="0.000000"></testcase>
		<testcase classname="github.com/cisco-open/go-lanai/pkg/consul" name="TestConsulConnection/TestKVOperations" time="0.000000"></testcase>
		<testcase classname="github.com/cisco-open/go-lanai/pkg/consul" name="TestConsulConnection" time="0.010000"></testcase>
	</testsuite>
	<testsuite tests="2" failures="0" time="0.092000" name="github.com/cisco-open/go-lanai/pkg/consul/appconfig" timestamp="2025-05-28T20:55:39Z">
		<properties>
			<property name="go.version" value="go1.24.3 linux/amd64"></property>
		</properties>
		<testcase classname="github.com/cisco-open/go-lanai/pkg/consul/appconfig" name="TestAppConfig/PropertiesBinding" time="0.000000"></testcase>
		<testcase classname="github.com/cisco-open/go-lanai/pkg/consul/appconfig" name="TestAppConfig" time="0.010000"></testcase>
	</testsuite>
	<testsuite tests="0" failures="0" time="0.004000" name="github.com/cisco-open/go-lanai/pkg/consul/health" timestamp="2025-05-28T20:55:39Z">
		<properties>
			<property name="go.version" value="go1.24.3 linux/amd64"></property>
		</properties>
	</testsuite>
	<testsuite tests="0" failures="0" time="0.004000" name="github.com/cisco-open/go-lanai/pkg/consul/init" timestamp="2025-05-28T20:55:39Z">
		<properties>
			<property name="go.version" value="go1.24.3 linux/amd64"></property>
		</properties>
	</testsuite>
	<testsuite tests="16" failures="0" time="0.124000" name="github.com/cisco-open/go-lanai/pkg/data" timestamp="2025-05-28T20:55:39Z">
		<properties>
			<property name="go.version" value="go1.24.3 linux/amd64"></property>
		</properties>
		<testcase classname="github.com/cisco-open/go-lanai/pkg/data" name="TestTranslateDataErrorForHttpResponse/TestDataErrorTranslation" time="0.000000"></testcase>
		<testcase classname="github.com/cisco-open/go-lanai/pkg/data" name="TestTranslateDataErrorForHttpResponse" time="0.010000"></testcase>
		<testcase classname="github.com/cisco-open/go-lanai/pkg/data" name="TestErrorTranslation/ServerSideErrorTranslation" time="0.000000"></testcase>
		<testcase classname="github.com/cisco-open/go-lanai/pkg/data" name="TestErrorTranslation" time="0.010000"></testcase>
		<testcase classname="github.com/cisco-open/go-lanai/pkg/data" name="TestGormTracingWithExistingSpan/TestCreate" time="0.000000"></testcase>
		<testcase classname="github.com/cisco-open/go-lanai/pkg/data" name="TestGormTracingWithExistingSpan/TestRead" time="0.000000"></testcase>
		<testcase classname="github.com/cisco-open/go-lanai/pkg/data" name="TestGormTracingWithExistingSpan/TestUpdate" time="0.000000"></testcase>
		<testcase classname="github.com/cisco-open/go-lanai/pkg/data" name="TestGormTracingWithExistingSpan/TestDelete" time="0.000000"></testcase>
		<testcase classname="github.com/cisco-open/go-lanai/pkg/data" name="TestGormTracingWithExistingSpan/TestRawSQL" time="0.000000"></testcase>
		<testcase classname="github.com/cisco-open/go-lanai/pkg/data" name="TestGormTracingWithExistingSpan" time="0.010000"></testcase>
		<testcase classname="github.com/cisco-open/go-lanai/pkg/data" name="TestGormTracingWithoutExistingSpan/TestCreate" time="0.000000"></testcase>
		<testcase classname="github.com/cisco-open/go-lanai/pkg/data" name="TestGormTracingWithoutExistingSpan/TestRead" time="0.000000"></testcase>
		<testcase classname="github.com/cisco-open/go-lanai/pkg/data" name="TestGormTracingWithoutExistingSpan/TestUpdate" time="0.000000"></testcase>
		<testcase classname="github.com/cisco-open/go-lanai/pkg/data" name="TestGormTracingWithoutExistingSpan/TestDelete" time="0.000000"></testcase>
		<testcase classname="github.com/cisco-open/go-lanai/pkg/data" name="TestGormTracingWithoutExistingSpan/TestRawSQL" time="0.000000"></testcase>
		<testcase classname="github.com/cisco-open/go-lanai/pkg/data" name="TestGormTracingWithoutExistingSpan" time="0.010000"></testcase>
	</testsuite>
	<testsuite tests="0" failures="0" time="0.004000" name="github.com/cisco-open/go-lanai/pkg/data/init" timestamp="2025-05-28T20:55:39Z">
		<properties>
			<property name="go.version" value="go1.24.3 linux/amd64"></property>
		</properties>
	</testsuite>
	<testsuite tests="0" failures="0" time="0.005000" name="github.com/cisco-open/go-lanai/pkg/data/postgresql" timestamp="2025-05-28T20:55:39Z">
		<properties>
			<property name="go.version" value="go1.24.3 linux/amd64"></property>
		</properties>
	</testsuite>
	<testsuite tests="4" failures="0" time="0.107000" name="github.com/cisco-open/go-lanai/pkg/data/postgresql/cockroach" timestamp="2025-05-28T20:55:39Z">
		<properties>
			<property name="go.version" value="go1.24.3 linux/amd64"></property>
		</properties>
		<testcase classname="github.com/cisco-open/go-lanai/pkg/data/postgresql/cockroach" name="TestDBCreator/TestCreateDB" time="0.000000"></testcase>
		<testcase classname="github.com/cisco-open/go-lanai/pkg/data/postgresql/cockroach" name="TestDBCreator" time="0.010000"></testcase>
		<testcase classname="github.com/cisco-open/go-lanai/pkg/data/postgresql/cockroach" name="TestDBCreatorWithoutCreateDBPermission/TestCreateDBIgnoreFailure" time="0.000000"></testcase>
		<testcase classname="github.com/cisco-open/go-lanai/pkg/data/postgresql/cockroach" name="TestDBCreatorWithoutCreateDBPermission" time="0.010000"></testcase>
	</testsuite>
	<testsuite tests="23" failures="0" time="0.203000" name="github.com/cisco-open/go-lanai/pkg/data/repo" timestamp="2025-05-28T20:55:39Z">
		<properties>
			<property name="go.version" value="go1.24.3 linux/amd64"></property>
		</properties>
		<testcase classname="github.com/cisco-open/go-lanai/pkg/data/repo" name="TestGormSchemaResolver/TestSchemaResolverDirect" time="0.000000"></testcase>
		<testcase classname="github.com/cisco-open/go-lanai/pkg/data/repo" name="TestGormSchemaResolver/TestSchemaResolverIndirect" time="0.000000"></testcase>
		<testcase classname="github.com/cisco-open/go-lanai/pkg/data/repo" name="TestGormSchemaResolver/TestSchemaResolverMultiLvl" time="0.000000"></testcase>
		<testcase classname="github.com/cisco-open/go-lanai/pkg/data/repo" name="TestGormSchemaResolver" time="0.010000"></testcase>
		<testcase classname="github.com/cisco-open/go-lanai/pkg/data/repo" name="TestGormCRUDRepository/TestFindOne" time="0.000000"></testcase>
		<testcase classname="github.com/cisco-open/go-lanai/pkg/data/repo" name="TestGormCRUDRepository/TestFindAll" time="0.010000"></testcase>
		<testcase classname="github.com/cisco-open/go-lanai/pkg/data/repo" name="TestGormCRUDRepository/TestFindCount" time="0.000000"></testcase>
		<testcase classname="github.com/cisco-open/go-lanai/pkg/data/repo" name="TestGormCRUDRepository/TestCreate" time="0.000000"></testcase>
		<testcase classname="github.com/cisco-open/go-lanai/pkg/data/repo" name="TestGormCRUDRepository/TestSave" time="0.000000"></testcase>
		<testcase classname="github.com/cisco-open/go-lanai/pkg/data/repo" name="TestGormCRUDRepository/TestUpdates" time="0.000000"></testcase>
		<testcase classname="github.com/cisco-open/go-lanai/pkg/data/repo" name="TestGormCRUDRepository/TestDelete" time="0.000000"></testcase>
		<testcase classname="github.com/cisco-open/go-lanai/pkg/data/repo" name="TestGormCRUDRepository/TestRepoSyntax" time="0.000000"></testcase>
		<testcase classname="github.com/cisco-open/go-lanai/pkg/data/repo" name="TestGormCRUDRepository/TestPageAndSort" time="0.010000"></testcase>
		<testcase classname="github.com/cisco-open/go-lanai/pkg/data/repo" name="TestGormCRUDRepository/TestUtilFunctions" time="0.000000"></testcase>
		<testcase classname="github.com/cisco-open/go-lanai/pkg/data/repo" name="TestGormCRUDRepository" time="0.050000"></testcase>
		<testcase classname="github.com/cisco-open/go-lanai/pkg/data/repo" name="TestGormUtils/TestResolveSchema" time="0.000000"></testcase>
		<testcase classname="github.com/cisco-open/go-lanai/pkg/data/repo" name="TestGormUtils/TestCheckUniqueness" time="0.000000"></testcase>
		<testcase classname="github.com/cisco-open/go-lanai/pkg/data/repo" name="TestGormUtils" time="0.020000"></testcase>
		<testcase classname="github.com/cisco-open/go-lanai/pkg/data/repo" name="TestCockroachTransactions/TestTransactionRetry" time="0.000000"></testcase>
		<testcase classname="github.com/cisco-open/go-lanai/pkg/data/repo" name="TestCockroachTransactions/SubTestManualTransactionRetry" time="0.000000"></testcase>
		<testcase classname="github.com/cisco-open/go-lanai/pkg/data/repo" name="TestCockroachTransactions/SubTestNestedManualTransactionRollback" time="0.000000"></testcase>
		<testcase classname="github.com/cisco-open/go-lanai/pkg/data/repo" name="TestCockroachTransactions/SubTestNestedManualTransaction" time="0.000000"></testcase>
		<testcase classname="github.com/cisco-open/go-lanai/pkg/data/repo" name="TestCockroachTransactions" time="0.030000"></testcase>
	</testsuite>
	<testsuite tests="2" failures="0" time="0.114000" name="github.com/cisco-open/go-lanai/pkg/data/tx" timestamp="2025-05-28T20:55:39Z">
		<properties>
			<property name="go.version" value="go1.24.3 linux/amd64"></property>
		</properties>
		<testcase classname="github.com/cisco-open/go-lanai/pkg/data/tx" name="TestOverridingTxManager/VerifyNoopTxManager" time="0.000000"></testcase>
		<testcase classname="github.com/cisco-open/go-lanai/pkg/data/tx" name="TestOverridingTxManager" time="0.010000"></testcase>
	</testsuite>
	<testsuite tests="6" failures="0" time="0.121000" name="github.com/cisco-open/go-lanai/pkg/data/types" timestamp="2025-05-28T20:55:39Z">
		<properties>
			<property name="go.version" value="go1.24.3 linux/amd64"></property>
		</properties>
		<testcase classname="github.com/cisco-open/go-lanai/pkg/data/types" name="TestBoolFilter/DefaultFilterWithoutJoin" time="0.000000"></testcase>
		<testcase classname="github.com/cisco-open/go-lanai/pkg/data/types" name="TestBoolFilter/NegFilterWithoutJoin" time="0.000000"></testcase>
		<testcase classname="github.com/cisco-open/go-lanai/pkg/data/types" name="TestBoolFilter/OptInFilterWithoutJoin" time="0.010000"></testcase>
		<testcase classname="github.com/cisco-open/go-lanai/pkg/data/types" name="TestBoolFilter/FilterWithOverride" time="0.000000"></testcase>
		<testcase classname="github.com/cisco-open/go-lanai/pkg/data/types" name="TestBoolFilter/FilterWithAdditionalScope" time="0.010000"></testcase>
		<testcase classname="github.com/cisco-open/go-lanai/pkg/data/types" name="TestBoolFilter" time="0.040000"></testcase>
	</testsuite>
	<testsuite tests="94" failures="0" time="0.176000" name="github.com/cisco-open/go-lanai/pkg/data/types/pqcrypt" timestamp="2025-05-28T20:55:39Z">
		<properties>
			<property name="go.version" value="go1.24.3 linux/amd64"></property>
		</properties>
		<testcase classname="github.com/cisco-open/go-lanai/pkg/data/types/pqcrypt" name="TestParseEncryptedData/V1PlainStandard" time="0.000000"></testcase>
		<testcase classname="github.com/cisco-open/go-lanai/pkg/data/types/pqcrypt" name="TestParseEncryptedData/V1PlainVariants" time="0.000000"></testcase>
		<testcase classname="github.com/cisco-open/go-lanai/pkg/data/types/pqcrypt" name="TestParseEncryptedData/V1Encrypted" time="0.000000"></testcase>
		<testcase classname="github.com/cisco-open/go-lanai/pkg/data/types/pqcrypt" name="TestParseEncryptedData/V1PlainInvalid" time="0.000000"></testcase>
		<testcase classname="github.com/cisco-open/go-lanai/pkg/data/types/pqcrypt" name="TestParseEncryptedData/V2PlainStandard" time="0.000000"></testcase>
		<testcase classname="github.com/cisco-open/go-lanai/pkg/data/types/pqcrypt" name="TestParseEncryptedData/V2PlainVariants" time="0.000000"></testcase>
		<testcase classname="github.com/cisco-open/go-lanai/pkg/data/types/pqcrypt" name="TestParseEncryptedData/V2Encrypted" time="0.000000"></testcase>
		<testcase classname="github.com/cisco-open/go-lanai/pkg/data/types/pqcrypt" name="TestParseEncryptedData/V2PlainInvalid" time="0.000000"></testcase>
		<testcase classname="github.com/cisco-open/go-lanai/pkg/data/types/pqcrypt" name="TestParseEncryptedData" time="0.000000"></testcase>
		<testcase classname="github.com/cisco-open/go-lanai/pkg/data/types/pqcrypt" name="TestJsonUnmarshal/V2JsonPlainStandard" time="0.000000"></testcase>
		<testcase classname="github.com/cisco-open/go-lanai/pkg/data/types/pqcrypt" name="TestJsonUnmarshal/V2JsonPlainVariants" time="0.000000"></testcase>
		<testcase classname="github.com/cisco-open/go-lanai/pkg/data/types/pqcrypt" name="TestJsonUnmarshal/V2JsonEncrypted" time="0.000000"></testcase>
		<testcase classname="github.com/cisco-open/go-lanai/pkg/data/types/pqcrypt" name="TestJsonUnmarshal/V2JsonPlainInvalid" time="0.000000"></testcase>
		<testcase classname="github.com/cisco-open/go-lanai/pkg/data/types/pqcrypt" name="TestJsonUnmarshal" time="0.000000"></testcase>
		<testcase classname="github.com/cisco-open/go-lanai/pkg/data/types/pqcrypt" name="TestJsonbValuer/ConvertPlain" time="0.000000"></testcase>
		<testcase classname="github.com/cisco-open/go-lanai/pkg/data/types/pqcrypt" name="TestJsonbValuer/ConvertEncrypted" time="0.000000"></testcase>
		<testcase classname="github.com/cisco-open/go-lanai/pkg/data/types/pqcrypt" name="TestJsonbValuer" time="0.000000"></testcase>
		<testcase classname="github.com/cisco-open/go-lanai/pkg/data/types/pqcrypt" name="TestJsonbScanner/ScanV2Plain" time="0.000000"></testcase>
		<testcase classname="github.com/cisco-open/go-lanai/pkg/data/types/pqcrypt" name="TestJsonbScanner/ScanV2Encrypted" time="0.000000"></testcase>
		<testcase classname="github.com/cisco-open/go-lanai/pkg/data/types/pqcrypt" name="TestJsonbScanner/ScanV2Variants" time="0.000000"></testcase>
		<testcase classname="github.com/cisco-open/go-lanai/pkg/data/types/pqcrypt" name="TestJsonbScanner/ScanV1" time="0.000000"></testcase>
		<testcase classname="github.com/cisco-open/go-lanai/pkg/data/types/pqcrypt" name="TestJsonbScanner/ScanInvalidV1" time="0.000000"></testcase>
		<testcase classname="github.com/cisco-open/go-lanai/pkg/data/types/pqcrypt" name="TestJsonbScanner/ScanInvalidV2" time="0.000000"></testcase>
		<testcase classname="github.com/cisco-open/go-lanai/pkg/data/types/pqcrypt" name="TestJsonbScanner" time="0.000000"></testcase>
		<testcase classname="github.com/cisco-open/go-lanai/pkg/data/types/pqcrypt" name="TestPlainTextEncryptor/PlainTextMap" time="0.000000"></testcase>
		<testcase classname="github.com/cisco-open/go-lanai/pkg/data/types/pqcrypt" name="TestPlainTextEncryptor/PlainTextString" time="0.000000"></testcase>
		<testcase classname="github.com/cisco-open/go-lanai/pkg/data/types/pqcrypt" name="TestPlainTextEncryptor/PlainTextSlice" time="0.000000"></testcase>
		<testcase classname="github.com/cisco-open/go-lanai/pkg/data/types/pqcrypt" name="TestPlainTextEncryptor/PlainTextNil" time="0.000000"></testcase>
		<testcase classname="github.com/cisco-open/go-lanai/pkg/data/types/pqcrypt" name="TestPlainTextEncryptor" time="0.000000"></testcase>
		<testcase classname="github.com/cisco-open/go-lanai/pkg/data/types/pqcrypt" name="TestPlainTextV1Decryption/PlainTextMap" time="0.000000"></testcase>
		<testcase classname="github.com/cisco-open/go-lanai/pkg/data/types/pqcrypt" name="TestPlainTextV1Decryption/PlainTextString" time="0.000000"></testcase>
		<testcase classname="github.com/cisco-open/go-lanai/pkg/data/types/pqcrypt" name="TestPlainTextV1Decryption/PlainTextSlice" time="0.000000"></testcase>
		<testcase classname="github.com/cisco-open/go-lanai/pkg/data/types/pqcrypt" name="TestPlainTextV1Decryption/PlainTextJsonNull" time="0.000000"></testcase>
		<testcase classname="github.com/cisco-open/go-lanai/pkg/data/types/pqcrypt" name="TestPlainTextV1Decryption/PlainTextNil" time="0.000000"></testcase>
		<testcase classname="github.com/cisco-open/go-lanai/pkg/data/types/pqcrypt" name="TestPlainTextV1Decryption" time="0.000000"></testcase>
		<testcase classname="github.com/cisco-open/go-lanai/pkg/data/types/pqcrypt" name="TestPlainTextFailedEncrypt/InvalidKeyID" time="0.000000"></testcase>
		<testcase classname="github.com/cisco-open/go-lanai/pkg/data/types/pqcrypt" name="TestPlainTextFailedEncrypt" time="0.000000"></testcase>
		<testcase classname="github.com/cisco-open/go-lanai/pkg/data/types/pqcrypt" name="TestPlainTextFailedDecrypt/InvalidVersion" time="0.000000"></testcase>
		<testcase classname="github.com/cisco-open/go-lanai/pkg/data/types/pqcrypt" name="TestPlainTextFailedDecrypt/V1UnsupportedAlg" time="0.000000"></testcase>
		<testcase classname="github.com/cisco-open/go-lanai/pkg/data/types/pqcrypt" name="TestPlainTextFailedDecrypt/V2UnsupportedAlg" time="0.000000"></testcase>
		<testcase classname="github.com/cisco-open/go-lanai/pkg/data/types/pqcrypt" name="TestPlainTextFailedDecrypt/AssignmentNonPointer" time="0.000000"></testcase>
		<testcase classname="github.com/cisco-open/go-lanai/pkg/data/types/pqcrypt" name="TestPlainTextFailedDecrypt/AssignmentTypeMismatch" time="0.000000"></testcase>
		<testcase classname="github.com/cisco-open/go-lanai/pkg/data/types/pqcrypt" name="TestPlainTextFailedDecrypt" time="0.000000"></testcase>
		<testcase classname="github.com/cisco-open/go-lanai/pkg/data/types/pqcrypt" name="TestVaultEncryptorWithRealVault/VaultMap" time="0.000000"></testcase>
		<testcase classname="github.com/cisco-open/go-lanai/pkg/data/types/pqcrypt" name="TestVaultEncryptorWithRealVault/VaultString" time="0.000000"></testcase>
		<testcase classname="github.com/cisco-open/go-lanai/pkg/data/types/pqcrypt" name="TestVaultEncryptorWithRealVault/VaultSlice" time="0.000000"></testcase>
		<testcase classname="github.com/cisco-open/go-lanai/pkg/data/types/pqcrypt" name="TestVaultEncryptorWithRealVault/VaultNil" time="0.000000"></testcase>
		<testcase classname="github.com/cisco-open/go-lanai/pkg/data/types/pqcrypt" name="TestVaultEncryptorWithRealVault/VaultCreateKeySuccess" time="0.000000"></testcase>
		<testcase classname="github.com/cisco-open/go-lanai/pkg/data/types/pqcrypt" name="TestVaultEncryptorWithRealVault/VaultCreateKeyFail" time="0.000000"></testcase>
		<testcase classname="github.com/cisco-open/go-lanai/pkg/data/types/pqcrypt" name="TestVaultEncryptorWithRealVault" time="0.030000"></testcase>
		<testcase classname="github.com/cisco-open/go-lanai/pkg/data/types/pqcrypt" name="TestVaultEncryptorWithMockedTransitEngine/VaultMap" time="0.000000"></testcase>
		<testcase classname="github.com/cisco-open/go-lanai/pkg/data/types/pqcrypt" name="TestVaultEncryptorWithMockedTransitEngine/VaultString" time="0.000000"></testcase>
		<testcase classname="github.com/cisco-open/go-lanai/pkg/data/types/pqcrypt" name="TestVaultEncryptorWithMockedTransitEngine/VaultSlice" time="0.000000"></testcase>
		<testcase classname="github.com/cisco-open/go-lanai/pkg/data/types/pqcrypt" name="TestVaultEncryptorWithMockedTransitEngine/VaultNil" time="0.000000"></testcase>
		<testcase classname="github.com/cisco-open/go-lanai/pkg/data/types/pqcrypt" name="TestVaultEncryptorWithMockedTransitEngine/VaultCreateKeySuccess" time="0.000000"></testcase>
		<testcase classname="github.com/cisco-open/go-lanai/pkg/data/types/pqcrypt" name="TestVaultEncryptorWithMockedTransitEngine/VaultCreateKeyFail" time="0.000000"></testcase>
		<testcase classname="github.com/cisco-open/go-lanai/pkg/data/types/pqcrypt" name="TestVaultEncryptorWithMockedTransitEngine" time="0.010000"></testcase>
		<testcase classname="github.com/cisco-open/go-lanai/pkg/data/types/pqcrypt" name="TestV1DecryptionWithMockedTransitEngine/PlainTextMap" time="0.000000"></testcase>
		<testcase classname="github.com/cisco-open/go-lanai/pkg/data/types/pqcrypt" name="TestV1DecryptionWithMockedTransitEngine/PlainTextString" time="0.000000"></testcase>
		<testcase classname="github.com/cisco-open/go-lanai/pkg/data/types/pqcrypt" name="TestV1DecryptionWithMockedTransitEngine/PlainTextSlice" time="0.000000"></testcase>
		<testcase classname="github.com/cisco-open/go-lanai/pkg/data/types/pqcrypt" name="TestV1DecryptionWithMockedTransitEngine/PlainTextNil" time="0.000000"></testcase>
		<testcase classname="github.com/cisco-open/go-lanai/pkg/data/types/pqcrypt" name="TestV1DecryptionWithMockedTransitEngine" time="0.000000"></testcase>
		<testcase classname="github.com/cisco-open/go-lanai/pkg/data/types/pqcrypt" name="TestVaultFailedEncrypt/EncryptWithoutKeyID" time="0.000000"></testcase>
		<testcase classname="github.com/cisco-open/go-lanai/pkg/data/types/pqcrypt" name="TestVaultFailedEncrypt/EncryptWithBadKeyID" time="0.000000"></testcase>
		<testcase classname="github.com/cisco-open/go-lanai/pkg/data/types/pqcrypt" name="TestVaultFailedEncrypt" time="0.000000"></testcase>
		<testcase classname="github.com/cisco-open/go-lanai/pkg/data/types/pqcrypt" name="TestVaultFailedDecrypt/InvalidVersion" time="0.000000"></testcase>
		<testcase classname="github.com/cisco-open/go-lanai/pkg/data/types/pqcrypt" name="TestVaultFailedDecrypt/V1UnsupportedAlg" time="0.000000"></testcase>
		<testcase classname="github.com/cisco-open/go-lanai/pkg/data/types/pqcrypt" name="TestVaultFailedDecrypt/V2UnsupportedAlg" time="0.000000"></testcase>
		<testcase classname="github.com/cisco-open/go-lanai/pkg/data/types/pqcrypt" name="TestVaultFailedDecrypt/DecryptWithoutKeyID" time="0.000000"></testcase>
		<testcase classname="github.com/cisco-open/go-lanai/pkg/data/types/pqcrypt" name="TestVaultFailedDecrypt/DecryptWithBadKeyID" time="0.000000"></testcase>
		<testcase classname="github.com/cisco-open/go-lanai/pkg/data/types/pqcrypt" name="TestVaultFailedDecrypt" time="0.000000"></testcase>
		<testcase classname="github.com/cisco-open/go-lanai/pkg/data/types/pqcrypt" name="TestCreateKey/CreateKeySuccess" time="0.000000"></testcase>
		<testcase classname="github.com/cisco-open/go-lanai/pkg/data/types/pqcrypt" name="TestCreateKey/CreateKeyFail" time="0.000000"></testcase>
		<testcase classname="github.com/cisco-open/go-lanai/pkg/data/types/pqcrypt" name="TestCreateKey" time="0.010000"></testcase>
		<testcase classname="github.com/cisco-open/go-lanai/pkg/data/types/pqcrypt" name="TestNoopCreateKey/CreateKeyWithValidKey" time="0.000000"></testcase>
		<testcase classname="github.com/cisco-open/go-lanai/pkg/data/types/pqcrypt" name="TestNoopCreateKey/CreateKeyWithInvalidKey" time="0.000000"></testcase>
		<testcase classname="github.com/cisco-open/go-lanai/pkg/data/types/pqcrypt" name="TestNoopCreateKey" time="0.010000"></testcase>
		<testcase classname="github.com/cisco-open/go-lanai/pkg/data/types/pqcrypt" name="TestEncryptedMapWithEncryptionEnabled/SuccessfulSqlScanWithV1PlainText" time="0.000000"></testcase>
		<testcase classname="github.com/cisco-open/go-lanai/pkg/data/types/pqcrypt" name="TestEncryptedMapWithEncryptionEnabled/SuccessfulSqlScanWithV2PlainText" time="0.000000"></testcase>
		<testcase classname="github.com/cisco-open/go-lanai/pkg/data/types/pqcrypt" name="TestEncryptedMapWithEncryptionEnabled/SuccessfulSqlScanWithV1MockedVault" time="0.000000"></testcase>
		<testcase classname="github.com/cisco-open/go-lanai/pkg/data/types/pqcrypt" name="TestEncryptedMapWithEncryptionEnabled/SuccessfulSqlScanWithV2MockedVault" time="0.000000"></testcase>
		<testcase classname="github.com/cisco-open/go-lanai/pkg/data/types/pqcrypt" name="TestEncryptedMapWithEncryptionEnabled/SuccessfulSqlValue" time="0.000000"></testcase>
		<testcase classname="github.com/cisco-open/go-lanai/pkg/data/types/pqcrypt" name="TestEncryptedMapWithEncryptionEnabled/FailedSqlScanWithV2PlainText" time="0.000000"></testcase>
		<testcase classname="github.com/cisco-open/go-lanai/pkg/data/types/pqcrypt" name="TestEncryptedMapWithEncryptionEnabled/FailedSqlScanWithV2MockedVault" time="0.000000"></testcase>
		<testcase classname="github.com/cisco-open/go-lanai/pkg/data/types/pqcrypt" name="TestEncryptedMapWithEncryptionEnabled/FailedSqlValueWithInvalidKeyIDAndAlg" time="0.000000"></testcase>
		<testcase classname="github.com/cisco-open/go-lanai/pkg/data/types/pqcrypt" name="TestEncryptedMapWithEncryptionEnabled" time="0.020000"></testcase>
		<testcase classname="github.com/cisco-open/go-lanai/pkg/data/types/pqcrypt" name="TestEncryptedMapWithEncryptionDisabled/SuccessfulSqlScanWithV1PlainText" time="0.000000"></testcase>
		<testcase classname="github.com/cisco-open/go-lanai/pkg/data/types/pqcrypt" name="TestEncryptedMapWithEncryptionDisabled/SuccessfulSqlScanWithV2PlainText" time="0.000000"></testcase>
		<testcase classname="github.com/cisco-open/go-lanai/pkg/data/types/pqcrypt" name="TestEncryptedMapWithEncryptionDisabled/SuccessfulSqlValue" time="0.000000"></testcase>
		<testcase classname="github.com/cisco-open/go-lanai/pkg/data/types/pqcrypt" name="TestEncryptedMapWithEncryptionDisabled/FailedSqlScanWithV1MockedVault" time="0.000000"></testcase>
		<testcase classname="github.com/cisco-open/go-lanai/pkg/data/types/pqcrypt" name="TestEncryptedMapWithEncryptionDisabled/FailedSqlScanWithV2MockedVault" time="0.000000"></testcase>
		<testcase classname="github.com/cisco-open/go-lanai/pkg/data/types/pqcrypt" name="TestEncryptedMapWithEncryptionDisabled/FailedSqlScanWithV2PlainText" time="0.000000"></testcase>
		<testcase classname="github.com/cisco-open/go-lanai/pkg/data/types/pqcrypt" name="TestEncryptedMapWithEncryptionDisabled/FailedSqlValueWithInvalidKeyIDAndAlg" time="0.000000"></testcase>
		<testcase classname="github.com/cisco-open/go-lanai/pkg/data/types/pqcrypt" name="TestEncryptedMapWithEncryptionDisabled" time="0.010000"></testcase>
	</testsuite>
	<testsuite tests="34" failures="0" time="0.202000" name="github.com/cisco-open/go-lanai/pkg/data/types/pqx" timestamp="2025-05-28T20:55:39Z">
		<properties>
			<property name="go.version" value="go1.24.3 linux/amd64"></property>
		</properties>
		<testcase classname="github.com/cisco-open/go-lanai/pkg/data/types/pqx" name="TestGormModel/CreateModelWithTenancy" time="0.000000"></testcase>
		<testcase classname="github.com/cisco-open/go-lanai/pkg/data/types/pqx" name="TestGormModel/UpdateModelWithTenancy" time="0.000000"></testcase>
		<testcase classname="github.com/cisco-open/go-lanai/pkg/data/types/pqx" name="TestGormModel/DeleteModelWithTenancy" time="0.000000"></testcase>
		<testcase classname="github.com/cisco-open/go-lanai/pkg/data/types/pqx" name="TestGormModel" time="0.010000"></testcase>
		<testcase classname="github.com/cisco-open/go-lanai/pkg/data/types/pqx" name="TestTenancyEnforcementCRDB/TestSkipTenancyCheck" time="0.000000"></testcase>
		<testcase classname="github.com/cisco-open/go-lanai/pkg/data/types/pqx" name="TestTenancyEnforcementCRDB/TestSaveLoadedModel" time="0.000000"></testcase>
		<testcase classname="github.com/cisco-open/go-lanai/pkg/data/types/pqx" name="TestTenancyEnforcementCRDB/TestSaveLoadedModelNoAccess" time="0.000000"></testcase>
		<testcase classname="github.com/cisco-open/go-lanai/pkg/data/types/pqx" name="TestTenancyEnforcementCRDB/TestSaveSynthesizedModel" time="0.000000"></testcase>
		<testcase classname="github.com/cisco-open/go-lanai/pkg/data/types/pqx" name="TestTenancyEnforcementCRDB/TestSaveSynthesizedModelNoAccess" time="0.000000"></testcase>
		<testcase classname="github.com/cisco-open/go-lanai/pkg/data/types/pqx" name="TestTenancyEnforcementCRDB/TestUpdates" time="0.010000"></testcase>
		<testcase classname="github.com/cisco-open/go-lanai/pkg/data/types/pqx" name="TestTenancyEnforcementCRDB/TestUpdatesNoAccess" time="0.000000"></testcase>
		<testcase classname="github.com/cisco-open/go-lanai/pkg/data/types/pqx" name="TestTenancyEnforcementCRDB/TestUpdatesInvalidTarget" time="0.000000"></testcase>
		<testcase classname="github.com/cisco-open/go-lanai/pkg/data/types/pqx" name="TestTenancyEnforcementCRDB/TestDeleteLoadedModel" time="0.010000"></testcase>
		<testcase classname="github.com/cisco-open/go-lanai/pkg/data/types/pqx" name="TestTenancyEnforcementCRDB/TestDeleteSynthesizedModel" time="0.000000"></testcase>
		<testcase classname="github.com/cisco-open/go-lanai/pkg/data/types/pqx" name="TestTenancyEnforcementCRDB/TestDeleteLoadedModelNoAccess" time="0.000000"></testcase>
		<testcase classname="github.com/cisco-open/go-lanai/pkg/data/types/pqx" name="TestTenancyEnforcementCRDB/TestDeleteSynthesizedModelNoAccess" time="0.000000"></testcase>
		<testcase classname="github.com/cisco-open/go-lanai/pkg/data/types/pqx" name="TestTenancyEnforcementCRDB/TestRWModeFiltering" time="0.000000"></testcase>
		<testcase classname="github.com/cisco-open/go-lanai/pkg/data/types/pqx" name="TestTenancyEnforcementCRDB/TestWithoutSecurity" time="0.010000"></testcase>
		<testcase classname="github.com/cisco-open/go-lanai/pkg/data/types/pqx" name="TestTenancyEnforcementCRDB" time="0.060000"></testcase>
		<testcase classname="github.com/cisco-open/go-lanai/pkg/data/types/pqx" name="TestTenancyEnforcementPostgres/TestSkipTenancyCheck" time="0.000000"></testcase>
		<testcase classname="github.com/cisco-open/go-lanai/pkg/data/types/pqx" name="TestTenancyEnforcementPostgres/TestSaveLoadedModel" time="0.000000"></testcase>
		<testcase classname="github.com/cisco-open/go-lanai/pkg/data/types/pqx" name="TestTenancyEnforcementPostgres/TestSaveLoadedModelNoAccess" time="0.000000"></testcase>
		<testcase classname="github.com/cisco-open/go-lanai/pkg/data/types/pqx" name="TestTenancyEnforcementPostgres/TestSaveSynthesizedModel" time="0.000000"></testcase>
		<testcase classname="github.com/cisco-open/go-lanai/pkg/data/types/pqx" name="TestTenancyEnforcementPostgres/TestSaveSynthesizedModelNoAccess" time="0.000000"></testcase>
		<testcase classname="github.com/cisco-open/go-lanai/pkg/data/types/pqx" name="TestTenancyEnforcementPostgres/TestUpdates" time="0.000000"></testcase>
		<testcase classname="github.com/cisco-open/go-lanai/pkg/data/types/pqx" name="TestTenancyEnforcementPostgres/TestUpdatesNoAccess" time="0.000000"></testcase>
		<testcase classname="github.com/cisco-open/go-lanai/pkg/data/types/pqx" name="TestTenancyEnforcementPostgres/TestUpdatesInvalidTarget" time="0.000000"></testcase>
		<testcase classname="github.com/cisco-open/go-lanai/pkg/data/types/pqx" name="TestTenancyEnforcementPostgres/TestDeleteLoadedModel" time="0.000000"></testcase>
		<testcase classname="github.com/cisco-open/go-lanai/pkg/data/types/pqx" name="TestTenancyEnforcementPostgres/TestDeleteSynthesizedModel" time="0.000000"></testcase>
		<testcase classname="github.com/cisco-open/go-lanai/pkg/data/types/pqx" name="TestTenancyEnforcementPostgres/TestDeleteLoadedModelNoAccess" time="0.000000"></testcase>
		<testcase classname="github.com/cisco-open/go-lanai/pkg/data/types/pqx" name="TestTenancyEnforcementPostgres/TestDeleteSynthesizedModelNoAccess" time="0.000000"></testcase>
		<testcase classname="github.com/cisco-open/go-lanai/pkg/data/types/pqx" name="TestTenancyEnforcementPostgres/TestRWModeFiltering" time="0.000000"></testcase>
		<testcase classname="github.com/cisco-open/go-lanai/pkg/data/types/pqx" name="TestTenancyEnforcementPostgres/TestWithoutSecurity" time="0.000000"></testcase>
		<testcase classname="github.com/cisco-open/go-lanai/pkg/data/types/pqx" name="TestTenancyEnforcementPostgres" time="0.050000"></testcase>
	</testsuite>
	<testsuite tests="3" failures="0" time="0.081000" name="github.com/cisco-open/go-lanai/pkg/discovery" timestamp="2025-05-28T20:55:39Z">
		<properties>
			<property name="go.version" value="go1.24.3 linux/amd64"></property>
		</properties>
		<testcase classname="github.com/cisco-open/go-lanai/pkg/discovery" name="TestCustomizers/BuildInfo" time="0.000000"></testcase>
		<testcase classname="github.com/cisco-open/go-lanai/pkg/discovery" name="TestCustomizers/PropertiesBased" time="0.000000"></testcase>
		<testcase classname="github.com/cisco-open/go-lanai/pkg/discovery" name="TestCustomizers" time="0.010000"></testcase>
	</testsuite>
	<testsuite tests="11" failures="0" time="0.204000" name="github.com/cisco-open/go-lanai/pkg/discovery/consulsd" timestamp="2025-05-28T20:55:39Z">
		<properties>
			<property name="go.version" value="go1.24.3 linux/amd64"></property>
		</properties>
		<testcase classname="github.com/cisco-open/go-lanai/pkg/discovery/consulsd" name="TestDiscoveryClient/TestInstancerManagement" time="0.010000"></testcase>
		<testcase classname="github.com/cisco-open/go-lanai/pkg/discovery/consulsd" name="TestDiscoveryClient/TestWithDefaultSelector" time="0.010000"></testcase>
		<testcase classname="github.com/cisco-open/go-lanai/pkg/discovery/consulsd" name="TestDiscoveryClient/TestWithSelectors" time="0.010000"></testcase>
		<testcase classname="github.com/cisco-open/go-lanai/pkg/discovery/consulsd" name="TestDiscoveryClient/TestWithServiceUpdates" time="0.060000"></testcase>
		<testcase classname="github.com/cisco-open/go-lanai/pkg/discovery/consulsd" name="TestDiscoveryClient" time="0.110000"></testcase>
		<testcase classname="github.com/cisco-open/go-lanai/pkg/discovery/consulsd" name="TestModuleInit/TestVerifyRegistration" time="0.000000"></testcase>
		<testcase classname="github.com/cisco-open/go-lanai/pkg/discovery/consulsd" name="TestModuleInit" time="0.010000"></testcase>
		<testcase classname="github.com/cisco-open/go-lanai/pkg/discovery/consulsd" name="TestRegistration/TestNewRegistration" time="0.000000"></testcase>
		<testcase classname="github.com/cisco-open/go-lanai/pkg/discovery/consulsd" name="TestRegistration/TestRegisterWithProperties" time="0.000000"></testcase>
		<testcase classname="github.com/cisco-open/go-lanai/pkg/discovery/consulsd" name="TestRegistration/TestRegisterWithCustomizers" time="0.000000"></testcase>
		<testcase classname="github.com/cisco-open/go-lanai/pkg/discovery/consulsd" name="TestRegistration" time="0.010000"></testcase>
	</testsuite>
	<testsuite tests="10" failures="0" time="0.368000" name="github.com/cisco-open/go-lanai/pkg/discovery/dnssd" timestamp="2025-05-28T20:55:39Z">
		<properties>
			<property name="go.version" value="go1.24.3 linux/amd64"></property>
		</properties>
		<testcase classname="github.com/cisco-open/go-lanai/pkg/discovery/dnssd" name="TestDiscoveryClient/TestInstancerManagement" time="0.000000"></testcase>
		<testcase classname="github.com/cisco-open/go-lanai/pkg/discovery/dnssd" name="TestDiscoveryClient/TestWithoutProto" time="0.000000"></testcase>
		<testcase classname="github.com/cisco-open/go-lanai/pkg/discovery/dnssd" name="TestDiscoveryClient/TestWithProtoAndService" time="0.000000"></testcase>
		<testcase classname="github.com/cisco-open/go-lanai/pkg/discovery/dnssd" name="TestDiscoveryClient/TestWithFallback" time="0.010000"></testcase>
		<testcase classname="github.com/cisco-open/go-lanai/pkg/discovery/dnssd" name="TestDiscoveryClient/TestWithServiceUpdates" time="0.050000"></testcase>
		<testcase classname="github.com/cisco-open/go-lanai/pkg/discovery/dnssd" name="TestDiscoveryClient" time="0.170000"></testcase>
		<testcase classname="github.com/cisco-open/go-lanai/pkg/discovery/dnssd" name="TestModuleInit/TestDiscoveryClientWithDNS" time="0.000000"></testcase>
		<testcase classname="github.com/cisco-open/go-lanai/pkg/discovery/dnssd" name="TestModuleInit/TestDiscoveryClientWithFallback" time="0.000000"></testcase>
		<testcase classname="github.com/cisco-open/go-lanai/pkg/discovery/dnssd" name="TestModuleInit/TestDiscoveryClientWithUnknownService" time="0.000000"></testcase>
		<testcase classname="github.com/cisco-open/go-lanai/pkg/discovery/dnssd" name="TestModuleInit" time="0.110000"></testcase>
	</testsuite>
	<testsuite tests="2" failures="0" time="0.326000" name="github.com/cisco-open/go-lanai/pkg/discovery/sd" timestamp="2025-05-28T20:55:39Z">
		<properties>
			<property name="go.version" value="go1.24.3 linux/amd64"></property>
		</properties>
		<testcase classname="github.com/cisco-open/go-lanai/pkg/discovery/sd" name="TestServiceCache/TestSetWithTTL" time="0.250000"></testcase>
		<testcase classname="github.com/cisco-open/go-lanai/pkg/discovery/sd" name="TestServiceCache" time="0.250000"></testcase>
	</testsuite>
	<testsuite tests="0" failures="0" time="0.005000" name="github.com/cisco-open/go-lanai/pkg/dsync" timestamp="2025-05-28T20:55:39Z">
		<properties>
			<property name="go.version" value="go1.24.3 linux/amd64"></property>
		</properties>
	</testsuite>
	<testsuite tests="9" failures="0" time="7.349000" name="github.com/cisco-open/go-lanai/pkg/dsync/consul" timestamp="2025-05-28T20:55:39Z">
		<properties>
			<property name="go.version" value="go1.24.3 linux/amd64"></property>
		</properties>
		<testcase classname="github.com/cisco-open/go-lanai/pkg/dsync/consul" name="TestConsulDSyncManager/TestTryLock" time="0.010000"></testcase>
		<testcase classname="github.com/cisco-open/go-lanai/pkg/dsync/consul" name="TestConsulDSyncManager/TestLockAndRelease" time="2.009000"></testcase>
		<testcase classname="github.com/cisco-open/go-lanai/pkg/dsync/consul" name="TestConsulDSyncManager/TestSessionRecovery" time="5.010000"></testcase>
		<testcase classname="github.com/cisco-open/go-lanai/pkg/dsync/consul" name="TestConsulDSyncManager/TestInvalidSession" time="0.100000"></testcase>
		<testcase classname="github.com/cisco-open/go-lanai/pkg/dsync/consul" name="TestConsulDSyncManager/TestCancelledContext" time="0.110000"></testcase>
		<testcase classname="github.com/cisco-open/go-lanai/pkg/dsync/consul" name="TestConsulDSyncManager" time="7.250000"></testcase>
		<testcase classname="github.com/cisco-open/go-lanai/pkg/dsync/consul" name="TestModuleInit/TestGettingLock" time="0.000000"></testcase>
		<testcase classname="github.com/cisco-open/go-lanai/pkg/dsync/consul" name="TestModuleInit/TestLeadershipLock" time="0.000000"></testcase>
		<testcase classname="github.com/cisco-open/go-lanai/pkg/dsync/consul" name="TestModuleInit" time="0.010000"></testcase>
	</testsuite>
	<testsuite tests="9" failures="0" time="1.065000" name="github.com/cisco-open/go-lanai/pkg/dsync/redis" timestamp="2025-05-28T20:55:39Z">
		<properties>
			<property name="go.version" value="go1.24.3 linux/amd64"></property>
		</properties>
		<testcase classname="github.com/cisco-open/go-lanai/pkg/dsync/redis" name="TestRedisDSyncManager/TestTryLock" time="0.000000"></testcase>
		<testcase classname="github.com/cisco-open/go-lanai/pkg/dsync/redis" name="TestRedisDSyncManager/TestLockAndRelease" time="0.210000"></testcase>
		<testcase classname="github.com/cisco-open/go-lanai/pkg/dsync/redis" name="TestRedisDSyncManager/TestRedisDownRecovery" time="0.350000"></testcase>
		<testcase classname="github.com/cisco-open/go-lanai/pkg/dsync/redis" name="TestRedisDSyncManager/TestRedisErrorRecovery" time="0.320000"></testcase>
		<testcase classname="github.com/cisco-open/go-lanai/pkg/dsync/redis" name="TestRedisDSyncManager/TestCancelledContext" time="0.100000"></testcase>
		<testcase classname="github.com/cisco-open/go-lanai/pkg/dsync/redis" name="TestRedisDSyncManager" time="0.990000"></testcase>
		<testcase classname="github.com/cisco-open/go-lanai/pkg/dsync/redis" name="TestModuleInit/TestGettingLock" time="0.000000"></testcase>
		<testcase classname="github.com/cisco-open/go-lanai/pkg/dsync/redis" name="TestModuleInit/TestLeadershipLock" time="0.000000"></testcase>
		<testcase classname="github.com/cisco-open/go-lanai/pkg/dsync/redis" name="TestModuleInit" time="0.010000"></testcase>
	</testsuite>
	<testsuite tests="19" failures="0" time="0.144000" name="github.com/cisco-open/go-lanai/pkg/integrate/httpclient" timestamp="2025-05-28T20:55:39Z">
		<properties>
			<property name="go.version" value="go1.24.3 linux/amd64"></property>
		</properties>
		<testcase classname="github.com/cisco-open/go-lanai/pkg/integrate/httpclient" name="TestWithMockedServer/TestWithFullInfoSD" time="0.000000"></testcase>
		<testcase classname="github.com/cisco-open/go-lanai/pkg/integrate/httpclient" name="TestWithMockedServer/TestWithPortOnlySD" time="0.000000"></testcase>
		<testcase classname="github.com/cisco-open/go-lanai/pkg/integrate/httpclient" name="TestWithMockedServer/TestWithNoInfoSD" time="0.000000"></testcase>
		<testcase classname="github.com/cisco-open/go-lanai/pkg/integrate/httpclient" name="TestWithMockedServer/TestWithSDNoResponseContent" time="0.000000"></testcase>
		<testcase classname="github.com/cisco-open/go-lanai/pkg/integrate/httpclient" name="TestWithMockedServer/TestWithBaseURL" time="0.000000"></testcase>
		<testcase classname="github.com/cisco-open/go-lanai/pkg/integrate/httpclient" name="TestWithMockedServer/TestWithBaseUrlFailure" time="0.000000"></testcase>
		<testcase classname="github.com/cisco-open/go-lanai/pkg/integrate/httpclient" name="TestWithMockedServer/TestWithSDFailure" time="0.000000"></testcase>
		<testcase classname="github.com/cisco-open/go-lanai/pkg/integrate/httpclient" name="TestWithMockedServer/TestWithErrorResponse" time="0.000000"></testcase>
		<testcase classname="github.com/cisco-open/go-lanai/pkg/integrate/httpclient" name="TestWithMockedServer/TestWithUnexpectedStatusCodeInErrorResponse" time="0.010000"></testcase>
		<testcase classname="github.com/cisco-open/go-lanai/pkg/integrate/httpclient" name="TestWithMockedServer/SubTestWithNoContentErrorResponse" time="0.000000"></testcase>
		<testcase classname="github.com/cisco-open/go-lanai/pkg/integrate/httpclient" name="TestWithMockedServer/TestWithFailedSD" time="0.000000"></testcase>
		<testcase classname="github.com/cisco-open/go-lanai/pkg/integrate/httpclient" name="TestWithMockedServer/TestWithRetry" time="0.040000"></testcase>
		<testcase classname="github.com/cisco-open/go-lanai/pkg/integrate/httpclient" name="TestWithMockedServer/TestWithTimeout" time="0.010000"></testcase>
		<testcase classname="github.com/cisco-open/go-lanai/pkg/integrate/httpclient" name="TestWithMockedServer/TestWithURLEncoded" time="0.000000"></testcase>
		<testcase classname="github.com/cisco-open/go-lanai/pkg/integrate/httpclient" name="TestWithMockedServer/TestWithAbsoluteUrl" time="0.000000"></testcase>
		<testcase classname="github.com/cisco-open/go-lanai/pkg/integrate/httpclient" name="TestWithMockedServer" time="0.080000"></testcase>
		<testcase classname="github.com/cisco-open/go-lanai/pkg/integrate/httpclient" name="TestHttpClientTracing/TestTraceWithExistingSpan" time="0.000000"></testcase>
		<testcase classname="github.com/cisco-open/go-lanai/pkg/integrate/httpclient" name="TestHttpClientTracing/TestTraceWithoutExistingSpan" time="0.000000"></testcase>
		<testcase classname="github.com/cisco-open/go-lanai/pkg/integrate/httpclient" name="TestHttpClientTracing" time="0.010000"></testcase>
	</testsuite>
	<testsuite tests="0" failures="0" time="0.004000" name="github.com/cisco-open/go-lanai/pkg/integrate/security" timestamp="2025-05-28T20:55:39Z">
		<properties>
			<property name="go.version" value="go1.24.3 linux/amd64"></property>
		</properties>
	</testsuite>
	<testsuite tests="30" failures="0" time="4.043000" name="github.com/cisco-open/go-lanai/pkg/integrate/security/scope" timestamp="2025-05-28T20:55:39Z">
		<properties>
			<property name="go.version" value="go1.24.3 linux/amd64"></property>
		</properties>
		<testcase classname="github.com/cisco-open/go-lanai/pkg/integrate/security/scope" name="TestCacheCorrectnessPositiveCases/CacheSuccessfulLoad" time="0.200000"></testcase>
		<testcase classname="github.com/cisco-open/go-lanai/pkg/integrate/security/scope" name="TestCacheCorrectnessPositiveCases/CacheFailedLoad" time="0.500000"></testcase>
		<testcase classname="github.com/cisco-open/go-lanai/pkg/integrate/security/scope" name="TestCacheCorrectnessPositiveCases/CacheOnDifferentKeys" time="0.300000"></testcase>
		<testcase classname="github.com/cisco-open/go-lanai/pkg/integrate/security/scope" name="TestCacheCorrectnessPositiveCases/CacheEvict" time="0.800000"></testcase>
		<testcase classname="github.com/cisco-open/go-lanai/pkg/integrate/security/scope" name="TestCacheCorrectnessPositiveCases" time="1.810000"></testcase>
		<testcase classname="github.com/cisco-open/go-lanai/pkg/integrate/security/scope" name="TestCacheConcurrency/CacheConcurrentSoapTest" time="1.950000"></testcase>
		<testcase classname="github.com/cisco-open/go-lanai/pkg/integrate/security/scope" name="TestCacheConcurrency" time="1.950000"></testcase>
		<testcase classname="github.com/cisco-open/go-lanai/pkg/integrate/security/scope" name="TestScopeManagerBasicBehavior/HookInvocation" time="0.000000"></testcase>
		<testcase classname="github.com/cisco-open/go-lanai/pkg/integrate/security/scope" name="TestScopeManagerBasicBehavior/SystemAccountLogin" time="0.000000"></testcase>
		<testcase classname="github.com/cisco-open/go-lanai/pkg/integrate/security/scope" name="TestScopeManagerBasicBehavior/SystemAccountWithTenant" time="0.000000"></testcase>
		<testcase classname="github.com/cisco-open/go-lanai/pkg/integrate/security/scope" name="TestScopeManagerBasicBehavior/SwitchUserUsingSysAcct" time="0.000000"></testcase>
		<testcase classname="github.com/cisco-open/go-lanai/pkg/integrate/security/scope" name="TestScopeManagerBasicBehavior/SwitchUserWithTenantUsingSysAcct" time="0.000000"></testcase>
		<testcase classname="github.com/cisco-open/go-lanai/pkg/integrate/security/scope" name="TestScopeManagerBasicBehavior/SwitchUser" time="0.000000"></testcase>
		<testcase classname="github.com/cisco-open/go-lanai/pkg/integrate/security/scope" name="TestScopeManagerBasicBehavior/SwitchUserWithTenant" time="0.000000"></testcase>
		<testcase classname="github.com/cisco-open/go-lanai/pkg/integrate/security/scope" name="TestScopeManagerBasicBehavior/SwitchTenant" time="0.000000"></testcase>
		<testcase classname="github.com/cisco-open/go-lanai/pkg/integrate/security/scope" name="TestScopeManagerBasicBehavior" time="0.010000"></testcase>
		<testcase classname="github.com/cisco-open/go-lanai/pkg/integrate/security/scope" name="TestScopeManagerWithAltSettings/BackoffOnError" time="0.200000"></testcase>
		<testcase classname="github.com/cisco-open/go-lanai/pkg/integrate/security/scope" name="TestScopeManagerWithAltSettings/ValidityNotGuaranteed" time="0.000000"></testcase>
		<testcase classname="github.com/cisco-open/go-lanai/pkg/integrate/security/scope" name="TestScopeManagerWithAltSettings/WithoutSysAcctConfig" time="0.000000"></testcase>
		<testcase classname="github.com/cisco-open/go-lanai/pkg/integrate/security/scope" name="TestScopeManagerWithAltSettings/WithoutCurrentAuth" time="0.000000"></testcase>
		<testcase classname="github.com/cisco-open/go-lanai/pkg/integrate/security/scope" name="TestScopeManagerWithAltSettings/InsufficientAccess" time="0.000000"></testcase>
		<testcase classname="github.com/cisco-open/go-lanai/pkg/integrate/security/scope" name="TestScopeManagerWithAltSettings/SwitchToSameUser" time="0.000000"></testcase>
		<testcase classname="github.com/cisco-open/go-lanai/pkg/integrate/security/scope" name="TestScopeManagerWithAltSettings/SwitchToSameTenant" time="0.000000"></testcase>
		<testcase classname="github.com/cisco-open/go-lanai/pkg/integrate/security/scope" name="TestScopeManagerWithAltSettings/RevokedToken" time="0.000000"></testcase>
		<testcase classname="github.com/cisco-open/go-lanai/pkg/integrate/security/scope" name="TestScopeManagerWithAltSettings" time="0.210000"></testcase>
		<testcase classname="github.com/cisco-open/go-lanai/pkg/integrate/security/scope" name="TestOverridingDefaultScopeManager/VerifyNoopScopeManager" time="0.000000"></testcase>
		<testcase classname="github.com/cisco-open/go-lanai/pkg/integrate/security/scope" name="TestOverridingDefaultScopeManager" time="0.000000"></testcase>
		<testcase classname="github.com/cisco-open/go-lanai/pkg/integrate/security/scope" name="TestHttpClientTracing/TestTraceWithExistingSpan" time="0.000000"></testcase>
		<testcase classname="github.com/cisco-open/go-lanai/pkg/integrate/security/scope" name="TestHttpClientTracing/TestTraceWithoutExistingSpan" time="0.000000"></testcase>
		<testcase classname="github.com/cisco-open/go-lanai/pkg/integrate/security/scope" name="TestHttpClientTracing" time="0.010000"></testcase>
	</testsuite>
	<testsuite tests="33" failures="0" time="0.076000" name="github.com/cisco-open/go-lanai/pkg/integrate/security/seclient" timestamp="2025-05-28T20:55:39Z">
		<properties>
			<property name="go.version" value="go1.24.3 linux/amd64"></property>
		</properties>
		<testcase classname="github.com/cisco-open/go-lanai/pkg/integrate/security/seclient" name="Test_remoteAuthClient_withClientAuth/Test_that_AuthOption_ID/Secret_have_higher_priority" time="0.000000"></testcase>
		<testcase classname="github.com/cisco-open/go-lanai/pkg/integrate/security/seclient" name="Test_remoteAuthClient_withClientAuth/Test_fallback" time="0.000000"></testcase>
		<testcase classname="github.com/cisco-open/go-lanai/pkg/integrate/security/seclient" name="Test_remoteAuthClient_withClientAuth" time="0.000000"></testcase>
		<testcase classname="github.com/cisco-open/go-lanai/pkg/integrate/security/seclient" name="TestWithNonEmptyURLValues/two_keys,_with_two_values" time="0.000000"></testcase>
		<testcase classname="github.com/cisco-open/go-lanai/pkg/integrate/security/seclient" name="TestWithNonEmptyURLValues/two_keys,_second_key_has_empty_values" time="0.000000"></testcase>
		<testcase classname="github.com/cisco-open/go-lanai/pkg/integrate/security/seclient" name="TestWithNonEmptyURLValues/two_keys,_both_have_empty_values" time="0.000000"></testcase>
		<testcase classname="github.com/cisco-open/go-lanai/pkg/integrate/security/seclient" name="TestWithNonEmptyURLValues/two_keys,_first_has_empty_values" time="0.000000"></testcase>
		<testcase classname="github.com/cisco-open/go-lanai/pkg/integrate/security/seclient" name="TestWithNonEmptyURLValues/two_keys,_first_has_empty_values,_but_using_urlValues" time="0.000000"></testcase>
		<testcase classname="github.com/cisco-open/go-lanai/pkg/integrate/security/seclient" name="TestWithNonEmptyURLValues/two_keys,_first_has_empty_values,_but_using_urlValues#01" time="0.000000"></testcase>
		<testcase classname="github.com/cisco-open/go-lanai/pkg/integrate/security/seclient" name="TestWithNonEmptyURLValues" time="0.000000"></testcase>
		<testcase classname="github.com/cisco-open/go-lanai/pkg/integrate/security/seclient" name="TestWithMockedServer/ClientCredentials/MinimumOptions" time="0.000000"></testcase>
		<testcase classname="github.com/cisco-open/go-lanai/pkg/integrate/security/seclient" name="TestWithMockedServer/ClientCredentials/MoreOptions" time="0.000000"></testcase>
		<testcase classname="github.com/cisco-open/go-lanai/pkg/integrate/security/seclient" name="TestWithMockedServer/ClientCredentials/Failure" time="0.000000"></testcase>
		<testcase classname="github.com/cisco-open/go-lanai/pkg/integrate/security/seclient" name="TestWithMockedServer/ClientCredentials" time="0.000000"></testcase>
		<testcase classname="github.com/cisco-open/go-lanai/pkg/integrate/security/seclient" name="TestWithMockedServer/PasswordLogin/MinimumOptions" time="0.000000"></testcase>
		<testcase classname="github.com/cisco-open/go-lanai/pkg/integrate/security/seclient" name="TestWithMockedServer/PasswordLogin/MoreOptions" time="0.000000"></testcase>
		<testcase classname="github.com/cisco-open/go-lanai/pkg/integrate/security/seclient" name="TestWithMockedServer/PasswordLogin/Failure" time="0.000000"></testcase>
		<testcase classname="github.com/cisco-open/go-lanai/pkg/integrate/security/seclient" name="TestWithMockedServer/PasswordLogin" time="0.000000"></testcase>
		<testcase classname="github.com/cisco-open/go-lanai/pkg/integrate/security/seclient" name="TestWithMockedServer/SwitchUser/WithUsername" time="0.000000"></testcase>
		<testcase classname="github.com/cisco-open/go-lanai/pkg/integrate/security/seclient" name="TestWithMockedServer/SwitchUser/WithUserID" time="0.000000"></testcase>
		<testcase classname="github.com/cisco-open/go-lanai/pkg/integrate/security/seclient" name="TestWithMockedServer/SwitchUser/WithUsernameAndID" time="0.000000"></testcase>
		<testcase classname="github.com/cisco-open/go-lanai/pkg/integrate/security/seclient" name="TestWithMockedServer/SwitchUser/WithMoreOptions" time="0.000000"></testcase>
		<testcase classname="github.com/cisco-open/go-lanai/pkg/integrate/security/seclient" name="TestWithMockedServer/SwitchUser/WithCurrentSecurity" time="0.000000"></testcase>
		<testcase classname="github.com/cisco-open/go-lanai/pkg/integrate/security/seclient" name="TestWithMockedServer/SwitchUser/Failure" time="0.000000"></testcase>
		<testcase classname="github.com/cisco-open/go-lanai/pkg/integrate/security/seclient" name="TestWithMockedServer/SwitchUser" time="0.000000"></testcase>
		<testcase classname="github.com/cisco-open/go-lanai/pkg/integrate/security/seclient" name="TestWithMockedServer/SwitchTenant/WithTenantID" time="0.000000"></testcase>
		<testcase classname="github.com/cisco-open/go-lanai/pkg/integrate/security/seclient" name="TestWithMockedServer/SwitchTenant/WithTenantName" time="0.000000"></testcase>
		<testcase classname="github.com/cisco-open/go-lanai/pkg/integrate/security/seclient" name="TestWithMockedServer/SwitchTenant/WithTenantIDAndName" time="0.000000"></testcase>
		<testcase classname="github.com/cisco-open/go-lanai/pkg/integrate/security/seclient" name="TestWithMockedServer/SwitchTenant/WithMoreOptions" time="0.000000"></testcase>
		<testcase classname="github.com/cisco-open/go-lanai/pkg/integrate/security/seclient" name="TestWithMockedServer/SwitchTenant/WithCurrentSecurity" time="0.000000"></testcase>
		<testcase classname="github.com/cisco-open/go-lanai/pkg/integrate/security/seclient" name="TestWithMockedServer/SwitchTenant/Failure" time="0.000000"></testcase>
		<testcase classname="github.com/cisco-open/go-lanai/pkg/integrate/security/seclient" name="TestWithMockedServer/SwitchTenant" time="0.000000"></testcase>
		<testcase classname="github.com/cisco-open/go-lanai/pkg/integrate/security/seclient" name="TestWithMockedServer" time="0.020000"></testcase>
	</testsuite>
	<testsuite tests="23" failures="0" time="5.248000" name="github.com/cisco-open/go-lanai/pkg/kafka" timestamp="2025-05-28T20:55:39Z">
		<properties>
			<property name="go.version" value="go1.24.3 linux/amd64"></property>
		</properties>
		<testcase classname="github.com/cisco-open/go-lanai/pkg/kafka" name="TestBinder/TestBindProducer" time="0.000000"></testcase>
		<testcase classname="github.com/cisco-open/go-lanai/pkg/kafka" name="TestBinder/TestBindProducerAddPartition" time="0.000000"></testcase>
		<testcase classname="github.com/cisco-open/go-lanai/pkg/kafka" name="TestBinder/TestBindSubscriber" time="0.000000"></testcase>
		<testcase classname="github.com/cisco-open/go-lanai/pkg/kafka" name="TestBinder/TestBindConsumer" time="0.000000"></testcase>
		<testcase classname="github.com/cisco-open/go-lanai/pkg/kafka" name="TestBinder/TestBinderHealth" time="0.000000"></testcase>
		<testcase classname="github.com/cisco-open/go-lanai/pkg/kafka" name="TestBinder/TestShutdown" time="0.000000"></testcase>
		<testcase classname="github.com/cisco-open/go-lanai/pkg/kafka" name="TestBinder" time="0.010000"></testcase>
		<testcase classname="github.com/cisco-open/go-lanai/pkg/kafka" name="TestConsumer/TestDispatch" time="4.310000"></testcase>
		<testcase classname="github.com/cisco-open/go-lanai/pkg/kafka" name="TestConsumer/DispatchWithErrorResult" time="0.000000"></testcase>
		<testcase classname="github.com/cisco-open/go-lanai/pkg/kafka" name="TestConsumer" time="4.320000"></testcase>
		<testcase classname="github.com/cisco-open/go-lanai/pkg/kafka" name="TestProducer/TestSendWithLocalAck" time="0.000000"></testcase>
		<testcase classname="github.com/cisco-open/go-lanai/pkg/kafka" name="TestProducer/TestSendWithoutAck" time="0.000000"></testcase>
		<testcase classname="github.com/cisco-open/go-lanai/pkg/kafka" name="TestProducer/TestSendWithAllAck" time="0.000000"></testcase>
		<testcase classname="github.com/cisco-open/go-lanai/pkg/kafka" name="TestProducer" time="0.020000"></testcase>
		<testcase classname="github.com/cisco-open/go-lanai/pkg/kafka" name="TestSubscriber/DispatchWithRawMessage" time="0.100000"></testcase>
		<testcase classname="github.com/cisco-open/go-lanai/pkg/kafka" name="TestSubscriber/DispatchWithMetadata" time="0.100000"></testcase>
		<testcase classname="github.com/cisco-open/go-lanai/pkg/kafka" name="TestSubscriber/DispatchWithHeaders" time="0.100000"></testcase>
		<testcase classname="github.com/cisco-open/go-lanai/pkg/kafka" name="TestSubscriber/DispatchWithErrorResult" time="0.310000"></testcase>
		<testcase classname="github.com/cisco-open/go-lanai/pkg/kafka" name="TestSubscriber" time="0.620000"></testcase>
		<testcase classname="github.com/cisco-open/go-lanai/pkg/kafka" name="TestKafkaTracing/TestProducerTracing" time="0.000000"></testcase>
		<testcase classname="github.com/cisco-open/go-lanai/pkg/kafka" name="TestKafkaTracing/TestSubscriberTracingWithExistingSpan" time="0.100000"></testcase>
		<testcase classname="github.com/cisco-open/go-lanai/pkg/kafka" name="TestKafkaTracing/TestSubscriberTracingWithoutExistingSpan" time="0.100000"></testcase>
		<testcase classname="github.com/cisco-open/go-lanai/pkg/kafka" name="TestKafkaTracing" time="0.210000"></testcase>
	</testsuite>
	<testsuite tests="33" failures="0" time="0.144000" name="github.com/cisco-open/go-lanai/pkg/log" timestamp="2025-05-28T20:55:39Z">
		<properties>
			<property name="go.version" value="go1.24.3 linux/amd64"></property>
		</properties>
		<testcase classname="github.com/cisco-open/go-lanai/pkg/log" name="TestWriterAdapter/DebugWithContext" time="0.000000"></testcase>
		<testcase classname="github.com/cisco-open/go-lanai/pkg/log" name="TestWriterAdapter/InfoWithContext" time="0.000000"></testcase>
		<testcase classname="github.com/cisco-open/go-lanai/pkg/log" name="TestWriterAdapter/WarnWithContext" time="0.000000"></testcase>
		<testcase classname="github.com/cisco-open/go-lanai/pkg/log" name="TestWriterAdapter/ErrorWithContext" time="0.000000"></testcase>
		<testcase classname="github.com/cisco-open/go-lanai/pkg/log" name="TestWriterAdapter" time="0.000000"></testcase>
		<testcase classname="github.com/cisco-open/go-lanai/pkg/log" name="TestZapLogger/DebugWithContext" time="0.000000"></testcase>
		<testcase classname="github.com/cisco-open/go-lanai/pkg/log" name="TestZapLogger/DebugWithoutContext" time="0.000000"></testcase>
		<testcase classname="github.com/cisco-open/go-lanai/pkg/log" name="TestZapLogger/InfoWithContext" time="0.000000"></testcase>
		<testcase classname="github.com/cisco-open/go-lanai/pkg/log" name="TestZapLogger/InfoWithoutContext" time="0.000000"></testcase>
		<testcase classname="github.com/cisco-open/go-lanai/pkg/log" name="TestZapLogger/WarnWithContext" time="0.000000"></testcase>
		<testcase classname="github.com/cisco-open/go-lanai/pkg/log" name="TestZapLogger/WarnWithoutContext" time="0.000000"></testcase>
		<testcase classname="github.com/cisco-open/go-lanai/pkg/log" name="TestZapLogger/ErrorWithContext" time="0.000000"></testcase>
		<testcase classname="github.com/cisco-open/go-lanai/pkg/log" name="TestZapLogger/ErrorWithoutContext" time="0.000000"></testcase>
		<testcase classname="github.com/cisco-open/go-lanai/pkg/log" name="TestZapLogger/WithCaller" time="0.000000"></testcase>
		<testcase classname="github.com/cisco-open/go-lanai/pkg/log" name="TestZapLogger/Concurrent" time="0.040000"></testcase>
		<testcase classname="github.com/cisco-open/go-lanai/pkg/log" name="TestZapLogger/TestRefresh" time="0.010000"></testcase>
		<testcase classname="github.com/cisco-open/go-lanai/pkg/log" name="TestZapLogger/AddContextValuers" time="0.000000"></testcase>
		<testcase classname="github.com/cisco-open/go-lanai/pkg/log" name="TestZapLogger/SetLevel" time="0.010000"></testcase>
		<testcase classname="github.com/cisco-open/go-lanai/pkg/log" name="TestZapLogger/IsTerminal" time="0.000000"></testcase>
		<testcase classname="github.com/cisco-open/go-lanai/pkg/log" name="TestZapLogger" time="0.080000"></testcase>
		<testcase classname="github.com/cisco-open/go-lanai/pkg/log" name="TestManageLogger/Levels" time="0.000000"></testcase>
		<testcase classname="github.com/cisco-open/go-lanai/pkg/log" name="TestManageLogger/SetLevel" time="0.000000"></testcase>
		<testcase classname="github.com/cisco-open/go-lanai/pkg/log" name="TestManageLogger" time="0.000000"></testcase>
		<testcase classname="github.com/cisco-open/go-lanai/pkg/log" name="TestDefaultLogger/DebugWithContext" time="0.000000"></testcase>
		<testcase classname="github.com/cisco-open/go-lanai/pkg/log" name="TestDefaultLogger/InfoWithContext" time="0.000000"></testcase>
		<testcase classname="github.com/cisco-open/go-lanai/pkg/log" name="TestDefaultLogger/WarnWithContext" time="0.000000"></testcase>
		<testcase classname="github.com/cisco-open/go-lanai/pkg/log" name="TestDefaultLogger/ErrorWithContext" time="0.000000"></testcase>
		<testcase classname="github.com/cisco-open/go-lanai/pkg/log" name="TestDefaultLogger" time="0.010000"></testcase>
		<testcase classname="github.com/cisco-open/go-lanai/pkg/log" name="TestUtilities/IsTerminal" time="0.000000"></testcase>
		<testcase classname="github.com/cisco-open/go-lanai/pkg/log" name="TestUtilities/Capped" time="0.000000"></testcase>
		<testcase classname="github.com/cisco-open/go-lanai/pkg/log" name="TestUtilities/Padding" time="0.000000"></testcase>
		<testcase classname="github.com/cisco-open/go-lanai/pkg/log" name="TestUtilities/DebugShowcase" time="0.000000"></testcase>
		<testcase classname="github.com/cisco-open/go-lanai/pkg/log" name="TestUtilities" time="0.000000"></testcase>
	</testsuite>
	<testsuite tests="4" failures="0" time="0.047000" name="github.com/cisco-open/go-lanai/pkg/log/internal" timestamp="2025-05-28T20:55:39Z">
		<properties>
			<property name="go.version" value="go1.24.3 linux/amd64"></property>
		</properties>
		<testcase classname="github.com/cisco-open/go-lanai/pkg/log/internal" name="TestZapFormattedEncoder/Clone" time="0.000000"></testcase>
		<testcase classname="github.com/cisco-open/go-lanai/pkg/log/internal" name="TestZapFormattedEncoder" time="0.000000"></testcase>
		<testcase classname="github.com/cisco-open/go-lanai/pkg/log/internal" name="TestSliceArrayEncoder/Append" time="0.000000"></testcase>
		<testcase classname="github.com/cisco-open/go-lanai/pkg/log/internal" name="TestSliceArrayEncoder" time="0.000000"></testcase>
	</testsuite>
	<testsuite tests="6" failures="0" time="0.068000" name="github.com/cisco-open/go-lanai/pkg/migration" timestamp="2025-05-28T20:55:39Z">
		<properties>
			<property name="go.version" value="go1.24.3 linux/amd64"></property>
		</properties>
		<testcase classname="github.com/cisco-open/go-lanai/pkg/migration" name="TestVersionComparison" time="0.000000"></testcase>
		<testcase classname="github.com/cisco-open/go-lanai/pkg/migration" name="TestMigrate/TestMigrateSuccess" time="0.000000"></testcase>
		<testcase classname="github.com/cisco-open/go-lanai/pkg/migration" name="TestMigrate/TestMigrateFailAndResume" time="0.000000"></testcase>
		<testcase classname="github.com/cisco-open/go-lanai/pkg/migration" name="TestMigrate" time="0.010000"></testcase>
		<testcase classname="github.com/cisco-open/go-lanai/pkg/migration" name="TestModuleInit/TestMigratorAutoRun" time="0.000000"></testcase>
		<testcase classname="github.com/cisco-open/go-lanai/pkg/migration" name="TestModuleInit" time="0.010000"></testcase>
	</testsuite>
	<testsuite tests="27" failures="0" time="0.169000" name="github.com/cisco-open/go-lanai/pkg/opa" timestamp="2025-05-28T20:55:39Z">
		<properties>
			<property name="go.version" value="go1.24.3 linux/amd64"></property>
		</properties>
		<testcase classname="github.com/cisco-open/go-lanai/pkg/opa" name="TestGenericAllow/TestGenericBaseline" time="0.000000"></testcase>
		<testcase classname="github.com/cisco-open/go-lanai/pkg/opa" name="TestGenericAllow/TestAllowGenericWithAuth" time="0.000000"></testcase>
		<testcase classname="github.com/cisco-open/go-lanai/pkg/opa" name="TestGenericAllow/TestAllowGenericWithoutAuth" time="0.000000"></testcase>
		<testcase classname="github.com/cisco-open/go-lanai/pkg/opa" name="TestGenericAllow/TestGenericInvalidInputCustomizer" time="0.000000"></testcase>
		<testcase classname="github.com/cisco-open/go-lanai/pkg/opa" name="TestGenericAllow" time="0.020000"></testcase>
		<testcase classname="github.com/cisco-open/go-lanai/pkg/opa" name="TestFilterResource/TestPartialBaseline" time="0.000000"></testcase>
		<testcase classname="github.com/cisco-open/go-lanai/pkg/opa" name="TestFilterResource/TestSuccessfulPartial" time="0.000000"></testcase>
		<testcase classname="github.com/cisco-open/go-lanai/pkg/opa" name="TestFilterResource/TestDeniedPartial" time="0.000000"></testcase>
		<testcase classname="github.com/cisco-open/go-lanai/pkg/opa" name="TestFilterResource/TestPartialWithoutPolicy" time="0.000000"></testcase>
		<testcase classname="github.com/cisco-open/go-lanai/pkg/opa" name="TestFilterResource/TestResourceInvalidInputCustomizer" time="0.000000"></testcase>
		<testcase classname="github.com/cisco-open/go-lanai/pkg/opa" name="TestFilterResource/TestPartialInvalidInputCustomizer" time="0.000000"></testcase>
		<testcase classname="github.com/cisco-open/go-lanai/pkg/opa" name="TestFilterResource" time="0.030000"></testcase>
		<testcase classname="github.com/cisco-open/go-lanai/pkg/opa" name="TestAllowRequest/TestRequestBaseline" time="0.000000"></testcase>
		<testcase classname="github.com/cisco-open/go-lanai/pkg/opa" name="TestAllowRequest/TestRequestWithPermission" time="0.000000"></testcase>
		<testcase classname="github.com/cisco-open/go-lanai/pkg/opa" name="TestAllowRequest/TestRequestWithoutPermission" time="0.000000"></testcase>
		<testcase classname="github.com/cisco-open/go-lanai/pkg/opa" name="TestAllowRequest/TestRequestWithoutPolicy" time="0.000000"></testcase>
		<testcase classname="github.com/cisco-open/go-lanai/pkg/opa" name="TestAllowRequest/TestRequestInvalidInputCustomizer" time="0.000000"></testcase>
		<testcase classname="github.com/cisco-open/go-lanai/pkg/opa" name="TestAllowRequest" time="0.030000"></testcase>
		<testcase classname="github.com/cisco-open/go-lanai/pkg/opa" name="TestAllowResource/TestResourceBaseline" time="0.000000"></testcase>
		<testcase classname="github.com/cisco-open/go-lanai/pkg/opa" name="TestAllowResource/TestMemberAdmin" time="0.000000"></testcase>
		<testcase classname="github.com/cisco-open/go-lanai/pkg/opa" name="TestAllowResource/TestMemberOwner" time="0.000000"></testcase>
		<testcase classname="github.com/cisco-open/go-lanai/pkg/opa" name="TestAllowResource/TestMemberNonOwner" time="0.000000"></testcase>
		<testcase classname="github.com/cisco-open/go-lanai/pkg/opa" name="TestAllowResource/TestNonMember" time="0.000000"></testcase>
		<testcase classname="github.com/cisco-open/go-lanai/pkg/opa" name="TestAllowResource/TestSharedUser" time="0.000000"></testcase>
		<testcase classname="github.com/cisco-open/go-lanai/pkg/opa" name="TestAllowResource/TestResourceWithoutPolicy" time="0.000000"></testcase>
		<testcase classname="github.com/cisco-open/go-lanai/pkg/opa" name="TestAllowResource/TestResourceInvalidInputCustomizer" time="0.000000"></testcase>
		<testcase classname="github.com/cisco-open/go-lanai/pkg/opa" name="TestAllowResource" time="0.030000"></testcase>
	</testsuite>
	<testsuite tests="4" failures="0" time="0.087000" name="github.com/cisco-open/go-lanai/pkg/opa/access" timestamp="2025-05-28T20:55:39Z">
		<properties>
			<property name="go.version" value="go1.24.3 linux/amd64"></property>
		</properties>
		<testcase classname="github.com/cisco-open/go-lanai/pkg/opa/access" name="TestWithMockedServer/TestGet" time="0.000000"></testcase>
		<testcase classname="github.com/cisco-open/go-lanai/pkg/opa/access" name="TestWithMockedServer/TestPost" time="0.000000"></testcase>
		<testcase classname="github.com/cisco-open/go-lanai/pkg/opa/access" name="TestWithMockedServer/TestDelete" time="0.000000"></testcase>
		<testcase classname="github.com/cisco-open/go-lanai/pkg/opa/access" name="TestWithMockedServer" time="0.030000"></testcase>
	</testsuite>
	<testsuite tests="10" failures="0" time="0.161000" name="github.com/cisco-open/go-lanai/pkg/opa/actuator" timestamp="2025-05-28T20:55:39Z">
		<properties>
			<property name="go.version" value="go1.24.3 linux/amd64"></property>
		</properties>
		<testcase classname="github.com/cisco-open/go-lanai/pkg/opa/actuator" name="TestEndpointSecurity/TestPublicAdminEndpoints" time="0.000000"></testcase>
		<testcase classname="github.com/cisco-open/go-lanai/pkg/opa/actuator" name="TestEndpointSecurity/TestProtectedAdminEndpoints" time="0.000000"></testcase>
		<testcase classname="github.com/cisco-open/go-lanai/pkg/opa/actuator" name="TestEndpointSecurity" time="0.040000"></testcase>
		<testcase classname="github.com/cisco-open/go-lanai/pkg/opa/actuator" name="TestHealthWithOPADisclosure/TestHealthWithDetails" time="0.000000"></testcase>
		<testcase classname="github.com/cisco-open/go-lanai/pkg/opa/actuator" name="TestHealthWithOPADisclosure/TestHealthWithoutDetails" time="0.000000"></testcase>
		<testcase classname="github.com/cisco-open/go-lanai/pkg/opa/actuator" name="TestHealthWithOPADisclosure/TestHealthWithoutAuth" time="0.000000"></testcase>
		<testcase classname="github.com/cisco-open/go-lanai/pkg/opa/actuator" name="TestHealthWithOPADisclosure/TestHealthDownWithDetails" time="0.000000"></testcase>
		<testcase classname="github.com/cisco-open/go-lanai/pkg/opa/actuator" name="TestHealthWithOPADisclosure/TestHealthDownWithoutDetails" time="0.000000"></testcase>
		<testcase classname="github.com/cisco-open/go-lanai/pkg/opa/actuator" name="TestHealthWithOPADisclosure/TestHealthIndicator" time="0.000000"></testcase>
		<testcase classname="github.com/cisco-open/go-lanai/pkg/opa/actuator" name="TestHealthWithOPADisclosure" time="0.040000"></testcase>
	</testsuite>
	<testsuite tests="25" failures="0" time="0.176000" name="github.com/cisco-open/go-lanai/pkg/opa/data" timestamp="2025-05-28T20:55:39Z">
		<properties>
			<property name="go.version" value="go1.24.3 linux/amd64"></property>
		</properties>
		<testcase classname="github.com/cisco-open/go-lanai/pkg/opa/data" name="TestMetadataLoader/TestResolveFromModel" time="0.000000"></testcase>
		<testcase classname="github.com/cisco-open/go-lanai/pkg/opa/data" name="TestMetadataLoader/TestFilterAsEmbedded" time="0.000000"></testcase>
		<testcase classname="github.com/cisco-open/go-lanai/pkg/opa/data" name="TestMetadataLoader/TestFilterAsField" time="0.000000"></testcase>
		<testcase classname="github.com/cisco-open/go-lanai/pkg/opa/data" name="TestMetadataLoader/TestEmbeddedStruct" time="0.000000"></testcase>
		<testcase classname="github.com/cisco-open/go-lanai/pkg/opa/data" name="TestMetadataLoader/TestRelationshipParsing" time="0.000000"></testcase>
		<testcase classname="github.com/cisco-open/go-lanai/pkg/opa/data" name="TestMetadataLoader/TestMissingOPATag" time="0.000000"></testcase>
		<testcase classname="github.com/cisco-open/go-lanai/pkg/opa/data" name="TestMetadataLoader/TestMissingFilterField" time="0.000000"></testcase>
		<testcase classname="github.com/cisco-open/go-lanai/pkg/opa/data" name="TestMetadataLoader/TestMissingResourceType" time="0.000000"></testcase>
		<testcase classname="github.com/cisco-open/go-lanai/pkg/opa/data" name="TestMetadataLoader/TestMissingFieldValue" time="0.000000"></testcase>
		<testcase classname="github.com/cisco-open/go-lanai/pkg/opa/data" name="TestMetadataLoader/TestInvalidTagKV" time="0.000000"></testcase>
		<testcase classname="github.com/cisco-open/go-lanai/pkg/opa/data" name="TestMetadataLoader/TestInvalidTagFormat" time="0.000000"></testcase>
		<testcase classname="github.com/cisco-open/go-lanai/pkg/opa/data" name="TestMetadataLoader/TestOPATagOnPrimaryKey" time="0.000000"></testcase>
		<testcase classname="github.com/cisco-open/go-lanai/pkg/opa/data" name="TestMetadataLoader/TestOPATagOnCompositePrimaryKey" time="0.000000"></testcase>
		<testcase classname="github.com/cisco-open/go-lanai/pkg/opa/data" name="TestMetadataLoader/TestFilterGormTagOnEmbedded" time="0.000000"></testcase>
		<testcase classname="github.com/cisco-open/go-lanai/pkg/opa/data" name="TestMetadataLoader" time="0.020000"></testcase>
		<testcase classname="github.com/cisco-open/go-lanai/pkg/opa/data" name="TestResourceResolver/TestResolveResource" time="0.000000"></testcase>
		<testcase classname="github.com/cisco-open/go-lanai/pkg/opa/data" name="TestResourceResolver/TestResolveInvalidModel" time="0.000000"></testcase>
		<testcase classname="github.com/cisco-open/go-lanai/pkg/opa/data" name="TestResourceResolver/TestInvalidGenerics" time="0.000000"></testcase>
		<testcase classname="github.com/cisco-open/go-lanai/pkg/opa/data" name="TestResourceResolver" time="0.020000"></testcase>
		<testcase classname="github.com/cisco-open/go-lanai/pkg/opa/data" name="TestGormDestResolver/TestModelCreate" time="0.000000"></testcase>
		<testcase classname="github.com/cisco-open/go-lanai/pkg/opa/data" name="TestGormDestResolver/TestModelGet" time="0.000000"></testcase>
		<testcase classname="github.com/cisco-open/go-lanai/pkg/opa/data" name="TestGormDestResolver/TestModelUpdate" time="0.000000"></testcase>
		<testcase classname="github.com/cisco-open/go-lanai/pkg/opa/data" name="TestGormDestResolver/TestModelDelete" time="0.000000"></testcase>
		<testcase classname="github.com/cisco-open/go-lanai/pkg/opa/data" name="TestGormDestResolver/TestModelSave" time="0.000000"></testcase>
		<testcase classname="github.com/cisco-open/go-lanai/pkg/opa/data" name="TestGormDestResolver" time="0.010000"></testcase>
	</testsuite>
	<testsuite tests="0" failures="0" time="0.008000" name="github.com/cisco-open/go-lanai/pkg/opa/data/constraints" timestamp="2025-05-28T20:55:39Z">
		<properties>
			<property name="go.version" value="go1.24.3 linux/amd64"></property>
		</properties>
	</testsuite>
	<testsuite tests="64" failures="0" time="1.435000" name="github.com/cisco-open/go-lanai/pkg/opa/data/filter_tests" timestamp="2025-05-28T20:55:39Z">
		<properties>
			<property name="go.version" value="go1.24.3 linux/amd64"></property>
		</properties>
		<testcase classname="github.com/cisco-open/go-lanai/pkg/opa/data/filter_tests" name="TestOPAFilterWithCustomConfigPostgresql/TestModelCreate" time="0.010000"></testcase>
		<testcase classname="github.com/cisco-open/go-lanai/pkg/opa/data/filter_tests" name="TestOPAFilterWithCustomConfigPostgresql/TestModelList" time="0.010000"></testcase>
		<testcase classname="github.com/cisco-open/go-lanai/pkg/opa/data/filter_tests" name="TestOPAFilterWithCustomConfigPostgresql/TestModelGet" time="0.010000"></testcase>
		<testcase classname="github.com/cisco-open/go-lanai/pkg/opa/data/filter_tests" name="TestOPAFilterWithCustomConfigPostgresql/TestModelUpdate" time="0.010000"></testcase>
		<testcase classname="github.com/cisco-open/go-lanai/pkg/opa/data/filter_tests" name="TestOPAFilterWithCustomConfigPostgresql/TestModelDelete" time="0.010000"></testcase>
		<testcase classname="github.com/cisco-open/go-lanai/pkg/opa/data/filter_tests" name="TestOPAFilterWithCustomConfigPostgresql/TestModelSave" time="0.010000"></testcase>
		<testcase classname="github.com/cisco-open/go-lanai/pkg/opa/data/filter_tests" name="TestOPAFilterWithCustomConfigPostgresql" time="0.100000"></testcase>
		<testcase classname="github.com/cisco-open/go-lanai/pkg/opa/data/filter_tests" name="TestOPAFilterWithCustomConfig/TestModelCreate" time="0.010000"></testcase>
		<testcase classname="github.com/cisco-open/go-lanai/pkg/opa/data/filter_tests" name="TestOPAFilterWithCustomConfig/TestModelList" time="0.010000"></testcase>
		<testcase classname="github.com/cisco-open/go-lanai/pkg/opa/data/filter_tests" name="TestOPAFilterWithCustomConfig/TestModelGet" time="0.010000"></testcase>
		<testcase classname="github.com/cisco-open/go-lanai/pkg/opa/data/filter_tests" name="TestOPAFilterWithCustomConfig/TestModelUpdate" time="0.010000"></testcase>
		<testcase classname="github.com/cisco-open/go-lanai/pkg/opa/data/filter_tests" name="TestOPAFilterWithCustomConfig/TestModelDelete" time="0.010000"></testcase>
		<testcase classname="github.com/cisco-open/go-lanai/pkg/opa/data/filter_tests" name="TestOPAFilterWithCustomConfig/TestModelSave" time="0.010000"></testcase>
		<testcase classname="github.com/cisco-open/go-lanai/pkg/opa/data/filter_tests" name="TestOPAFilterWithCustomConfig" time="0.090000"></testcase>
		<testcase classname="github.com/cisco-open/go-lanai/pkg/opa/data/filter_tests" name="TestOPAFilterWithAllFieldsPostgresql/TestModelCreate" time="0.010000"></testcase>
		<testcase classname="github.com/cisco-open/go-lanai/pkg/opa/data/filter_tests" name="TestOPAFilterWithAllFieldsPostgresql/TestModelCreateByMap" time="0.010000"></testcase>
		<testcase classname="github.com/cisco-open/go-lanai/pkg/opa/data/filter_tests" name="TestOPAFilterWithAllFieldsPostgresql/TestModelList" time="0.010000"></testcase>
		<testcase classname="github.com/cisco-open/go-lanai/pkg/opa/data/filter_tests" name="TestOPAFilterWithAllFieldsPostgresql/TestModelGet" time="0.010000"></testcase>
		<testcase classname="github.com/cisco-open/go-lanai/pkg/opa/data/filter_tests" name="TestOPAFilterWithAllFieldsPostgresql/TestModelUpdate" time="0.010000"></testcase>
		<testcase classname="github.com/cisco-open/go-lanai/pkg/opa/data/filter_tests" name="TestOPAFilterWithAllFieldsPostgresql/TestModelUpdateWithDelta" time="0.010000"></testcase>
		<testcase classname="github.com/cisco-open/go-lanai/pkg/opa/data/filter_tests" name="TestOPAFilterWithAllFieldsPostgresql/TestModelDelete" time="0.010000"></testcase>
		<testcase classname="github.com/cisco-open/go-lanai/pkg/opa/data/filter_tests" name="TestOPAFilterWithAllFieldsPostgresql/TestModelSave" time="0.060000"></testcase>
		<testcase classname="github.com/cisco-open/go-lanai/pkg/opa/data/filter_tests" name="TestOPAFilterWithAllFieldsPostgresql" time="0.190000"></testcase>
		<testcase classname="github.com/cisco-open/go-lanai/pkg/opa/data/filter_tests" name="TestOPAFilterWithAllFields/TestModelCreate" time="0.010000"></testcase>
		<testcase classname="github.com/cisco-open/go-lanai/pkg/opa/data/filter_tests" name="TestOPAFilterWithAllFields/TestModelCreateByMap" time="0.010000"></testcase>
		<testcase classname="github.com/cisco-open/go-lanai/pkg/opa/data/filter_tests" name="TestOPAFilterWithAllFields/TestModelList" time="0.020000"></testcase>
		<testcase classname="github.com/cisco-open/go-lanai/pkg/opa/data/filter_tests" name="TestOPAFilterWithAllFields/TestModelGet" time="0.020000"></testcase>
		<testcase classname="github.com/cisco-open/go-lanai/pkg/opa/data/filter_tests" name="TestOPAFilterWithAllFields/TestModelUpdate" time="0.010000"></testcase>
		<testcase classname="github.com/cisco-open/go-lanai/pkg/opa/data/filter_tests" name="TestOPAFilterWithAllFields/TestModelUpdateWithDelta" time="0.020000"></testcase>
		<testcase classname="github.com/cisco-open/go-lanai/pkg/opa/data/filter_tests" name="TestOPAFilterWithAllFields/TestModelDelete" time="0.020000"></testcase>
		<testcase classname="github.com/cisco-open/go-lanai/pkg/opa/data/filter_tests" name="TestOPAFilterWithAllFields/TestModelSave" time="0.040000"></testcase>
		<testcase classname="github.com/cisco-open/go-lanai/pkg/opa/data/filter_tests" name="TestOPAFilterWithAllFields" time="0.200000"></testcase>
		<testcase classname="github.com/cisco-open/go-lanai/pkg/opa/data/filter_tests" name="TestOPAFilterWithOwnershipPostgresql/TestModelBCreate" time="0.010000"></testcase>
		<testcase classname="github.com/cisco-open/go-lanai/pkg/opa/data/filter_tests" name="TestOPAFilterWithOwnershipPostgresql/TestModelBCreateByMap" time="0.010000"></testcase>
		<testcase classname="github.com/cisco-open/go-lanai/pkg/opa/data/filter_tests" name="TestOPAFilterWithOwnershipPostgresql/TestModelBList" time="0.010000"></testcase>
		<testcase classname="github.com/cisco-open/go-lanai/pkg/opa/data/filter_tests" name="TestOPAFilterWithOwnershipPostgresql/TestModelBUpdate" time="0.020000"></testcase>
		<testcase classname="github.com/cisco-open/go-lanai/pkg/opa/data/filter_tests" name="TestOPAFilterWithOwnershipPostgresql/TestModelBDelete" time="0.010000"></testcase>
		<testcase classname="github.com/cisco-open/go-lanai/pkg/opa/data/filter_tests" name="TestOPAFilterWithOwnershipPostgresql/TestModelBUpdateOwner" time="0.040000"></testcase>
		<testcase classname="github.com/cisco-open/go-lanai/pkg/opa/data/filter_tests" name="TestOPAFilterWithOwnershipPostgresql/TestModelBUpdateSharing" time="0.030000"></testcase>
		<testcase classname="github.com/cisco-open/go-lanai/pkg/opa/data/filter_tests" name="TestOPAFilterWithOwnershipPostgresql" time="0.200000"></testcase>
		<testcase classname="github.com/cisco-open/go-lanai/pkg/opa/data/filter_tests" name="TestOPAFilterWithOwnership/TestModelBCreate" time="0.010000"></testcase>
		<testcase classname="github.com/cisco-open/go-lanai/pkg/opa/data/filter_tests" name="TestOPAFilterWithOwnership/TestModelBCreateByMap" time="0.000000"></testcase>
		<testcase classname="github.com/cisco-open/go-lanai/pkg/opa/data/filter_tests" name="TestOPAFilterWithOwnership/TestModelBList" time="0.020000"></testcase>
		<testcase classname="github.com/cisco-open/go-lanai/pkg/opa/data/filter_tests" name="TestOPAFilterWithOwnership/TestModelBUpdate" time="0.010000"></testcase>
		<testcase classname="github.com/cisco-open/go-lanai/pkg/opa/data/filter_tests" name="TestOPAFilterWithOwnership/TestModelBDelete" time="0.020000"></testcase>
		<testcase classname="github.com/cisco-open/go-lanai/pkg/opa/data/filter_tests" name="TestOPAFilterWithOwnership/TestModelBUpdateOwner" time="0.020000"></testcase>
		<testcase classname="github.com/cisco-open/go-lanai/pkg/opa/data/filter_tests" name="TestOPAFilterWithOwnership/TestModelBUpdateSharing" time="0.020000"></testcase>
		<testcase classname="github.com/cisco-open/go-lanai/pkg/opa/data/filter_tests" name="TestOPAFilterWithOwnership" time="0.150000"></testcase>
		<testcase classname="github.com/cisco-open/go-lanai/pkg/opa/data/filter_tests" name="TestOPAFilterOnRelationsPostgresql/TestModelNewRelations" time="0.020000"></testcase>
		<testcase classname="github.com/cisco-open/go-lanai/pkg/opa/data/filter_tests" name="TestOPAFilterOnRelationsPostgresql/TestModelNewForeignRelations" time="0.050000"></testcase>
		<testcase classname="github.com/cisco-open/go-lanai/pkg/opa/data/filter_tests" name="TestOPAFilterOnRelationsPostgresql/TestModelListByPreload" time="0.020000"></testcase>
		<testcase classname="github.com/cisco-open/go-lanai/pkg/opa/data/filter_tests" name="TestOPAFilterOnRelationsPostgresql/TestModelListWithPreload" time="0.020000"></testcase>
		<testcase classname="github.com/cisco-open/go-lanai/pkg/opa/data/filter_tests" name="TestOPAFilterOnRelationsPostgresql/TestModelListByRef" time="0.020000"></testcase>
		<testcase classname="github.com/cisco-open/go-lanai/pkg/opa/data/filter_tests" name="TestOPAFilterOnRelationsPostgresql/TestModelRemoveRelations" time="0.020000"></testcase>
		<testcase classname="github.com/cisco-open/go-lanai/pkg/opa/data/filter_tests" name="TestOPAFilterOnRelationsPostgresql/TestModelRemoveForeignRelations" time="0.010000"></testcase>
		<testcase classname="github.com/cisco-open/go-lanai/pkg/opa/data/filter_tests" name="TestOPAFilterOnRelationsPostgresql" time="0.210000"></testcase>
		<testcase classname="github.com/cisco-open/go-lanai/pkg/opa/data/filter_tests" name="TestOPAFilterOnRelations/TestModelNewRelations" time="0.030000"></testcase>
		<testcase classname="github.com/cisco-open/go-lanai/pkg/opa/data/filter_tests" name="TestOPAFilterOnRelations/TestModelNewForeignRelations" time="0.040000"></testcase>
		<testcase classname="github.com/cisco-open/go-lanai/pkg/opa/data/filter_tests" name="TestOPAFilterOnRelations/TestModelListByPreload" time="0.020000"></testcase>
		<testcase classname="github.com/cisco-open/go-lanai/pkg/opa/data/filter_tests" name="TestOPAFilterOnRelations/TestModelListWithPreload" time="0.010000"></testcase>
		<testcase classname="github.com/cisco-open/go-lanai/pkg/opa/data/filter_tests" name="TestOPAFilterOnRelations/TestModelListByRef" time="0.010000"></testcase>
		<testcase classname="github.com/cisco-open/go-lanai/pkg/opa/data/filter_tests" name="TestOPAFilterOnRelations/TestModelRemoveRelations" time="0.020000"></testcase>
		<testcase classname="github.com/cisco-open/go-lanai/pkg/opa/data/filter_tests" name="TestOPAFilterOnRelations/TestModelRemoveForeignRelations" time="0.010000"></testcase>
		<testcase classname="github.com/cisco-open/go-lanai/pkg/opa/data/filter_tests" name="TestOPAFilterOnRelations" time="0.220000"></testcase>
	</testsuite>
	<testsuite tests="0" failures="0" time="0.005000" name="github.com/cisco-open/go-lanai/pkg/opa/init" timestamp="2025-05-28T20:55:39Z">
		<properties>
			<property name="go.version" value="go1.24.3 linux/amd64"></property>
		</properties>
	</testsuite>
	<testsuite tests="0" failures="0" time="0.004000" name="github.com/cisco-open/go-lanai/pkg/opa/input" timestamp="2025-05-28T20:55:39Z">
		<properties>
			<property name="go.version" value="go1.24.3 linux/amd64"></property>
		</properties>
	</testsuite>
	<testsuite tests="20" failures="0" time="0.168000" name="github.com/cisco-open/go-lanai/pkg/opa/regoexpr" timestamp="2025-05-28T20:55:39Z">
		<properties>
			<property name="go.version" value="go1.24.3 linux/amd64"></property>
		</properties>
		<testcase classname="github.com/cisco-open/go-lanai/pkg/opa/regoexpr" name="TestParseQueries/TestEqual" time="0.000000"></testcase>
		<testcase classname="github.com/cisco-open/go-lanai/pkg/opa/regoexpr" name="TestParseQueries/TestNotEqual" time="0.000000"></testcase>
		<testcase classname="github.com/cisco-open/go-lanai/pkg/opa/regoexpr" name="TestParseQueries/TestNegate" time="0.000000"></testcase>
		<testcase classname="github.com/cisco-open/go-lanai/pkg/opa/regoexpr" name="TestParseQueries/TestComparison" time="0.000000"></testcase>
		<testcase classname="github.com/cisco-open/go-lanai/pkg/opa/regoexpr" name="TestParseQueries/TestContains" time="0.000000"></testcase>
		<testcase classname="github.com/cisco-open/go-lanai/pkg/opa/regoexpr" name="TestParseQueries/TestAnd" time="0.010000"></testcase>
		<testcase classname="github.com/cisco-open/go-lanai/pkg/opa/regoexpr" name="TestParseQueries/TestMultiQueries" time="0.000000"></testcase>
		<testcase classname="github.com/cisco-open/go-lanai/pkg/opa/regoexpr" name="TestParseQueries/TestAccessDenied" time="0.000000"></testcase>
		<testcase classname="github.com/cisco-open/go-lanai/pkg/opa/regoexpr" name="TestParseQueries/TestAccessGranted" time="0.000000"></testcase>
		<testcase classname="github.com/cisco-open/go-lanai/pkg/opa/regoexpr" name="TestParseQueries" time="0.020000"></testcase>
		<testcase classname="github.com/cisco-open/go-lanai/pkg/opa/regoexpr" name="TestNormalizeQueries/TestDuplicateQueries" time="0.000000"></testcase>
		<testcase classname="github.com/cisco-open/go-lanai/pkg/opa/regoexpr" name="TestNormalizeQueries/TestDuplicateExprs" time="0.000000"></testcase>
		<testcase classname="github.com/cisco-open/go-lanai/pkg/opa/regoexpr" name="TestNormalizeQueries/TestMultiValuesOnUnknown" time="0.000000"></testcase>
		<testcase classname="github.com/cisco-open/go-lanai/pkg/opa/regoexpr" name="TestNormalizeQueries/TestEqualAndNotEqual" time="0.000000"></testcase>
		<testcase classname="github.com/cisco-open/go-lanai/pkg/opa/regoexpr" name="TestNormalizeQueries" time="0.020000"></testcase>
		<testcase classname="github.com/cisco-open/go-lanai/pkg/opa/regoexpr" name="TestErrorHandling/TestInternalFunctions" time="0.000000"></testcase>
		<testcase classname="github.com/cisco-open/go-lanai/pkg/opa/regoexpr" name="TestErrorHandling/TestSingleTermOperation" time="0.000000"></testcase>
		<testcase classname="github.com/cisco-open/go-lanai/pkg/opa/regoexpr" name="TestErrorHandling/TestNonThreeTermOperation" time="0.000000"></testcase>
		<testcase classname="github.com/cisco-open/go-lanai/pkg/opa/regoexpr" name="TestErrorHandling/TestUnresolvableValue" time="0.000000"></testcase>
		<testcase classname="github.com/cisco-open/go-lanai/pkg/opa/regoexpr" name="TestErrorHandling" time="0.010000"></testcase>
	</testsuite>
	<testsuite tests="0" failures="0" time="0.011000" name="github.com/cisco-open/go-lanai/pkg/opa/test" timestamp="2025-05-28T20:55:39Z">
		<properties>
			<property name="go.version" value="go1.24.3 linux/amd64"></property>
		</properties>
	</testsuite>
	<testsuite tests="0" failures="0" time="0.008000" name="github.com/cisco-open/go-lanai/pkg/opa/test/server" timestamp="2025-05-28T20:55:39Z">
		<properties>
			<property name="go.version" value="go1.24.3 linux/amd64"></property>
		</properties>
	</testsuite>
	<testsuite tests="23" failures="0" time="0.186000" name="github.com/cisco-open/go-lanai/pkg/opensearch" timestamp="2025-05-28T20:55:39Z">
		<properties>
			<property name="go.version" value="go1.24.3 linux/amd64"></property>
		</properties>
		<testcase classname="github.com/cisco-open/go-lanai/pkg/opensearch" name="TestOpenClientImpl_AddBeforeHook/test_that_beforeHook_grows_by_1" time="0.000000"></testcase>
		<testcase classname="github.com/cisco-open/go-lanai/pkg/opensearch" name="TestOpenClientImpl_AddBeforeHook" time="0.000000"></testcase>
		<testcase classname="github.com/cisco-open/go-lanai/pkg/opensearch" name="TestOpenClientImpl_RemoveBeforeHook/remove_specific_hook" time="0.000000"></testcase>
		<testcase classname="github.com/cisco-open/go-lanai/pkg/opensearch" name="TestOpenClientImpl_RemoveBeforeHook/shouldn&#39;t_remove_any_hook" time="0.000000"></testcase>
		<testcase classname="github.com/cisco-open/go-lanai/pkg/opensearch" name="TestOpenClientImpl_RemoveBeforeHook/removes_hook_skeleton" time="0.000000"></testcase>
		<testcase classname="github.com/cisco-open/go-lanai/pkg/opensearch" name="TestOpenClientImpl_RemoveBeforeHook/should_not_remove_hook_skeleton" time="0.000000"></testcase>
		<testcase classname="github.com/cisco-open/go-lanai/pkg/opensearch" name="TestOpenClientImpl_RemoveBeforeHook" time="0.000000"></testcase>
		<testcase classname="github.com/cisco-open/go-lanai/pkg/opensearch" name="TestOpenSearch/SubTestRecording" time="0.000000"></testcase>
		<testcase classname="github.com/cisco-open/go-lanai/pkg/opensearch" name="TestOpenSearch/SubTestSearchTemplate/Simple_Template_Query" time="0.000000"></testcase>
		<testcase classname="github.com/cisco-open/go-lanai/pkg/opensearch" name="TestOpenSearch/SubTestSearchTemplate" time="0.000000"></testcase>
		<testcase classname="github.com/cisco-open/go-lanai/pkg/opensearch" name="TestOpenSearch/SubTestHooks/Test_Before_hook_gets_called_before_the_After_hook,_and_shares_context" time="0.000000"></testcase>
		<testcase classname="github.com/cisco-open/go-lanai/pkg/opensearch" name="TestOpenSearch/SubTestHooks/Test_After_hook_can_detect_error_and_manipulate_response" time="0.000000"></testcase>
		<testcase classname="github.com/cisco-open/go-lanai/pkg/opensearch" name="TestOpenSearch/SubTestHooks/Test_adding_an_option_to_change_to_an_empty_index_to_cause_read_failure" time="0.000000"></testcase>
		<testcase classname="github.com/cisco-open/go-lanai/pkg/opensearch" name="TestOpenSearch/SubTestHooks" time="0.000000"></testcase>
		<testcase classname="github.com/cisco-open/go-lanai/pkg/opensearch" name="TestOpenSearch/SubTestTracer/Test_normal_trace" time="0.000000"></testcase>
		<testcase classname="github.com/cisco-open/go-lanai/pkg/opensearch" name="TestOpenSearch/SubTestTracer/Test_error_in_query" time="0.000000"></testcase>
		<testcase classname="github.com/cisco-open/go-lanai/pkg/opensearch" name="TestOpenSearch/SubTestTracer" time="0.000000"></testcase>
		<testcase classname="github.com/cisco-open/go-lanai/pkg/opensearch" name="TestOpenSearch/SubTestPing" time="0.000000"></testcase>
		<testcase classname="github.com/cisco-open/go-lanai/pkg/opensearch" name="TestOpenSearch/SubTestTimeBasedQuery" time="0.000000"></testcase>
		<testcase classname="github.com/cisco-open/go-lanai/pkg/opensearch" name="TestOpenSearch/SubTestTemplateAndAlias" time="0.010000"></testcase>
		<testcase classname="github.com/cisco-open/go-lanai/pkg/opensearch" name="TestOpenSearch/SubTestNewBulkIndexer" time="0.010000"></testcase>
		<testcase classname="github.com/cisco-open/go-lanai/pkg/opensearch" name="TestOpenSearch/TestHealth" time="0.000000"></testcase>
		<testcase classname="github.com/cisco-open/go-lanai/pkg/opensearch" name="TestOpenSearch" time="0.080000"></testcase>
	</testsuite>
	<testsuite tests="3" failures="0" time="0.206000" name="github.com/cisco-open/go-lanai/pkg/profiler" timestamp="2025-05-28T20:55:39Z">
		<properties>
			<property name="go.version" value="go1.24.3 linux/amd64"></property>
		</properties>
		<testcase classname="github.com/cisco-open/go-lanai/pkg/profiler" name="TestPProfController/TestProfiles" time="0.030000"></testcase>
		<testcase classname="github.com/cisco-open/go-lanai/pkg/profiler" name="TestPProfController/TestIndex" time="0.000000"></testcase>
		<testcase classname="github.com/cisco-open/go-lanai/pkg/profiler" name="TestPProfController" time="0.040000"></testcase>
	</testsuite>
	<testsuite tests="7" failures="0" time="0.675000" name="github.com/cisco-open/go-lanai/pkg/profiler/monitor" timestamp="2025-05-28T20:55:39Z">
		<properties>
			<property name="go.version" value="go1.24.3 linux/amd64"></property>
		</properties>
		<testcase classname="github.com/cisco-open/go-lanai/pkg/profiler/monitor" name="TestDataCollector/TestSubscribe" time="0.100000"></testcase>
		<testcase classname="github.com/cisco-open/go-lanai/pkg/profiler/monitor" name="TestDataCollector" time="0.110000"></testcase>
		<testcase classname="github.com/cisco-open/go-lanai/pkg/profiler/monitor" name="TestController/TestStaticAssets" time="0.010000"></testcase>
		<testcase classname="github.com/cisco-open/go-lanai/pkg/profiler/monitor" name="TestController/TestChartUI" time="0.000000"></testcase>
		<testcase classname="github.com/cisco-open/go-lanai/pkg/profiler/monitor" name="TestController/TestData" time="0.000000"></testcase>
		<testcase classname="github.com/cisco-open/go-lanai/pkg/profiler/monitor" name="TestController/TestDataFeed" time="0.400000"></testcase>
		<testcase classname="github.com/cisco-open/go-lanai/pkg/profiler/monitor" name="TestController" time="0.430000"></testcase>
	</testsuite>
	<testsuite tests="15" failures="0" time="0.179000" name="github.com/cisco-open/go-lanai/pkg/redis" timestamp="2025-05-28T20:55:39Z">
		<properties>
			<property name="go.version" value="go1.24.3 linux/amd64"></property>
		</properties>
		<testcase classname="github.com/cisco-open/go-lanai/pkg/redis" name="TestRedisConnectivity/DefaultClient" time="0.000000"></testcase>
		<testcase classname="github.com/cisco-open/go-lanai/pkg/redis" name="TestRedisConnectivity/TestClientFactory" time="0.000000"></testcase>
		<testcase classname="github.com/cisco-open/go-lanai/pkg/redis" name="TestRedisConnectivity/TestHealthIndicator" time="0.000000"></testcase>
		<testcase classname="github.com/cisco-open/go-lanai/pkg/redis" name="TestRedisConnectivity" time="0.010000"></testcase>
		<testcase classname="github.com/cisco-open/go-lanai/pkg/redis" name="TestRedisTLSConnectivity/DefaultClient" time="0.010000"></testcase>
		<testcase classname="github.com/cisco-open/go-lanai/pkg/redis" name="TestRedisTLSConnectivity/TestClientFactory" time="0.010000"></testcase>
		<testcase classname="github.com/cisco-open/go-lanai/pkg/redis" name="TestRedisTLSConnectivity" time="0.050000"></testcase>
		<testcase classname="github.com/cisco-open/go-lanai/pkg/redis" name="TestRedisTracingWithExistingSpan/TestPing" time="0.000000"></testcase>
		<testcase classname="github.com/cisco-open/go-lanai/pkg/redis" name="TestRedisTracingWithExistingSpan/TestGet" time="0.000000"></testcase>
		<testcase classname="github.com/cisco-open/go-lanai/pkg/redis" name="TestRedisTracingWithExistingSpan/TestPipeline" time="0.000000"></testcase>
		<testcase classname="github.com/cisco-open/go-lanai/pkg/redis" name="TestRedisTracingWithExistingSpan" time="0.010000"></testcase>
		<testcase classname="github.com/cisco-open/go-lanai/pkg/redis" name="TestRedisTracingWithoutExistingSpan/TestPing" time="0.000000"></testcase>
		<testcase classname="github.com/cisco-open/go-lanai/pkg/redis" name="TestRedisTracingWithoutExistingSpan/TestGet" time="0.000000"></testcase>
		<testcase classname="github.com/cisco-open/go-lanai/pkg/redis" name="TestRedisTracingWithoutExistingSpan/TestPipeline" time="0.000000"></testcase>
		<testcase classname="github.com/cisco-open/go-lanai/pkg/redis" name="TestRedisTracingWithoutExistingSpan" time="0.010000"></testcase>
	</testsuite>
	<testsuite tests="20" failures="0" time="169.087000" name="github.com/cisco-open/go-lanai/pkg/scheduler" timestamp="2025-05-28T20:55:39Z">
		<properties>
			<property name="go.version" value="go1.24.3 linux/amd64"></property>
		</properties>
		<testcase classname="github.com/cisco-open/go-lanai/pkg/scheduler" name="TestCronTask/TestCronWithDaw" time="0.000000"></testcase>
		<testcase classname="github.com/cisco-open/go-lanai/pkg/scheduler" name="TestCronTask/TestCronWithoutDaw" time="0.000000"></testcase>
		<testcase classname="github.com/cisco-open/go-lanai/pkg/scheduler" name="TestCronTask/TestCronWithInvalidExpr" time="0.000000"></testcase>
		<testcase classname="github.com/cisco-open/go-lanai/pkg/scheduler" name="TestCronTask" time="0.000000"></testcase>
		<testcase classname="github.com/cisco-open/go-lanai/pkg/scheduler" name="TestTaskTiming/TestFixedRate" time="27.470000"></testcase>
		<testcase classname="github.com/cisco-open/go-lanai/pkg/scheduler" name="TestTaskTiming/TestFixedDelay" time="27.460000"></testcase>
		<testcase classname="github.com/cisco-open/go-lanai/pkg/scheduler" name="TestTaskTiming/TestRunOnce" time="9.700000"></testcase>
		<testcase classname="github.com/cisco-open/go-lanai/pkg/scheduler" name="TestTaskTiming/TestStartNow" time="1.620000"></testcase>
		<testcase classname="github.com/cisco-open/go-lanai/pkg/scheduler" name="TestTaskTiming/TestFixedRateWithPastStart" time="18.400000"></testcase>
		<testcase classname="github.com/cisco-open/go-lanai/pkg/scheduler" name="TestTaskTiming/TestFixedDelayWithPastStart" time="12.930000"></testcase>
		<testcase classname="github.com/cisco-open/go-lanai/pkg/scheduler" name="TestTaskTiming/TestDynamicNext" time="17.770000"></testcase>
		<testcase classname="github.com/cisco-open/go-lanai/pkg/scheduler" name="TestTaskTiming" time="115.340000"></testcase>
		<testcase classname="github.com/cisco-open/go-lanai/pkg/scheduler" name="TestTaskCancellation/TestCancelOnError" time="18.100000"></testcase>
		<testcase classname="github.com/cisco-open/go-lanai/pkg/scheduler" name="TestTaskCancellation/TestCancelOnPanic" time="17.770000"></testcase>
		<testcase classname="github.com/cisco-open/go-lanai/pkg/scheduler" name="TestTaskCancellation/TestManual" time="17.770000"></testcase>
		<testcase classname="github.com/cisco-open/go-lanai/pkg/scheduler" name="TestTaskCancellation" time="53.640000"></testcase>
		<testcase classname="github.com/cisco-open/go-lanai/pkg/scheduler" name="TestTaskSchedulingError/TestSchedulingError" time="0.000000"></testcase>
		<testcase classname="github.com/cisco-open/go-lanai/pkg/scheduler" name="TestTaskSchedulingError" time="0.000000"></testcase>
		<testcase classname="github.com/cisco-open/go-lanai/pkg/scheduler" name="TestSchedulerTracing/TestStartNow" time="0.000000"></testcase>
		<testcase classname="github.com/cisco-open/go-lanai/pkg/scheduler" name="TestSchedulerTracing" time="0.000000"></testcase>
	</testsuite>
	<testsuite tests="12" failures="0" time="0.097000" name="github.com/cisco-open/go-lanai/pkg/security" timestamp="2025-05-28T20:55:39Z">
		<properties>
			<property name="go.version" value="go1.24.3 linux/amd64"></property>
		</properties>
		<testcase classname="github.com/cisco-open/go-lanai/pkg/security" name="TestContext/SubTestHasErrorAccessingTenant/test_invalid_tenant_id" time="0.000000"></testcase>
		<testcase classname="github.com/cisco-open/go-lanai/pkg/security" name="TestContext/SubTestHasErrorAccessingTenant/test_has_access_to_all" time="0.000000"></testcase>
		<testcase classname="github.com/cisco-open/go-lanai/pkg/security" name="TestContext/SubTestHasErrorAccessingTenant/test_has_access_to_tenant" time="0.000000"></testcase>
		<testcase classname="github.com/cisco-open/go-lanai/pkg/security" name="TestContext/SubTestHasErrorAccessingTenant/test_no_access" time="0.000000"></testcase>
		<testcase classname="github.com/cisco-open/go-lanai/pkg/security" name="TestContext/SubTestHasErrorAccessingTenant" time="0.000000"></testcase>
		<testcase classname="github.com/cisco-open/go-lanai/pkg/security" name="TestContext" time="0.010000"></testcase>
		<testcase classname="github.com/cisco-open/go-lanai/pkg/security" name="TestTypeComparison" time="0.000000"></testcase>
		<testcase classname="github.com/cisco-open/go-lanai/pkg/security" name="TestAuthenticatorNotAvailableError" time="0.000000"></testcase>
		<testcase classname="github.com/cisco-open/go-lanai/pkg/security" name="TestBadCredentialsError" time="0.000000"></testcase>
		<testcase classname="github.com/cisco-open/go-lanai/pkg/security" name="TestMissingCsrfTokenError" time="0.000000"></testcase>
		<testcase classname="github.com/cisco-open/go-lanai/pkg/security" name="TestInvalidCsrfTokenError" time="0.000000"></testcase>
		<testcase classname="github.com/cisco-open/go-lanai/pkg/security" name="TestInternalError" time="0.000000"></testcase>
	</testsuite>
	<testsuite tests="26" failures="0" time="0.117000" name="github.com/cisco-open/go-lanai/pkg/security/access" timestamp="2025-05-28T20:55:39Z">
		<properties>
			<property name="go.version" value="go1.24.3 linux/amd64"></property>
		</properties>
		<testcase classname="github.com/cisco-open/go-lanai/pkg/security/access" name="TestValidPermissionExprParsing/SingleTest" time="0.000000"></testcase>
		<testcase classname="github.com/cisco-open/go-lanai/pkg/security/access" name="TestValidPermissionExprParsing/SingleNotTest" time="0.000000"></testcase>
		<testcase classname="github.com/cisco-open/go-lanai/pkg/security/access" name="TestValidPermissionExprParsing/SingleAndTest" time="0.000000"></testcase>
		<testcase classname="github.com/cisco-open/go-lanai/pkg/security/access" name="TestValidPermissionExprParsing/MultiOrTest" time="0.000000"></testcase>
		<testcase classname="github.com/cisco-open/go-lanai/pkg/security/access" name="TestValidPermissionExprParsing/MultiAndTest" time="0.000000"></testcase>
		<testcase classname="github.com/cisco-open/go-lanai/pkg/security/access" name="TestValidPermissionExprParsing/AndNotTest" time="0.000000"></testcase>
		<testcase classname="github.com/cisco-open/go-lanai/pkg/security/access" name="TestValidPermissionExprParsing/OrNotTest" time="0.000000"></testcase>
		<testcase classname="github.com/cisco-open/go-lanai/pkg/security/access" name="TestValidPermissionExprParsing/AndOrNotTest" time="0.000000"></testcase>
		<testcase classname="github.com/cisco-open/go-lanai/pkg/security/access" name="TestValidPermissionExprParsing/ComplexExprATest" time="0.000000"></testcase>
		<testcase classname="github.com/cisco-open/go-lanai/pkg/security/access" name="TestValidPermissionExprParsing/ComplexExprAEquvlentTest" time="0.000000"></testcase>
		<testcase classname="github.com/cisco-open/go-lanai/pkg/security/access" name="TestValidPermissionExprParsing/ComplexExprATest#01" time="0.000000"></testcase>
		<testcase classname="github.com/cisco-open/go-lanai/pkg/security/access" name="TestValidPermissionExprParsing/ComplexExprAEquvlentTest#01" time="0.000000"></testcase>
		<testcase classname="github.com/cisco-open/go-lanai/pkg/security/access" name="TestValidPermissionExprParsing" time="0.000000"></testcase>
		<testcase classname="github.com/cisco-open/go-lanai/pkg/security/access" name="TestInvalidPermissionExprParsing/MissingOpenTest" time="0.000000"></testcase>
		<testcase classname="github.com/cisco-open/go-lanai/pkg/security/access" name="TestInvalidPermissionExprParsing/MissingCloseTest" time="0.000000"></testcase>
		<testcase classname="github.com/cisco-open/go-lanai/pkg/security/access" name="TestInvalidPermissionExprParsing/MissingNotArgTest1" time="0.000000"></testcase>
		<testcase classname="github.com/cisco-open/go-lanai/pkg/security/access" name="TestInvalidPermissionExprParsing/MissingNotArgTest2" time="0.000000"></testcase>
		<testcase classname="github.com/cisco-open/go-lanai/pkg/security/access" name="TestInvalidPermissionExprParsing/MissingOrArgTest1" time="0.000000"></testcase>
		<testcase classname="github.com/cisco-open/go-lanai/pkg/security/access" name="TestInvalidPermissionExprParsing/MissingOrArgTest2" time="0.000000"></testcase>
		<testcase classname="github.com/cisco-open/go-lanai/pkg/security/access" name="TestInvalidPermissionExprParsing/MissingOrArgTest3" time="0.000000"></testcase>
		<testcase classname="github.com/cisco-open/go-lanai/pkg/security/access" name="TestInvalidPermissionExprParsing/MissingAndArgTest1" time="0.000000"></testcase>
		<testcase classname="github.com/cisco-open/go-lanai/pkg/security/access" name="TestInvalidPermissionExprParsing/MissingAndArgTest2" time="0.000000"></testcase>
		<testcase classname="github.com/cisco-open/go-lanai/pkg/security/access" name="TestInvalidPermissionExprParsing/MissingAndArgTest3" time="0.000000"></testcase>
		<testcase classname="github.com/cisco-open/go-lanai/pkg/security/access" name="TestInvalidPermissionExprParsing/ShortOperandTest1" time="0.000000"></testcase>
		<testcase classname="github.com/cisco-open/go-lanai/pkg/security/access" name="TestInvalidPermissionExprParsing/ShortOperandTest2" time="0.000000"></testcase>
		<testcase classname="github.com/cisco-open/go-lanai/pkg/security/access" name="TestInvalidPermissionExprParsing" time="0.000000"></testcase>
	</testsuite>
	<testsuite tests="8" failures="0" time="0.099000" name="github.com/cisco-open/go-lanai/pkg/security/basicauth" timestamp="2025-05-28T20:55:39Z">
		<properties>
			<property name="go.version" value="go1.24.3 linux/amd64"></property>
		</properties>
		<testcase classname="github.com/cisco-open/go-lanai/pkg/security/basicauth" name="TestAuthenticator/AuthSuccess" time="0.000000"></testcase>
		<testcase classname="github.com/cisco-open/go-lanai/pkg/security/basicauth" name="TestAuthenticator/WrongPassword" time="0.000000"></testcase>
		<testcase classname="github.com/cisco-open/go-lanai/pkg/security/basicauth" name="TestAuthenticator/MissingHeader" time="0.000000"></testcase>
		<testcase classname="github.com/cisco-open/go-lanai/pkg/security/basicauth" name="TestAuthenticator/WrongHeaderType" time="0.000000"></testcase>
		<testcase classname="github.com/cisco-open/go-lanai/pkg/security/basicauth" name="TestAuthenticator/MalformedEncoding" time="0.000000"></testcase>
		<testcase classname="github.com/cisco-open/go-lanai/pkg/security/basicauth" name="TestAuthenticator/SameUser" time="0.000000"></testcase>
		<testcase classname="github.com/cisco-open/go-lanai/pkg/security/basicauth" name="TestAuthenticator/DifferentUser" time="0.000000"></testcase>
		<testcase classname="github.com/cisco-open/go-lanai/pkg/security/basicauth" name="TestAuthenticator" time="0.010000"></testcase>
	</testsuite>
	<testsuite tests="35" failures="0" time="0.297000" name="github.com/cisco-open/go-lanai/pkg/security/config" timestamp="2025-05-28T20:55:39Z">
		<properties>
			<property name="go.version" value="go1.24.3 linux/amd64"></property>
		</properties>
		<testcase classname="github.com/cisco-open/go-lanai/pkg/security/config" name="TestWithMockedServer/TestOAuth2AuthorizeWithPasswdIDP" time="0.000000"></testcase>
		<testcase classname="github.com/cisco-open/go-lanai/pkg/security/config" name="TestWithMockedServer/TestOAuth2AuthorizeWithSamlSSO" time="0.010000"></testcase>
		<testcase classname="github.com/cisco-open/go-lanai/pkg/security/config" name="TestWithMockedServer/TestSamlSSOAuthorizeWithPasswdIDP" time="0.000000"></testcase>
		<testcase classname="github.com/cisco-open/go-lanai/pkg/security/config" name="TestWithMockedServer/TestAuthorizeRequestApproval" time="0.000000"></testcase>
		<testcase classname="github.com/cisco-open/go-lanai/pkg/security/config" name="TestWithMockedServer/TestOAuth2AuthCode" time="0.010000"></testcase>
		<testcase classname="github.com/cisco-open/go-lanai/pkg/security/config" name="TestWithMockedServer/TestOAuth2AuthCodeWithoutTenant" time="0.000000"></testcase>
		<testcase classname="github.com/cisco-open/go-lanai/pkg/security/config" name="TestWithMockedServer/TestOAuth2AuthCodeWithTenantClient/User_tenants_and_client_tenants_has_no_overlap" time="0.010000"></testcase>
		<testcase classname="github.com/cisco-open/go-lanai/pkg/security/config" name="TestWithMockedServer/TestOAuth2AuthCodeWithTenantClient/User_with_client_that_has_access_to_all_tenants" time="0.000000"></testcase>
		<testcase classname="github.com/cisco-open/go-lanai/pkg/security/config" name="TestWithMockedServer/TestOAuth2AuthCodeWithTenantClient/User_tenants_overlap_with_client_tenants" time="0.000000"></testcase>
		<testcase classname="github.com/cisco-open/go-lanai/pkg/security/config" name="TestWithMockedServer/TestOAuth2AuthCodeWithTenantClient" time="0.010000"></testcase>
		<testcase classname="github.com/cisco-open/go-lanai/pkg/security/config" name="TestWithMockedServer/TestOAuth2PasswordGrant/User_tenants_and_client_tenant_has_no_overlap" time="0.000000"></testcase>
		<testcase classname="github.com/cisco-open/go-lanai/pkg/security/config" name="TestWithMockedServer/TestOAuth2PasswordGrant/User_with_client_that_has_access_to_all_tenants" time="0.000000"></testcase>
		<testcase classname="github.com/cisco-open/go-lanai/pkg/security/config" name="TestWithMockedServer/TestOAuth2PasswordGrant/User_tenants_overlaps_client_tenants" time="0.000000"></testcase>
		<testcase classname="github.com/cisco-open/go-lanai/pkg/security/config" name="TestWithMockedServer/TestOAuth2PasswordGrant" time="0.010000"></testcase>
		<testcase classname="github.com/cisco-open/go-lanai/pkg/security/config" name="TestWithMockedServer/TestTenantClientCredential/client_with_access_to_root_tenant,_but_does_not_select_tenant" time="0.000000"></testcase>
		<testcase classname="github.com/cisco-open/go-lanai/pkg/security/config" name="TestWithMockedServer/TestTenantClientCredential/client_with_access_to_all_tenants,_select_tenant" time="0.000000"></testcase>
		<testcase classname="github.com/cisco-open/go-lanai/pkg/security/config" name="TestWithMockedServer/TestTenantClientCredential/client_with_access_to_multiple_tenants_without_tenant_selection" time="0.000000"></testcase>
		<testcase classname="github.com/cisco-open/go-lanai/pkg/security/config" name="TestWithMockedServer/TestTenantClientCredential/client_to_multiple_tenant_with_tenant_selection" time="0.000000"></testcase>
		<testcase classname="github.com/cisco-open/go-lanai/pkg/security/config" name="TestWithMockedServer/TestTenantClientCredential/client_to_multiple_tenant_with_tenant_selection_that_is_not_accessible_by_client" time="0.000000"></testcase>
		<testcase classname="github.com/cisco-open/go-lanai/pkg/security/config" name="TestWithMockedServer/TestTenantClientCredential/client_to_multiple_tenant_with_tenant_selection_for_non-exist_tenant" time="0.000000"></testcase>
		<testcase classname="github.com/cisco-open/go-lanai/pkg/security/config" name="TestWithMockedServer/TestTenantClientCredential/client_to_single_tenant_without_selection" time="0.000000"></testcase>
		<testcase classname="github.com/cisco-open/go-lanai/pkg/security/config" name="TestWithMockedServer/TestTenantClientCredential" time="0.010000"></testcase>
		<testcase classname="github.com/cisco-open/go-lanai/pkg/security/config" name="TestWithMockedServer/TestOauth2SwitchTenantWithPerTenantPermission/With_Tenant:_tenant-1" time="0.010000"></testcase>
		<testcase classname="github.com/cisco-open/go-lanai/pkg/security/config" name="TestWithMockedServer/TestOauth2SwitchTenantWithPerTenantPermission/With_Tenant:_tenant-2" time="0.010000"></testcase>
		<testcase classname="github.com/cisco-open/go-lanai/pkg/security/config" name="TestWithMockedServer/TestOauth2SwitchTenantWithPerTenantPermission/With_Tenant:_tenant-3" time="0.010000"></testcase>
		<testcase classname="github.com/cisco-open/go-lanai/pkg/security/config" name="TestWithMockedServer/TestOauth2SwitchTenantWithPerTenantPermission" time="0.030000"></testcase>
		<testcase classname="github.com/cisco-open/go-lanai/pkg/security/config" name="TestWithMockedServer/TestOauth2AccessCodeSwitchTenant" time="0.010000"></testcase>
		<testcase classname="github.com/cisco-open/go-lanai/pkg/security/config" name="TestWithMockedServer" time="0.130000"></testcase>
		<testcase classname="github.com/cisco-open/go-lanai/pkg/security/config" name="TestWithMockedServerWithoutFinalizer/TestOauth2SwitchTenant/With_Tenant:_tenant-1" time="0.010000"></testcase>
		<testcase classname="github.com/cisco-open/go-lanai/pkg/security/config" name="TestWithMockedServerWithoutFinalizer/TestOauth2SwitchTenant/With_Tenant:_tenant-2" time="0.010000"></testcase>
		<testcase classname="github.com/cisco-open/go-lanai/pkg/security/config" name="TestWithMockedServerWithoutFinalizer/TestOauth2SwitchTenant/With_Tenant:_tenant-3" time="0.010000"></testcase>
		<testcase classname="github.com/cisco-open/go-lanai/pkg/security/config" name="TestWithMockedServerWithoutFinalizer/TestOauth2SwitchTenant" time="0.040000"></testcase>
		<testcase classname="github.com/cisco-open/go-lanai/pkg/security/config" name="TestWithMockedServerWithoutFinalizer" time="0.060000"></testcase>
		<testcase classname="github.com/cisco-open/go-lanai/pkg/security/config" name="TestWithMockedServerWithCustomTokenGranter/TestCustomTokenGranter" time="0.000000"></testcase>
		<testcase classname="github.com/cisco-open/go-lanai/pkg/security/config" name="TestWithMockedServerWithCustomTokenGranter" time="0.020000"></testcase>
	</testsuite>
	<testsuite tests="0" failures="0" time="0.006000" name="github.com/cisco-open/go-lanai/pkg/security/config/authserver" timestamp="2025-05-28T20:55:39Z">
		<properties>
			<property name="go.version" value="go1.24.3 linux/amd64"></property>
		</properties>
	</testsuite>
	<testsuite tests="0" failures="0" time="0.004000" name="github.com/cisco-open/go-lanai/pkg/security/config/compatibility" timestamp="2025-05-28T20:55:39Z">
		<properties>
			<property name="go.version" value="go1.24.3 linux/amd64"></property>
		</properties>
	</testsuite>
	<testsuite tests="0" failures="0" time="0.005000" name="github.com/cisco-open/go-lanai/pkg/security/config/resserver" timestamp="2025-05-28T20:55:39Z">
		<properties>
			<property name="go.version" value="go1.24.3 linux/amd64"></property>
		</properties>
	</testsuite>
	<testsuite tests="5" failures="0" time="0.065000" name="github.com/cisco-open/go-lanai/pkg/security/csrf" timestamp="2025-05-28T20:55:39Z">
		<properties>
			<property name="go.version" value="go1.24.3 linux/amd64"></property>
		</properties>
		<testcase classname="github.com/cisco-open/go-lanai/pkg/security/csrf" name="TestChangeCsrfHanlderShouldChangeCSRFTokenWhenAuthenticated" time="0.000000"></testcase>
		<testcase classname="github.com/cisco-open/go-lanai/pkg/security/csrf" name="TestChangeCsrfHanlderShouldNotChangeCSRFTokenIfNotAuthenticated" time="0.000000"></testcase>
		<testcase classname="github.com/cisco-open/go-lanai/pkg/security/csrf" name="TestCsrfMiddlewareShouldGenerateToken" time="0.000000"></testcase>
		<testcase classname="github.com/cisco-open/go-lanai/pkg/security/csrf" name="TestCsrfMiddlewareShouldCheckToken" time="0.000000"></testcase>
		<testcase classname="github.com/cisco-open/go-lanai/pkg/security/csrf" name="TestCsrfMiddlewareProtectionAndIgnoreMatcher" time="0.000000"></testcase>
	</testsuite>
	<testsuite tests="0" failures="0" time="0.004000" name="github.com/cisco-open/go-lanai/pkg/security/errorhandling" timestamp="2025-05-28T20:55:39Z">
		<properties>
			<property name="go.version" value="go1.24.3 linux/amd64"></property>
		</properties>
	</testsuite>
	<testsuite tests="22" failures="0" time="1.101000" name="github.com/cisco-open/go-lanai/pkg/security/formlogin" timestamp="2025-05-28T20:55:39Z">
		<properties>
			<property name="go.version" value="go1.24.3 linux/amd64"></property>
		</properties>
		<testcase classname="github.com/cisco-open/go-lanai/pkg/security/formlogin" name="TestMiddlewareWithoutMFA/LoginEntrypoint" time="0.000000"></testcase>
		<testcase classname="github.com/cisco-open/go-lanai/pkg/security/formlogin" name="TestMiddlewareWithoutMFA/LoginSuccess" time="0.000000"></testcase>
		<testcase classname="github.com/cisco-open/go-lanai/pkg/security/formlogin" name="TestMiddlewareWithoutMFA/LoginSuccessWithRememberMe" time="0.000000"></testcase>
		<testcase classname="github.com/cisco-open/go-lanai/pkg/security/formlogin" name="TestMiddlewareWithoutMFA/LoginWrongPassword" time="0.000000"></testcase>
		<testcase classname="github.com/cisco-open/go-lanai/pkg/security/formlogin" name="TestMiddlewareWithoutMFA/LoginMissingParams" time="0.000000"></testcase>
		<testcase classname="github.com/cisco-open/go-lanai/pkg/security/formlogin" name="TestMiddlewareWithoutMFA/LoginSameUser" time="0.000000"></testcase>
		<testcase classname="github.com/cisco-open/go-lanai/pkg/security/formlogin" name="TestMiddlewareWithoutMFA" time="0.010000"></testcase>
		<testcase classname="github.com/cisco-open/go-lanai/pkg/security/formlogin" name="TestMiddlewareWithMFA/LoginEntrypoint" time="0.000000"></testcase>
		<testcase classname="github.com/cisco-open/go-lanai/pkg/security/formlogin" name="TestMiddlewareWithMFA/MFAEntrypoint" time="0.000000"></testcase>
		<testcase classname="github.com/cisco-open/go-lanai/pkg/security/formlogin" name="TestMiddlewareWithMFA/OTPVerifySuccess" time="0.000000"></testcase>
		<testcase classname="github.com/cisco-open/go-lanai/pkg/security/formlogin" name="TestMiddlewareWithMFA/OTPVerifyWrongPasscode" time="0.000000"></testcase>
		<testcase classname="github.com/cisco-open/go-lanai/pkg/security/formlogin" name="TestMiddlewareWithMFA/OTPVerifyMissingParams" time="0.000000"></testcase>
		<testcase classname="github.com/cisco-open/go-lanai/pkg/security/formlogin" name="TestMiddlewareWithMFA/OTPVerifyReachLimit" time="0.000000"></testcase>
		<testcase classname="github.com/cisco-open/go-lanai/pkg/security/formlogin" name="TestMiddlewareWithMFA/OTPVerifyWithoutAuth" time="0.000000"></testcase>
		<testcase classname="github.com/cisco-open/go-lanai/pkg/security/formlogin" name="TestMiddlewareWithMFA/OTPRefreshSuccess" time="1.000000"></testcase>
		<testcase classname="github.com/cisco-open/go-lanai/pkg/security/formlogin" name="TestMiddlewareWithMFA/OTPRefreshReachLimit" time="0.000000"></testcase>
		<testcase classname="github.com/cisco-open/go-lanai/pkg/security/formlogin" name="TestMiddlewareWithMFA" time="1.010000"></testcase>
		<testcase classname="github.com/cisco-open/go-lanai/pkg/security/formlogin" name="TestFormLoginController/LoginPageWithError" time="0.000000"></testcase>
		<testcase classname="github.com/cisco-open/go-lanai/pkg/security/formlogin" name="TestFormLoginController/LoginPageWithRememberMe" time="0.000000"></testcase>
		<testcase classname="github.com/cisco-open/go-lanai/pkg/security/formlogin" name="TestFormLoginController/OTPPageWithError" time="0.000000"></testcase>
		<testcase classname="github.com/cisco-open/go-lanai/pkg/security/formlogin" name="TestFormLoginController/OTPPageWithoutAuth" time="0.000000"></testcase>
		<testcase classname="github.com/cisco-open/go-lanai/pkg/security/formlogin" name="TestFormLoginController" time="0.010000"></testcase>
	</testsuite>
	<testsuite tests="1" failures="0" time="0.055000" name="github.com/cisco-open/go-lanai/pkg/security/idp" timestamp="2025-05-28T20:55:39Z">
		<properties>
			<property name="go.version" value="go1.24.3 linux/amd64"></property>
		</properties>
		<testcase classname="github.com/cisco-open/go-lanai/pkg/security/idp" name="TestRequestWithAuthenticationFlow" time="0.000000"></testcase>
	</testsuite>
	<testsuite tests="0" failures="0" time="0.004000" name="github.com/cisco-open/go-lanai/pkg/security/idp/extsamlidp" timestamp="2025-05-28T20:55:39Z">
		<properties>
			<property name="go.version" value="go1.24.3 linux/amd64"></property>
		</properties>
	</testsuite>
	<testsuite tests="0" failures="0" time="0.004000" name="github.com/cisco-open/go-lanai/pkg/security/idp/passwdidp" timestamp="2025-05-28T20:55:39Z">
		<properties>
			<property name="go.version" value="go1.24.3 linux/amd64"></property>
		</properties>
	</testsuite>
	<testsuite tests="0" failures="0" time="0.004000" name="github.com/cisco-open/go-lanai/pkg/security/idp/unknownIdp" timestamp="2025-05-28T20:55:39Z">
		<properties>
			<property name="go.version" value="go1.24.3 linux/amd64"></property>
		</properties>
	</testsuite>
	<testsuite tests="5" failures="0" time="0.082000" name="github.com/cisco-open/go-lanai/pkg/security/logout" timestamp="2025-05-28T20:55:39Z">
		<properties>
			<property name="go.version" value="go1.24.3 linux/amd64"></property>
		</properties>
		<testcase classname="github.com/cisco-open/go-lanai/pkg/security/logout" name="TestLogoutMiddleware/TestLogoutSuccess" time="0.010000"></testcase>
		<testcase classname="github.com/cisco-open/go-lanai/pkg/security/logout" name="TestLogoutMiddleware/TestLogoutError" time="0.000000"></testcase>
		<testcase classname="github.com/cisco-open/go-lanai/pkg/security/logout" name="TestLogoutMiddleware/TestLogoutCancelled" time="0.000000"></testcase>
		<testcase classname="github.com/cisco-open/go-lanai/pkg/security/logout" name="TestLogoutMiddleware/TestLogoutSuccessWithWarnings" time="0.000000"></testcase>
		<testcase classname="github.com/cisco-open/go-lanai/pkg/security/logout" name="TestLogoutMiddleware" time="0.010000"></testcase>
	</testsuite>
	<testsuite tests="0" failures="0" time="0.004000" name="github.com/cisco-open/go-lanai/pkg/security/logout/mocks" timestamp="2025-05-28T20:55:39Z">
		<properties>
			<property name="go.version" value="go1.24.3 linux/amd64"></property>
		</properties>
	</testsuite>
	<testsuite tests="17" failures="0" time="0.057000" name="github.com/cisco-open/go-lanai/pkg/security/oauth2" timestamp="2025-05-28T20:55:39Z">
		<properties>
			<property name="go.version" value="go1.24.3 linux/amd64"></property>
		</properties>
		<testcase classname="github.com/cisco-open/go-lanai/pkg/security/oauth2" name="TestBasicClaims/GettersTest" time="0.000000"></testcase>
		<testcase classname="github.com/cisco-open/go-lanai/pkg/security/oauth2" name="TestBasicClaims/SettersTest" time="0.000000"></testcase>
		<testcase classname="github.com/cisco-open/go-lanai/pkg/security/oauth2" name="TestBasicClaims/JsonTest" time="0.000000"></testcase>
		<testcase classname="github.com/cisco-open/go-lanai/pkg/security/oauth2" name="TestBasicClaims" time="0.000000"></testcase>
		<testcase classname="github.com/cisco-open/go-lanai/pkg/security/oauth2" name="TestFieldEmbeddingClaims/GettersTest" time="0.000000"></testcase>
		<testcase classname="github.com/cisco-open/go-lanai/pkg/security/oauth2" name="TestFieldEmbeddingClaims/SettersTest" time="0.000000"></testcase>
		<testcase classname="github.com/cisco-open/go-lanai/pkg/security/oauth2" name="TestFieldEmbeddingClaims/JsonTest" time="0.000000"></testcase>
		<testcase classname="github.com/cisco-open/go-lanai/pkg/security/oauth2" name="TestFieldEmbeddingClaims" time="0.000000"></testcase>
		<testcase classname="github.com/cisco-open/go-lanai/pkg/security/oauth2" name="TestInterfaceEmbeddingClaims/GettersTest" time="0.000000"></testcase>
		<testcase classname="github.com/cisco-open/go-lanai/pkg/security/oauth2" name="TestInterfaceEmbeddingClaims/SettersTest" time="0.000000"></testcase>
		<testcase classname="github.com/cisco-open/go-lanai/pkg/security/oauth2" name="TestInterfaceEmbeddingClaims/JsonTest" time="0.000000"></testcase>
		<testcase classname="github.com/cisco-open/go-lanai/pkg/security/oauth2" name="TestInterfaceEmbeddingClaims/JsonTestWithDifferentEmbedded" time="0.000000"></testcase>
		<testcase classname="github.com/cisco-open/go-lanai/pkg/security/oauth2" name="TestInterfaceEmbeddingClaims" time="0.000000"></testcase>
		<testcase classname="github.com/cisco-open/go-lanai/pkg/security/oauth2" name="TestAccessTokenJSONSerialization" time="0.000000"></testcase>
		<testcase classname="github.com/cisco-open/go-lanai/pkg/security/oauth2" name="TestUnmarshal/Check_Expires_In" time="0.000000"></testcase>
		<testcase classname="github.com/cisco-open/go-lanai/pkg/security/oauth2" name="TestUnmarshal/Check_Expiry" time="0.000000"></testcase>
		<testcase classname="github.com/cisco-open/go-lanai/pkg/security/oauth2" name="TestUnmarshal" time="0.000000"></testcase>
	</testsuite>
	<testsuite tests="53" failures="0" time="0.071000" name="github.com/cisco-open/go-lanai/pkg/security/oauth2/auth" timestamp="2025-05-28T20:55:39Z">
		<properties>
			<property name="go.version" value="go1.24.3 linux/amd64"></property>
		</properties>
		<testcase classname="github.com/cisco-open/go-lanai/pkg/security/oauth2/auth" name="TestPositiveMatch/Subdomain" time="0.000000"></testcase>
		<testcase classname="github.com/cisco-open/go-lanai/pkg/security/oauth2/auth" name="TestPositiveMatch/Subdomain#01" time="0.000000"></testcase>
		<testcase classname="github.com/cisco-open/go-lanai/pkg/security/oauth2/auth" name="TestPositiveMatch/Subdomain#02" time="0.000000"></testcase>
		<testcase classname="github.com/cisco-open/go-lanai/pkg/security/oauth2/auth" name="TestPositiveMatch/Exact" time="0.000000"></testcase>
		<testcase classname="github.com/cisco-open/go-lanai/pkg/security/oauth2/auth" name="TestPositiveMatch/Exact_No_Optional" time="0.000000"></testcase>
		<testcase classname="github.com/cisco-open/go-lanai/pkg/security/oauth2/auth" name="TestPositiveMatch/Wildcard" time="0.000000"></testcase>
		<testcase classname="github.com/cisco-open/go-lanai/pkg/security/oauth2/auth" name="TestPositiveMatch/Wildcard_No_Optional" time="0.000000"></testcase>
		<testcase classname="github.com/cisco-open/go-lanai/pkg/security/oauth2/auth" name="TestPositiveMatch/Wildcard_No_Optional#01" time="0.000000"></testcase>
		<testcase classname="github.com/cisco-open/go-lanai/pkg/security/oauth2/auth" name="TestPositiveMatch/Path_Only_With_Wildcard" time="0.000000"></testcase>
		<testcase classname="github.com/cisco-open/go-lanai/pkg/security/oauth2/auth" name="TestPositiveMatch/Path_Only" time="0.000000"></testcase>
		<testcase classname="github.com/cisco-open/go-lanai/pkg/security/oauth2/auth" name="TestPositiveMatch/Single_Char" time="0.000000"></testcase>
		<testcase classname="github.com/cisco-open/go-lanai/pkg/security/oauth2/auth" name="TestPositiveMatch/NonStdPort" time="0.000000"></testcase>
		<testcase classname="github.com/cisco-open/go-lanai/pkg/security/oauth2/auth" name="TestPositiveMatch/StdPort_Explicit-Wildcard" time="0.000000"></testcase>
		<testcase classname="github.com/cisco-open/go-lanai/pkg/security/oauth2/auth" name="TestPositiveMatch/StdPort_Implicit-Wildcard" time="0.000000"></testcase>
		<testcase classname="github.com/cisco-open/go-lanai/pkg/security/oauth2/auth" name="TestPositiveMatch/StdPort_Implicit-Explicit" time="0.000000"></testcase>
		<testcase classname="github.com/cisco-open/go-lanai/pkg/security/oauth2/auth" name="TestPositiveMatch/StdPort_Explicit-Implicit" time="0.000000"></testcase>
		<testcase classname="github.com/cisco-open/go-lanai/pkg/security/oauth2/auth" name="TestPositiveMatch/StdPort_Implicit-Explicit#01" time="0.000000"></testcase>
		<testcase classname="github.com/cisco-open/go-lanai/pkg/security/oauth2/auth" name="TestPositiveMatch/Normialized_SsoPath" time="0.000000"></testcase>
		<testcase classname="github.com/cisco-open/go-lanai/pkg/security/oauth2/auth" name="TestPositiveMatch/Normialized_SsoPath#01" time="0.000000"></testcase>
		<testcase classname="github.com/cisco-open/go-lanai/pkg/security/oauth2/auth" name="TestPositiveMatch/Normialized_SsoPath#02" time="0.000000"></testcase>
		<testcase classname="github.com/cisco-open/go-lanai/pkg/security/oauth2/auth" name="TestPositiveMatch/Custom_Scheme" time="0.000000"></testcase>
		<testcase classname="github.com/cisco-open/go-lanai/pkg/security/oauth2/auth" name="TestPositiveMatch" time="0.000000"></testcase>
		<testcase classname="github.com/cisco-open/go-lanai/pkg/security/oauth2/auth" name="TestNegativeExactMatch/Scheme" time="0.000000"></testcase>
		<testcase classname="github.com/cisco-open/go-lanai/pkg/security/oauth2/auth" name="TestNegativeExactMatch/Scheme#01" time="0.000000"></testcase>
		<testcase classname="github.com/cisco-open/go-lanai/pkg/security/oauth2/auth" name="TestNegativeExactMatch/UserInfo" time="0.000000"></testcase>
		<testcase classname="github.com/cisco-open/go-lanai/pkg/security/oauth2/auth" name="TestNegativeExactMatch/UserInfo#01" time="0.000000"></testcase>
		<testcase classname="github.com/cisco-open/go-lanai/pkg/security/oauth2/auth" name="TestNegativeExactMatch/Implied_Port" time="0.000000"></testcase>
		<testcase classname="github.com/cisco-open/go-lanai/pkg/security/oauth2/auth" name="TestNegativeExactMatch/Query" time="0.000000"></testcase>
		<testcase classname="github.com/cisco-open/go-lanai/pkg/security/oauth2/auth" name="TestNegativeExactMatch/Query#01" time="0.000000"></testcase>
		<testcase classname="github.com/cisco-open/go-lanai/pkg/security/oauth2/auth" name="TestNegativeExactMatch/Query#02" time="0.000000"></testcase>
		<testcase classname="github.com/cisco-open/go-lanai/pkg/security/oauth2/auth" name="TestNegativeExactMatch/SsoPath" time="0.000000"></testcase>
		<testcase classname="github.com/cisco-open/go-lanai/pkg/security/oauth2/auth" name="TestNegativeExactMatch/SsoPath#01" time="0.000000"></testcase>
		<testcase classname="github.com/cisco-open/go-lanai/pkg/security/oauth2/auth" name="TestNegativeExactMatch/Domain" time="0.000000"></testcase>
		<testcase classname="github.com/cisco-open/go-lanai/pkg/security/oauth2/auth" name="TestNegativeExactMatch/Domain#01" time="0.000000"></testcase>
		<testcase classname="github.com/cisco-open/go-lanai/pkg/security/oauth2/auth" name="TestNegativeExactMatch/Domain#02" time="0.000000"></testcase>
		<testcase classname="github.com/cisco-open/go-lanai/pkg/security/oauth2/auth" name="TestNegativeExactMatch" time="0.000000"></testcase>
		<testcase classname="github.com/cisco-open/go-lanai/pkg/security/oauth2/auth" name="TestNegativeWildcardMatch/Host_MutliChar" time="0.000000"></testcase>
		<testcase classname="github.com/cisco-open/go-lanai/pkg/security/oauth2/auth" name="TestNegativeWildcardMatch/Host_SingleChar" time="0.000000"></testcase>
		<testcase classname="github.com/cisco-open/go-lanai/pkg/security/oauth2/auth" name="TestNegativeWildcardMatch/Port_MultiChar" time="0.000000"></testcase>
		<testcase classname="github.com/cisco-open/go-lanai/pkg/security/oauth2/auth" name="TestNegativeWildcardMatch/Port_SingleChar" time="0.000000"></testcase>
		<testcase classname="github.com/cisco-open/go-lanai/pkg/security/oauth2/auth" name="TestNegativeWildcardMatch/Port_Implicit" time="0.000000"></testcase>
		<testcase classname="github.com/cisco-open/go-lanai/pkg/security/oauth2/auth" name="TestNegativeWildcardMatch/SsoPath_Exact" time="0.000000"></testcase>
		<testcase classname="github.com/cisco-open/go-lanai/pkg/security/oauth2/auth" name="TestNegativeWildcardMatch/SsoPath_MultiChar" time="0.000000"></testcase>
		<testcase classname="github.com/cisco-open/go-lanai/pkg/security/oauth2/auth" name="TestNegativeWildcardMatch/SsoPath_NoPattern" time="0.000000"></testcase>
		<testcase classname="github.com/cisco-open/go-lanai/pkg/security/oauth2/auth" name="TestNegativeWildcardMatch" time="0.000000"></testcase>
		<testcase classname="github.com/cisco-open/go-lanai/pkg/security/oauth2/auth" name="TestInvalidPattern/Scheme_Wildcard" time="0.000000"></testcase>
		<testcase classname="github.com/cisco-open/go-lanai/pkg/security/oauth2/auth" name="TestInvalidPattern/UserInfo_Wildcard" time="0.000000"></testcase>
		<testcase classname="github.com/cisco-open/go-lanai/pkg/security/oauth2/auth" name="TestInvalidPattern/Query_Wildcard" time="0.000000"></testcase>
		<testcase classname="github.com/cisco-open/go-lanai/pkg/security/oauth2/auth" name="TestInvalidPattern/Port_without_Domain" time="0.000000"></testcase>
		<testcase classname="github.com/cisco-open/go-lanai/pkg/security/oauth2/auth" name="TestInvalidPattern/Port_Wildcard_without_Domain" time="0.000000"></testcase>
		<testcase classname="github.com/cisco-open/go-lanai/pkg/security/oauth2/auth" name="TestInvalidPattern/Port_without_Domain_and_Scheme" time="0.000000"></testcase>
		<testcase classname="github.com/cisco-open/go-lanai/pkg/security/oauth2/auth" name="TestInvalidPattern/Port_Wildcard_without_Domain_and_Scheme" time="0.000000"></testcase>
		<testcase classname="github.com/cisco-open/go-lanai/pkg/security/oauth2/auth" name="TestInvalidPattern" time="0.000000"></testcase>
	</testsuite>
	<testsuite tests="0" failures="0" time="0.005000" name="github.com/cisco-open/go-lanai/pkg/security/oauth2/auth/authorize" timestamp="2025-05-28T20:55:39Z">
		<properties>
			<property name="go.version" value="go1.24.3 linux/amd64"></property>
		</properties>
	</testsuite>
	<testsuite tests="0" failures="0" time="0.005000" name="github.com/cisco-open/go-lanai/pkg/security/oauth2/auth/claims" timestamp="2025-05-28T20:55:39Z">
		<properties>
			<property name="go.version" value="go1.24.3 linux/amd64"></property>
		</properties>
	</testsuite>
	<testsuite tests="0" failures="0" time="0.007000" name="github.com/cisco-open/go-lanai/pkg/security/oauth2/auth/clientauth" timestamp="2025-05-28T20:55:39Z">
		<properties>
			<property name="go.version" value="go1.24.3 linux/amd64"></property>
		</properties>
	</testsuite>
	<testsuite tests="0" failures="0" time="0.007000" name="github.com/cisco-open/go-lanai/pkg/security/oauth2/auth/grants" timestamp="2025-05-28T20:55:39Z">
		<properties>
			<property name="go.version" value="go1.24.3 linux/amd64"></property>
		</properties>
	</testsuite>
	<testsuite tests="33" failures="0" time="0.772000" name="github.com/cisco-open/go-lanai/pkg/security/oauth2/auth/misc" timestamp="2025-05-28T20:55:39Z">
		<properties>
			<property name="go.version" value="go1.24.3 linux/amd64"></property>
		</properties>
		<testcase classname="github.com/cisco-open/go-lanai/pkg/security/oauth2/auth/misc" name="TestCheckTokenEndpoint/ValidTokenWithDetails" time="0.000000"></testcase>
		<testcase classname="github.com/cisco-open/go-lanai/pkg/security/oauth2/auth/misc" name="TestCheckTokenEndpoint/ValidTokenWithoutDetails" time="0.000000"></testcase>
		<testcase classname="github.com/cisco-open/go-lanai/pkg/security/oauth2/auth/misc" name="TestCheckTokenEndpoint/ValidTokenWithoutDetailsScope" time="0.000000"></testcase>
		<testcase classname="github.com/cisco-open/go-lanai/pkg/security/oauth2/auth/misc" name="TestCheckTokenEndpoint/ExpiredToken" time="0.000000"></testcase>
		<testcase classname="github.com/cisco-open/go-lanai/pkg/security/oauth2/auth/misc" name="TestCheckTokenEndpoint/RevokedToken" time="0.000000"></testcase>
		<testcase classname="github.com/cisco-open/go-lanai/pkg/security/oauth2/auth/misc" name="TestCheckTokenEndpoint/RefreshToken" time="0.000000"></testcase>
		<testcase classname="github.com/cisco-open/go-lanai/pkg/security/oauth2/auth/misc" name="TestCheckTokenEndpoint" time="0.010000"></testcase>
		<testcase classname="github.com/cisco-open/go-lanai/pkg/security/oauth2/auth/misc" name="TestJwkSetEndpoint/JwkSet/JwkSetRSA" time="0.490000"></testcase>
		<testcase classname="github.com/cisco-open/go-lanai/pkg/security/oauth2/auth/misc" name="TestJwkSetEndpoint/JwkSet/JwkSetEC" time="0.000000"></testcase>
		<testcase classname="github.com/cisco-open/go-lanai/pkg/security/oauth2/auth/misc" name="TestJwkSetEndpoint/JwkSet/JwkSetOKP" time="0.000000"></testcase>
		<testcase classname="github.com/cisco-open/go-lanai/pkg/security/oauth2/auth/misc" name="TestJwkSetEndpoint/JwkSet/JwkSetoct" time="0.000000"></testcase>
		<testcase classname="github.com/cisco-open/go-lanai/pkg/security/oauth2/auth/misc" name="TestJwkSetEndpoint/JwkSet" time="0.490000"></testcase>
		<testcase classname="github.com/cisco-open/go-lanai/pkg/security/oauth2/auth/misc" name="TestJwkSetEndpoint/JwkByKid/JwkByKidRSA" time="0.000000"></testcase>
		<testcase classname="github.com/cisco-open/go-lanai/pkg/security/oauth2/auth/misc" name="TestJwkSetEndpoint/JwkByKid/JwkByKidEC" time="0.000000"></testcase>
		<testcase classname="github.com/cisco-open/go-lanai/pkg/security/oauth2/auth/misc" name="TestJwkSetEndpoint/JwkByKid/JwkByKidOKP" time="0.000000"></testcase>
		<testcase classname="github.com/cisco-open/go-lanai/pkg/security/oauth2/auth/misc" name="TestJwkSetEndpoint/JwkByKid/JwkByKidoct" time="0.000000"></testcase>
		<testcase classname="github.com/cisco-open/go-lanai/pkg/security/oauth2/auth/misc" name="TestJwkSetEndpoint/JwkByKid" time="0.000000"></testcase>
		<testcase classname="github.com/cisco-open/go-lanai/pkg/security/oauth2/auth/misc" name="TestJwkSetEndpoint/JwkByKidFailure" time="0.000000"></testcase>
		<testcase classname="github.com/cisco-open/go-lanai/pkg/security/oauth2/auth/misc" name="TestJwkSetEndpoint" time="0.500000"></testcase>
		<testcase classname="github.com/cisco-open/go-lanai/pkg/security/oauth2/auth/misc" name="TestTenantHierarchyEndpoint/GetParent" time="0.000000"></testcase>
		<testcase classname="github.com/cisco-open/go-lanai/pkg/security/oauth2/auth/misc" name="TestTenantHierarchyEndpoint/GetChildren" time="0.000000"></testcase>
		<testcase classname="github.com/cisco-open/go-lanai/pkg/security/oauth2/auth/misc" name="TestTenantHierarchyEndpoint/GetAncestors" time="0.000000"></testcase>
		<testcase classname="github.com/cisco-open/go-lanai/pkg/security/oauth2/auth/misc" name="TestTenantHierarchyEndpoint/GetDescendants" time="0.000000"></testcase>
		<testcase classname="github.com/cisco-open/go-lanai/pkg/security/oauth2/auth/misc" name="TestTenantHierarchyEndpoint/GetRoot" time="0.000000"></testcase>
		<testcase classname="github.com/cisco-open/go-lanai/pkg/security/oauth2/auth/misc" name="TestTenantHierarchyEndpoint" time="0.010000"></testcase>
		<testcase classname="github.com/cisco-open/go-lanai/pkg/security/oauth2/auth/misc" name="TestUserInfoEndpoint/JwtUserInfo" time="0.120000"></testcase>
		<testcase classname="github.com/cisco-open/go-lanai/pkg/security/oauth2/auth/misc" name="TestUserInfoEndpoint/PlainUserInfo" time="0.000000"></testcase>
		<testcase classname="github.com/cisco-open/go-lanai/pkg/security/oauth2/auth/misc" name="TestUserInfoEndpoint/UserInfoWithOIDCScope" time="0.000000"></testcase>
		<testcase classname="github.com/cisco-open/go-lanai/pkg/security/oauth2/auth/misc" name="TestUserInfoEndpoint/TestUserInfoWithClaimsRequest" time="0.000000"></testcase>
		<testcase classname="github.com/cisco-open/go-lanai/pkg/security/oauth2/auth/misc" name="TestUserInfoEndpoint" time="0.130000"></testcase>
		<testcase classname="github.com/cisco-open/go-lanai/pkg/security/oauth2/auth/misc" name="TestWellKnownEndpoint/OpenIDConfigWithoutExtra" time="0.000000"></testcase>
		<testcase classname="github.com/cisco-open/go-lanai/pkg/security/oauth2/auth/misc" name="TestWellKnownEndpoint/OpenIDConfigWithExtra" time="0.000000"></testcase>
		<testcase classname="github.com/cisco-open/go-lanai/pkg/security/oauth2/auth/misc" name="TestWellKnownEndpoint" time="0.010000"></testcase>
	</testsuite>
	<testsuite tests="0" failures="0" time="0.007000" name="github.com/cisco-open/go-lanai/pkg/security/oauth2/auth/mocks" timestamp="2025-05-28T20:55:39Z">
		<properties>
			<property name="go.version" value="go1.24.3 linux/amd64"></property>
		</properties>
	</testsuite>
	<testsuite tests="21" failures="0" time="1.395000" name="github.com/cisco-open/go-lanai/pkg/security/oauth2/auth/openid" timestamp="2025-05-28T20:55:39Z">
		<properties>
			<property name="go.version" value="go1.24.3 linux/amd64"></property>
		</properties>
		<testcase classname="github.com/cisco-open/go-lanai/pkg/security/oauth2/auth/openid" name="TestOpenIDAuthorizeRequestProcessor/ProcessWithMinimumParams" time="0.000000"></testcase>
		<testcase classname="github.com/cisco-open/go-lanai/pkg/security/oauth2/auth/openid" name="TestOpenIDAuthorizeRequestProcessor/ProcessWithResponseTypes" time="0.000000"></testcase>
		<testcase classname="github.com/cisco-open/go-lanai/pkg/security/oauth2/auth/openid" name="TestOpenIDAuthorizeRequestProcessor/ProcessWithoutNonce" time="0.000000"></testcase>
		<testcase classname="github.com/cisco-open/go-lanai/pkg/security/oauth2/auth/openid" name="TestOpenIDAuthorizeRequestProcessor/ProcessWithDisplay" time="0.000000"></testcase>
		<testcase classname="github.com/cisco-open/go-lanai/pkg/security/oauth2/auth/openid" name="TestOpenIDAuthorizeRequestProcessor/ProcessWithClaimsRequest" time="0.000000"></testcase>
		<testcase classname="github.com/cisco-open/go-lanai/pkg/security/oauth2/auth/openid" name="TestOpenIDAuthorizeRequestProcessor/ProcessWithMaxAge" time="0.000000"></testcase>
		<testcase classname="github.com/cisco-open/go-lanai/pkg/security/oauth2/auth/openid" name="TestOpenIDAuthorizeRequestProcessor/ProcessWithPrompt" time="0.000000"></testcase>
		<testcase classname="github.com/cisco-open/go-lanai/pkg/security/oauth2/auth/openid" name="TestOpenIDAuthorizeRequestProcessor/ProcessWithRequestObject" time="0.170000"></testcase>
		<testcase classname="github.com/cisco-open/go-lanai/pkg/security/oauth2/auth/openid" name="TestOpenIDAuthorizeRequestProcessor/ProcessWithRequestUri" time="0.010000"></testcase>
		<testcase classname="github.com/cisco-open/go-lanai/pkg/security/oauth2/auth/openid" name="TestOpenIDAuthorizeRequestProcessor" time="0.190000"></testcase>
		<testcase classname="github.com/cisco-open/go-lanai/pkg/security/oauth2/auth/openid" name="TestOpenIDTokenEnhancer/IDTokenWithCodeRespType" time="0.280000"></testcase>
		<testcase classname="github.com/cisco-open/go-lanai/pkg/security/oauth2/auth/openid" name="TestOpenIDTokenEnhancer/IDTokenWithTokenRespType" time="0.010000"></testcase>
		<testcase classname="github.com/cisco-open/go-lanai/pkg/security/oauth2/auth/openid" name="TestOpenIDTokenEnhancer/IDTokenWithIDTokenRespType" time="0.000000"></testcase>
		<testcase classname="github.com/cisco-open/go-lanai/pkg/security/oauth2/auth/openid" name="TestOpenIDTokenEnhancer/IDTokenWithClaimsRequest" time="0.000000"></testcase>
		<testcase classname="github.com/cisco-open/go-lanai/pkg/security/oauth2/auth/openid" name="TestOpenIDTokenEnhancer" time="0.300000"></testcase>
		<testcase classname="github.com/cisco-open/go-lanai/pkg/security/oauth2/auth/openid" name="TestWithMockedServer/TestLogoutSuccess" time="0.450000"></testcase>
		<testcase classname="github.com/cisco-open/go-lanai/pkg/security/oauth2/auth/openid" name="TestWithMockedServer/TestLogoutWithWrongIdTokenHint" time="0.000000"></testcase>
		<testcase classname="github.com/cisco-open/go-lanai/pkg/security/oauth2/auth/openid" name="TestWithMockedServer/TestLogoutWithInvalidIdTokenHint" time="0.350000"></testcase>
		<testcase classname="github.com/cisco-open/go-lanai/pkg/security/oauth2/auth/openid" name="TestWithMockedServer/TestLogoutWithInvalidRedirect" time="0.000000"></testcase>
		<testcase classname="github.com/cisco-open/go-lanai/pkg/security/oauth2/auth/openid" name="TestWithMockedServer/TestLogoutWithoutRedirect" time="0.000000"></testcase>
		<testcase classname="github.com/cisco-open/go-lanai/pkg/security/oauth2/auth/openid" name="TestWithMockedServer" time="0.820000"></testcase>
	</testsuite>
	<testsuite tests="0" failures="0" time="0.004000" name="github.com/cisco-open/go-lanai/pkg/security/oauth2/auth/revoke" timestamp="2025-05-28T20:55:39Z">
		<properties>
			<property name="go.version" value="go1.24.3 linux/amd64"></property>
		</properties>
	</testsuite>
	<testsuite tests="0" failures="0" time="0.005000" name="github.com/cisco-open/go-lanai/pkg/security/oauth2/auth/token" timestamp="2025-05-28T20:55:39Z">
		<properties>
			<property name="go.version" value="go1.24.3 linux/amd64"></property>
		</properties>
	</testsuite>
	<testsuite tests="3" failures="0" time="0.067000" name="github.com/cisco-open/go-lanai/pkg/security/oauth2/common" timestamp="2025-05-28T20:55:39Z">
		<properties>
			<property name="go.version" value="go1.24.3 linux/amd64"></property>
		</properties>
		<testcase classname="github.com/cisco-open/go-lanai/pkg/security/oauth2/common" name="TestClientUserTenantResolver/TestClientOnly" time="0.000000"></testcase>
		<testcase classname="github.com/cisco-open/go-lanai/pkg/security/oauth2/common" name="TestClientUserTenantResolver/TestClientAndUser" time="0.000000"></testcase>
		<testcase classname="github.com/cisco-open/go-lanai/pkg/security/oauth2/common" name="TestClientUserTenantResolver" time="0.000000"></testcase>
	</testsuite>
	<testsuite tests="0" failures="0" time="0.004000" name="github.com/cisco-open/go-lanai/pkg/security/oauth2/common/internal" timestamp="2025-05-28T20:55:39Z">
		<properties>
			<property name="go.version" value="go1.24.3 linux/amd64"></property>
		</properties>
	</testsuite>
	<testsuite tests="280" failures="0" time="10.594000" name="github.com/cisco-open/go-lanai/pkg/security/oauth2/jwt" timestamp="2025-05-28T20:55:39Z">
		<properties>
			<property name="go.version" value="go1.24.3 linux/amd64"></property>
		</properties>
		<testcase classname="github.com/cisco-open/go-lanai/pkg/security/oauth2/jwt" name="TestJwkMarshaling/RSA-KeyPair" time="0.360000"></testcase>
		<testcase classname="github.com/cisco-open/go-lanai/pkg/security/oauth2/jwt" name="TestJwkMarshaling/RSA-PublicKey" time="0.110000"></testcase>
		<testcase classname="github.com/cisco-open/go-lanai/pkg/security/oauth2/jwt" name="TestJwkMarshaling/EC-KeyPair" time="0.000000"></testcase>
		<testcase classname="github.com/cisco-open/go-lanai/pkg/security/oauth2/jwt" name="TestJwkMarshaling/EC256-PublicKey" time="0.000000"></testcase>
		<testcase classname="github.com/cisco-open/go-lanai/pkg/security/oauth2/jwt" name="TestJwkMarshaling/EC384-PublicKey" time="0.000000"></testcase>
		<testcase classname="github.com/cisco-open/go-lanai/pkg/security/oauth2/jwt" name="TestJwkMarshaling/EC521-PublicKey" time="0.010000"></testcase>
		<testcase classname="github.com/cisco-open/go-lanai/pkg/security/oauth2/jwt" name="TestJwkMarshaling/ED25519-KeyPair" time="0.000000"></testcase>
		<testcase classname="github.com/cisco-open/go-lanai/pkg/security/oauth2/jwt" name="TestJwkMarshaling/ED25519-PublicKey" time="0.000000"></testcase>
		<testcase classname="github.com/cisco-open/go-lanai/pkg/security/oauth2/jwt" name="TestJwkMarshaling/HMAC-Secret" time="0.000000"></testcase>
		<testcase classname="github.com/cisco-open/go-lanai/pkg/security/oauth2/jwt" name="TestJwkMarshaling" time="0.480000"></testcase>
		<testcase classname="github.com/cisco-open/go-lanai/pkg/security/oauth2/jwt" name="TestJwkUnmarshalling/RSA-RS256" time="0.000000"></testcase>
		<testcase classname="github.com/cisco-open/go-lanai/pkg/security/oauth2/jwt" name="TestJwkUnmarshalling/EC-ES256" time="0.000000"></testcase>
		<testcase classname="github.com/cisco-open/go-lanai/pkg/security/oauth2/jwt" name="TestJwkUnmarshalling/HMAC-HS256" time="0.000000"></testcase>
		<testcase classname="github.com/cisco-open/go-lanai/pkg/security/oauth2/jwt" name="TestJwkUnmarshalling/Ed25519-EdDSA" time="0.000000"></testcase>
		<testcase classname="github.com/cisco-open/go-lanai/pkg/security/oauth2/jwt" name="TestJwkUnmarshalling" time="0.000000"></testcase>
		<testcase classname="github.com/cisco-open/go-lanai/pkg/security/oauth2/jwt" name="TestFileJwkStore/RSA-2048/PrivateKeyWithID" time="0.000000"></testcase>
		<testcase classname="github.com/cisco-open/go-lanai/pkg/security/oauth2/jwt" name="TestFileJwkStore/RSA-2048/PrivateKeyTraditionalWithID" time="0.000000"></testcase>
		<testcase classname="github.com/cisco-open/go-lanai/pkg/security/oauth2/jwt" name="TestFileJwkStore/RSA-2048/PublicKeyWithID" time="0.000000"></testcase>
		<testcase classname="github.com/cisco-open/go-lanai/pkg/security/oauth2/jwt" name="TestFileJwkStore/RSA-2048/CertificateWithID" time="0.000000"></testcase>
		<testcase classname="github.com/cisco-open/go-lanai/pkg/security/oauth2/jwt" name="TestFileJwkStore/RSA-2048/PrivateKeyWithoutID" time="0.000000"></testcase>
		<testcase classname="github.com/cisco-open/go-lanai/pkg/security/oauth2/jwt" name="TestFileJwkStore/RSA-2048/PrivateKeyTraditionalWithoutID" time="0.000000"></testcase>
		<testcase classname="github.com/cisco-open/go-lanai/pkg/security/oauth2/jwt" name="TestFileJwkStore/RSA-2048/PublicKeyWithoutID" time="0.000000"></testcase>
		<testcase classname="github.com/cisco-open/go-lanai/pkg/security/oauth2/jwt" name="TestFileJwkStore/RSA-2048/CertificateWithoutID" time="0.000000"></testcase>
		<testcase classname="github.com/cisco-open/go-lanai/pkg/security/oauth2/jwt" name="TestFileJwkStore/RSA-2048/EncryptedPrivateKeyWithPasswd" time="0.000000"></testcase>
		<testcase classname="github.com/cisco-open/go-lanai/pkg/security/oauth2/jwt" name="TestFileJwkStore/RSA-2048/EncryptedPrivateKeyWithWrongPasswd" time="0.000000"></testcase>
		<testcase classname="github.com/cisco-open/go-lanai/pkg/security/oauth2/jwt" name="TestFileJwkStore/RSA-2048" time="0.020000"></testcase>
		<testcase classname="github.com/cisco-open/go-lanai/pkg/security/oauth2/jwt" name="TestFileJwkStore/ECDSA-P-256/PrivateKeyWithID" time="0.000000"></testcase>
		<testcase classname="github.com/cisco-open/go-lanai/pkg/security/oauth2/jwt" name="TestFileJwkStore/ECDSA-P-256/PrivateKeyTraditionalWithID" time="0.000000"></testcase>
		<testcase classname="github.com/cisco-open/go-lanai/pkg/security/oauth2/jwt" name="TestFileJwkStore/ECDSA-P-256/PublicKeyWithID" time="0.000000"></testcase>
		<testcase classname="github.com/cisco-open/go-lanai/pkg/security/oauth2/jwt" name="TestFileJwkStore/ECDSA-P-256/CertificateWithID" time="0.000000"></testcase>
		<testcase classname="github.com/cisco-open/go-lanai/pkg/security/oauth2/jwt" name="TestFileJwkStore/ECDSA-P-256/PrivateKeyWithoutID" time="0.000000"></testcase>
		<testcase classname="github.com/cisco-open/go-lanai/pkg/security/oauth2/jwt" name="TestFileJwkStore/ECDSA-P-256/PrivateKeyTraditionalWithoutID" time="0.000000"></testcase>
		<testcase classname="github.com/cisco-open/go-lanai/pkg/security/oauth2/jwt" name="TestFileJwkStore/ECDSA-P-256/PublicKeyWithoutID" time="0.000000"></testcase>
		<testcase classname="github.com/cisco-open/go-lanai/pkg/security/oauth2/jwt" name="TestFileJwkStore/ECDSA-P-256/CertificateWithoutID" time="0.000000"></testcase>
		<testcase classname="github.com/cisco-open/go-lanai/pkg/security/oauth2/jwt" name="TestFileJwkStore/ECDSA-P-256/EncryptedPrivateKeyWithPasswd" time="0.000000"></testcase>
		<testcase classname="github.com/cisco-open/go-lanai/pkg/security/oauth2/jwt" name="TestFileJwkStore/ECDSA-P-256/EncryptedPrivateKeyWithWrongPasswd" time="0.000000"></testcase>
		<testcase classname="github.com/cisco-open/go-lanai/pkg/security/oauth2/jwt" name="TestFileJwkStore/ECDSA-P-256" time="0.000000"></testcase>
		<testcase classname="github.com/cisco-open/go-lanai/pkg/security/oauth2/jwt" name="TestFileJwkStore/ECDSA-P-384/PrivateKeyWithID" time="0.000000"></testcase>
		<testcase classname="github.com/cisco-open/go-lanai/pkg/security/oauth2/jwt" name="TestFileJwkStore/ECDSA-P-384/PrivateKeyTraditionalWithID" time="0.000000"></testcase>
		<testcase classname="github.com/cisco-open/go-lanai/pkg/security/oauth2/jwt" name="TestFileJwkStore/ECDSA-P-384/PublicKeyWithID" time="0.000000"></testcase>
		<testcase classname="github.com/cisco-open/go-lanai/pkg/security/oauth2/jwt" name="TestFileJwkStore/ECDSA-P-384/CertificateWithID" time="0.000000"></testcase>
		<testcase classname="github.com/cisco-open/go-lanai/pkg/security/oauth2/jwt" name="TestFileJwkStore/ECDSA-P-384/PrivateKeyWithoutID" time="0.000000"></testcase>
		<testcase classname="github.com/cisco-open/go-lanai/pkg/security/oauth2/jwt" name="TestFileJwkStore/ECDSA-P-384/PrivateKeyTraditionalWithoutID" time="0.000000"></testcase>
		<testcase classname="github.com/cisco-open/go-lanai/pkg/security/oauth2/jwt" name="TestFileJwkStore/ECDSA-P-384/PublicKeyWithoutID" time="0.000000"></testcase>
		<testcase classname="github.com/cisco-open/go-lanai/pkg/security/oauth2/jwt" name="TestFileJwkStore/ECDSA-P-384/CertificateWithoutID" time="0.000000"></testcase>
		<testcase classname="github.com/cisco-open/go-lanai/pkg/security/oauth2/jwt" name="TestFileJwkStore/ECDSA-P-384/EncryptedPrivateKeyWithPasswd" time="0.000000"></testcase>
		<testcase classname="github.com/cisco-open/go-lanai/pkg/security/oauth2/jwt" name="TestFileJwkStore/ECDSA-P-384/EncryptedPrivateKeyWithWrongPasswd" time="0.000000"></testcase>
		<testcase classname="github.com/cisco-open/go-lanai/pkg/security/oauth2/jwt" name="TestFileJwkStore/ECDSA-P-384" time="0.010000"></testcase>
		<testcase classname="github.com/cisco-open/go-lanai/pkg/security/oauth2/jwt" name="TestFileJwkStore/ECDSA-P-521/PrivateKeyWithID" time="0.000000"></testcase>
		<testcase classname="github.com/cisco-open/go-lanai/pkg/security/oauth2/jwt" name="TestFileJwkStore/ECDSA-P-521/PrivateKeyTraditionalWithID" time="0.000000"></testcase>
		<testcase classname="github.com/cisco-open/go-lanai/pkg/security/oauth2/jwt" name="TestFileJwkStore/ECDSA-P-521/PublicKeyWithID" time="0.000000"></testcase>
		<testcase classname="github.com/cisco-open/go-lanai/pkg/security/oauth2/jwt" name="TestFileJwkStore/ECDSA-P-521/CertificateWithID" time="0.000000"></testcase>
		<testcase classname="github.com/cisco-open/go-lanai/pkg/security/oauth2/jwt" name="TestFileJwkStore/ECDSA-P-521/PrivateKeyWithoutID" time="0.010000"></testcase>
		<testcase classname="github.com/cisco-open/go-lanai/pkg/security/oauth2/jwt" name="TestFileJwkStore/ECDSA-P-521/PrivateKeyTraditionalWithoutID" time="0.010000"></testcase>
		<testcase classname="github.com/cisco-open/go-lanai/pkg/security/oauth2/jwt" name="TestFileJwkStore/ECDSA-P-521/PublicKeyWithoutID" time="0.000000"></testcase>
		<testcase classname="github.com/cisco-open/go-lanai/pkg/security/oauth2/jwt" name="TestFileJwkStore/ECDSA-P-521/CertificateWithoutID" time="0.000000"></testcase>
		<testcase classname="github.com/cisco-open/go-lanai/pkg/security/oauth2/jwt" name="TestFileJwkStore/ECDSA-P-521/EncryptedPrivateKeyWithPasswd" time="0.010000"></testcase>
		<testcase classname="github.com/cisco-open/go-lanai/pkg/security/oauth2/jwt" name="TestFileJwkStore/ECDSA-P-521/EncryptedPrivateKeyWithWrongPasswd" time="0.000000"></testcase>
		<testcase classname="github.com/cisco-open/go-lanai/pkg/security/oauth2/jwt" name="TestFileJwkStore/ECDSA-P-521" time="0.030000"></testcase>
		<testcase classname="github.com/cisco-open/go-lanai/pkg/security/oauth2/jwt" name="TestFileJwkStore/HMAC-256/SymmetricKeyWithID" time="0.000000"></testcase>
		<testcase classname="github.com/cisco-open/go-lanai/pkg/security/oauth2/jwt" name="TestFileJwkStore/HMAC-256/SymmetricKeyWithoutID" time="0.000000"></testcase>
		<testcase classname="github.com/cisco-open/go-lanai/pkg/security/oauth2/jwt" name="TestFileJwkStore/HMAC-256" time="0.000000"></testcase>
		<testcase classname="github.com/cisco-open/go-lanai/pkg/security/oauth2/jwt" name="TestFileJwkStore/HMAC-384/SymmetricKeyWithID" time="0.000000"></testcase>
		<testcase classname="github.com/cisco-open/go-lanai/pkg/security/oauth2/jwt" name="TestFileJwkStore/HMAC-384/SymmetricKeyWithoutID" time="0.000000"></testcase>
		<testcase classname="github.com/cisco-open/go-lanai/pkg/security/oauth2/jwt" name="TestFileJwkStore/HMAC-384" time="0.000000"></testcase>
		<testcase classname="github.com/cisco-open/go-lanai/pkg/security/oauth2/jwt" name="TestFileJwkStore/HMAC-512/SymmetricKeyWithID" time="0.000000"></testcase>
		<testcase classname="github.com/cisco-open/go-lanai/pkg/security/oauth2/jwt" name="TestFileJwkStore/HMAC-512/SymmetricKeyWithoutID" time="0.000000"></testcase>
		<testcase classname="github.com/cisco-open/go-lanai/pkg/security/oauth2/jwt" name="TestFileJwkStore/HMAC-512" time="0.000000"></testcase>
		<testcase classname="github.com/cisco-open/go-lanai/pkg/security/oauth2/jwt" name="TestFileJwkStore/ED25519/PrivateKeyWithID" time="0.000000"></testcase>
		<testcase classname="github.com/cisco-open/go-lanai/pkg/security/oauth2/jwt" name="TestFileJwkStore/ED25519/PrivateKeyTraditionalWithID" time="0.000000"></testcase>
		<testcase classname="github.com/cisco-open/go-lanai/pkg/security/oauth2/jwt" name="TestFileJwkStore/ED25519/PublicKeyWithID" time="0.000000"></testcase>
		<testcase classname="github.com/cisco-open/go-lanai/pkg/security/oauth2/jwt" name="TestFileJwkStore/ED25519/CertificateWithID" time="0.000000"></testcase>
		<testcase classname="github.com/cisco-open/go-lanai/pkg/security/oauth2/jwt" name="TestFileJwkStore/ED25519/PrivateKeyWithoutID" time="0.000000"></testcase>
		<testcase classname="github.com/cisco-open/go-lanai/pkg/security/oauth2/jwt" name="TestFileJwkStore/ED25519/PrivateKeyTraditionalWithoutID" time="0.000000"></testcase>
		<testcase classname="github.com/cisco-open/go-lanai/pkg/security/oauth2/jwt" name="TestFileJwkStore/ED25519/PublicKeyWithoutID" time="0.000000"></testcase>
		<testcase classname="github.com/cisco-open/go-lanai/pkg/security/oauth2/jwt" name="TestFileJwkStore/ED25519/CertificateWithoutID" time="0.000000"></testcase>
		<testcase classname="github.com/cisco-open/go-lanai/pkg/security/oauth2/jwt" name="TestFileJwkStore/ED25519" time="0.000000"></testcase>
		<testcase classname="github.com/cisco-open/go-lanai/pkg/security/oauth2/jwt" name="TestFileJwkStore/single-key/SingleKeyWithID" time="0.000000"></testcase>
		<testcase classname="github.com/cisco-open/go-lanai/pkg/security/oauth2/jwt" name="TestFileJwkStore/single-key/SingleKeyWithoutID" time="0.000000"></testcase>
		<testcase classname="github.com/cisco-open/go-lanai/pkg/security/oauth2/jwt" name="TestFileJwkStore/single-key" time="0.000000"></testcase>
		<testcase classname="github.com/cisco-open/go-lanai/pkg/security/oauth2/jwt" name="TestFileJwkStore" time="0.070000"></testcase>
		<testcase classname="github.com/cisco-open/go-lanai/pkg/security/oauth2/jwt" name="TestJwtWithKid/HS256/JwtEncodeWithDynamicMethod" time="0.000000"></testcase>
		<testcase classname="github.com/cisco-open/go-lanai/pkg/security/oauth2/jwt" name="TestJwtWithKid/HS256/JwtDecodeSuccessWithSameKey" time="0.000000"></testcase>
		<testcase classname="github.com/cisco-open/go-lanai/pkg/security/oauth2/jwt" name="TestJwtWithKid/HS256/JwtDecodeSuccessWithRotatedKey" time="0.000000"></testcase>
		<testcase classname="github.com/cisco-open/go-lanai/pkg/security/oauth2/jwt" name="TestJwtWithKid/HS256/JwtDecodeSuccessWithCustomClaims" time="0.000000"></testcase>
		<testcase classname="github.com/cisco-open/go-lanai/pkg/security/oauth2/jwt" name="TestJwtWithKid/HS256/JwtDecodeFailedWithWrongKey" time="0.000000"></testcase>
		<testcase classname="github.com/cisco-open/go-lanai/pkg/security/oauth2/jwt" name="TestJwtWithKid/HS256/JwtDecodeFailedWithNonExistingKey" time="0.160000"></testcase>
		<testcase classname="github.com/cisco-open/go-lanai/pkg/security/oauth2/jwt" name="TestJwtWithKid/HS256/JwtDecodeFailsWithWrongAlg" time="0.000000"></testcase>
		<testcase classname="github.com/cisco-open/go-lanai/pkg/security/oauth2/jwt" name="TestJwtWithKid/HS256" time="0.160000"></testcase>
		<testcase classname="github.com/cisco-open/go-lanai/pkg/security/oauth2/jwt" name="TestJwtWithKid/HS384/JwtEncodeWithDynamicMethod" time="0.000000"></testcase>
		<testcase classname="github.com/cisco-open/go-lanai/pkg/security/oauth2/jwt" name="TestJwtWithKid/HS384/JwtDecodeSuccessWithSameKey" time="0.000000"></testcase>
		<testcase classname="github.com/cisco-open/go-lanai/pkg/security/oauth2/jwt" name="TestJwtWithKid/HS384/JwtDecodeSuccessWithRotatedKey" time="0.000000"></testcase>
		<testcase classname="github.com/cisco-open/go-lanai/pkg/security/oauth2/jwt" name="TestJwtWithKid/HS384/JwtDecodeSuccessWithCustomClaims" time="0.000000"></testcase>
		<testcase classname="github.com/cisco-open/go-lanai/pkg/security/oauth2/jwt" name="TestJwtWithKid/HS384/JwtDecodeFailedWithWrongKey" time="0.000000"></testcase>
		<testcase classname="github.com/cisco-open/go-lanai/pkg/security/oauth2/jwt" name="TestJwtWithKid/HS384/JwtDecodeFailedWithNonExistingKey" time="0.770000"></testcase>
		<testcase classname="github.com/cisco-open/go-lanai/pkg/security/oauth2/jwt" name="TestJwtWithKid/HS384/JwtDecodeFailsWithWrongAlg" time="0.000000"></testcase>
		<testcase classname="github.com/cisco-open/go-lanai/pkg/security/oauth2/jwt" name="TestJwtWithKid/HS384" time="0.770000"></testcase>
		<testcase classname="github.com/cisco-open/go-lanai/pkg/security/oauth2/jwt" name="TestJwtWithKid/HS512/JwtEncodeWithDynamicMethod" time="0.000000"></testcase>
		<testcase classname="github.com/cisco-open/go-lanai/pkg/security/oauth2/jwt" name="TestJwtWithKid/HS512/JwtDecodeSuccessWithSameKey" time="0.000000"></testcase>
		<testcase classname="github.com/cisco-open/go-lanai/pkg/security/oauth2/jwt" name="TestJwtWithKid/HS512/JwtDecodeSuccessWithRotatedKey" time="0.000000"></testcase>
		<testcase classname="github.com/cisco-open/go-lanai/pkg/security/oauth2/jwt" name="TestJwtWithKid/HS512/JwtDecodeSuccessWithCustomClaims" time="0.000000"></testcase>
		<testcase classname="github.com/cisco-open/go-lanai/pkg/security/oauth2/jwt" name="TestJwtWithKid/HS512/JwtDecodeFailedWithWrongKey" time="0.000000"></testcase>
		<testcase classname="github.com/cisco-open/go-lanai/pkg/security/oauth2/jwt" name="TestJwtWithKid/HS512/JwtDecodeFailedWithNonExistingKey" time="0.150000"></testcase>
		<testcase classname="github.com/cisco-open/go-lanai/pkg/security/oauth2/jwt" name="TestJwtWithKid/HS512/JwtDecodeFailsWithWrongAlg" time="0.000000"></testcase>
		<testcase classname="github.com/cisco-open/go-lanai/pkg/security/oauth2/jwt" name="TestJwtWithKid/HS512" time="0.150000"></testcase>
		<testcase classname="github.com/cisco-open/go-lanai/pkg/security/oauth2/jwt" name="TestJwtWithKid/RS256/JwtEncodeWithDynamicMethod" time="0.130000"></testcase>
		<testcase classname="github.com/cisco-open/go-lanai/pkg/security/oauth2/jwt" name="TestJwtWithKid/RS256/JwtDecodeSuccessWithSameKey" time="0.000000"></testcase>
		<testcase classname="github.com/cisco-open/go-lanai/pkg/security/oauth2/jwt" name="TestJwtWithKid/RS256/JwtDecodeSuccessWithRotatedKey" time="0.000000"></testcase>
		<testcase classname="github.com/cisco-open/go-lanai/pkg/security/oauth2/jwt" name="TestJwtWithKid/RS256/JwtDecodeSuccessWithCustomClaims" time="0.120000"></testcase>
		<testcase classname="github.com/cisco-open/go-lanai/pkg/security/oauth2/jwt" name="TestJwtWithKid/RS256/JwtDecodeFailedWithWrongKey" time="0.320000"></testcase>
		<testcase classname="github.com/cisco-open/go-lanai/pkg/security/oauth2/jwt" name="TestJwtWithKid/RS256/JwtDecodeFailedWithNonExistingKey" time="0.230000"></testcase>
		<testcase classname="github.com/cisco-open/go-lanai/pkg/security/oauth2/jwt" name="TestJwtWithKid/RS256/JwtDecodeFailsWithWrongAlg" time="0.000000"></testcase>
		<testcase classname="github.com/cisco-open/go-lanai/pkg/security/oauth2/jwt" name="TestJwtWithKid/RS256" time="0.810000"></testcase>
		<testcase classname="github.com/cisco-open/go-lanai/pkg/security/oauth2/jwt" name="TestJwtWithKid/RS384/JwtEncodeWithDynamicMethod" time="0.190000"></testcase>
		<testcase classname="github.com/cisco-open/go-lanai/pkg/security/oauth2/jwt" name="TestJwtWithKid/RS384/JwtDecodeSuccessWithSameKey" time="0.000000"></testcase>
		<testcase classname="github.com/cisco-open/go-lanai/pkg/security/oauth2/jwt" name="TestJwtWithKid/RS384/JwtDecodeSuccessWithRotatedKey" time="0.000000"></testcase>
		<testcase classname="github.com/cisco-open/go-lanai/pkg/security/oauth2/jwt" name="TestJwtWithKid/RS384/JwtDecodeSuccessWithCustomClaims" time="0.260000"></testcase>
		<testcase classname="github.com/cisco-open/go-lanai/pkg/security/oauth2/jwt" name="TestJwtWithKid/RS384/JwtDecodeFailedWithWrongKey" time="0.430000"></testcase>
		<testcase classname="github.com/cisco-open/go-lanai/pkg/security/oauth2/jwt" name="TestJwtWithKid/RS384/JwtDecodeFailedWithNonExistingKey" time="0.490000"></testcase>
		<testcase classname="github.com/cisco-open/go-lanai/pkg/security/oauth2/jwt" name="TestJwtWithKid/RS384/JwtDecodeFailsWithWrongAlg" time="0.000000"></testcase>
		<testcase classname="github.com/cisco-open/go-lanai/pkg/security/oauth2/jwt" name="TestJwtWithKid/RS384" time="1.370000"></testcase>
		<testcase classname="github.com/cisco-open/go-lanai/pkg/security/oauth2/jwt" name="TestJwtWithKid/RS512/JwtEncodeWithDynamicMethod" time="0.200000"></testcase>
		<testcase classname="github.com/cisco-open/go-lanai/pkg/security/oauth2/jwt" name="TestJwtWithKid/RS512/JwtDecodeSuccessWithSameKey" time="0.000000"></testcase>
		<testcase classname="github.com/cisco-open/go-lanai/pkg/security/oauth2/jwt" name="TestJwtWithKid/RS512/JwtDecodeSuccessWithRotatedKey" time="0.000000"></testcase>
		<testcase classname="github.com/cisco-open/go-lanai/pkg/security/oauth2/jwt" name="TestJwtWithKid/RS512/JwtDecodeSuccessWithCustomClaims" time="0.310000"></testcase>
		<testcase classname="github.com/cisco-open/go-lanai/pkg/security/oauth2/jwt" name="TestJwtWithKid/RS512/JwtDecodeFailedWithWrongKey" time="0.380000"></testcase>
		<testcase classname="github.com/cisco-open/go-lanai/pkg/security/oauth2/jwt" name="TestJwtWithKid/RS512/JwtDecodeFailedWithNonExistingKey" time="0.220000"></testcase>
		<testcase classname="github.com/cisco-open/go-lanai/pkg/security/oauth2/jwt" name="TestJwtWithKid/RS512/JwtDecodeFailsWithWrongAlg" time="0.000000"></testcase>
		<testcase classname="github.com/cisco-open/go-lanai/pkg/security/oauth2/jwt" name="TestJwtWithKid/RS512" time="1.100000"></testcase>
		<testcase classname="github.com/cisco-open/go-lanai/pkg/security/oauth2/jwt" name="TestJwtWithKid/ES256/JwtEncodeWithDynamicMethod" time="0.000000"></testcase>
		<testcase classname="github.com/cisco-open/go-lanai/pkg/security/oauth2/jwt" name="TestJwtWithKid/ES256/JwtDecodeSuccessWithSameKey" time="0.000000"></testcase>
		<testcase classname="github.com/cisco-open/go-lanai/pkg/security/oauth2/jwt" name="TestJwtWithKid/ES256/JwtDecodeSuccessWithRotatedKey" time="0.000000"></testcase>
		<testcase classname="github.com/cisco-open/go-lanai/pkg/security/oauth2/jwt" name="TestJwtWithKid/ES256/JwtDecodeSuccessWithCustomClaims" time="0.000000"></testcase>
		<testcase classname="github.com/cisco-open/go-lanai/pkg/security/oauth2/jwt" name="TestJwtWithKid/ES256/JwtDecodeFailedWithWrongKey" time="0.000000"></testcase>
		<testcase classname="github.com/cisco-open/go-lanai/pkg/security/oauth2/jwt" name="TestJwtWithKid/ES256/JwtDecodeFailedWithNonExistingKey" time="0.430000"></testcase>
		<testcase classname="github.com/cisco-open/go-lanai/pkg/security/oauth2/jwt" name="TestJwtWithKid/ES256/JwtDecodeFailsWithWrongAlg" time="0.000000"></testcase>
		<testcase classname="github.com/cisco-open/go-lanai/pkg/security/oauth2/jwt" name="TestJwtWithKid/ES256" time="0.440000"></testcase>
		<testcase classname="github.com/cisco-open/go-lanai/pkg/security/oauth2/jwt" name="TestJwtWithKid/ES384/JwtEncodeWithDynamicMethod" time="0.000000"></testcase>
		<testcase classname="github.com/cisco-open/go-lanai/pkg/security/oauth2/jwt" name="TestJwtWithKid/ES384/JwtDecodeSuccessWithSameKey" time="0.000000"></testcase>
		<testcase classname="github.com/cisco-open/go-lanai/pkg/security/oauth2/jwt" name="TestJwtWithKid/ES384/JwtDecodeSuccessWithRotatedKey" time="0.000000"></testcase>
		<testcase classname="github.com/cisco-open/go-lanai/pkg/security/oauth2/jwt" name="TestJwtWithKid/ES384/JwtDecodeSuccessWithCustomClaims" time="0.000000"></testcase>
		<testcase classname="github.com/cisco-open/go-lanai/pkg/security/oauth2/jwt" name="TestJwtWithKid/ES384/JwtDecodeFailedWithWrongKey" time="0.000000"></testcase>
		<testcase classname="github.com/cisco-open/go-lanai/pkg/security/oauth2/jwt" name="TestJwtWithKid/ES384/JwtDecodeFailedWithNonExistingKey" time="0.100000"></testcase>
		<testcase classname="github.com/cisco-open/go-lanai/pkg/security/oauth2/jwt" name="TestJwtWithKid/ES384/JwtDecodeFailsWithWrongAlg" time="0.000000"></testcase>
		<testcase classname="github.com/cisco-open/go-lanai/pkg/security/oauth2/jwt" name="TestJwtWithKid/ES384" time="0.110000"></testcase>
		<testcase classname="github.com/cisco-open/go-lanai/pkg/security/oauth2/jwt" name="TestJwtWithKid/ES512/JwtEncodeWithDynamicMethod" time="0.000000"></testcase>
		<testcase classname="github.com/cisco-open/go-lanai/pkg/security/oauth2/jwt" name="TestJwtWithKid/ES512/JwtDecodeSuccessWithSameKey" time="0.000000"></testcase>
		<testcase classname="github.com/cisco-open/go-lanai/pkg/security/oauth2/jwt" name="TestJwtWithKid/ES512/JwtDecodeSuccessWithRotatedKey" time="0.000000"></testcase>
		<testcase classname="github.com/cisco-open/go-lanai/pkg/security/oauth2/jwt" name="TestJwtWithKid/ES512/JwtDecodeSuccessWithCustomClaims" time="0.010000"></testcase>
		<testcase classname="github.com/cisco-open/go-lanai/pkg/security/oauth2/jwt" name="TestJwtWithKid/ES512/JwtDecodeFailedWithWrongKey" time="0.000000"></testcase>
		<testcase classname="github.com/cisco-open/go-lanai/pkg/security/oauth2/jwt" name="TestJwtWithKid/ES512/JwtDecodeFailedWithNonExistingKey" time="0.410000"></testcase>
		<testcase classname="github.com/cisco-open/go-lanai/pkg/security/oauth2/jwt" name="TestJwtWithKid/ES512/JwtDecodeFailsWithWrongAlg" time="0.000000"></testcase>
		<testcase classname="github.com/cisco-open/go-lanai/pkg/security/oauth2/jwt" name="TestJwtWithKid/ES512" time="0.440000"></testcase>
		<testcase classname="github.com/cisco-open/go-lanai/pkg/security/oauth2/jwt" name="TestJwtWithKid/PS256/JwtEncodeWithDynamicMethod" time="0.370000"></testcase>
		<testcase classname="github.com/cisco-open/go-lanai/pkg/security/oauth2/jwt" name="TestJwtWithKid/PS256/JwtDecodeSuccessWithSameKey" time="0.000000"></testcase>
		<testcase classname="github.com/cisco-open/go-lanai/pkg/security/oauth2/jwt" name="TestJwtWithKid/PS256/JwtDecodeSuccessWithRotatedKey" time="0.000000"></testcase>
		<testcase classname="github.com/cisco-open/go-lanai/pkg/security/oauth2/jwt" name="TestJwtWithKid/PS256/JwtDecodeSuccessWithCustomClaims" time="0.460000"></testcase>
		<testcase classname="github.com/cisco-open/go-lanai/pkg/security/oauth2/jwt" name="TestJwtWithKid/PS256/JwtDecodeFailedWithWrongKey" time="0.310000"></testcase>
		<testcase classname="github.com/cisco-open/go-lanai/pkg/security/oauth2/jwt" name="TestJwtWithKid/PS256/JwtDecodeFailedWithNonExistingKey" time="0.310000"></testcase>
		<testcase classname="github.com/cisco-open/go-lanai/pkg/security/oauth2/jwt" name="TestJwtWithKid/PS256/JwtDecodeFailsWithWrongAlg" time="0.000000"></testcase>
		<testcase classname="github.com/cisco-open/go-lanai/pkg/security/oauth2/jwt" name="TestJwtWithKid/PS256" time="1.470000"></testcase>
		<testcase classname="github.com/cisco-open/go-lanai/pkg/security/oauth2/jwt" name="TestJwtWithKid/PS384/JwtEncodeWithDynamicMethod" time="0.400000"></testcase>
		<testcase classname="github.com/cisco-open/go-lanai/pkg/security/oauth2/jwt" name="TestJwtWithKid/PS384/JwtDecodeSuccessWithSameKey" time="0.000000"></testcase>
		<testcase classname="github.com/cisco-open/go-lanai/pkg/security/oauth2/jwt" name="TestJwtWithKid/PS384/JwtDecodeSuccessWithRotatedKey" time="0.000000"></testcase>
		<testcase classname="github.com/cisco-open/go-lanai/pkg/security/oauth2/jwt" name="TestJwtWithKid/PS384/JwtDecodeSuccessWithCustomClaims" time="0.210000"></testcase>
		<testcase classname="github.com/cisco-open/go-lanai/pkg/security/oauth2/jwt" name="TestJwtWithKid/PS384/JwtDecodeFailedWithWrongKey" time="0.060000"></testcase>
		<testcase classname="github.com/cisco-open/go-lanai/pkg/security/oauth2/jwt" name="TestJwtWithKid/PS384/JwtDecodeFailedWithNonExistingKey" time="0.350000"></testcase>
		<testcase classname="github.com/cisco-open/go-lanai/pkg/security/oauth2/jwt" name="TestJwtWithKid/PS384/JwtDecodeFailsWithWrongAlg" time="0.000000"></testcase>
		<testcase classname="github.com/cisco-open/go-lanai/pkg/security/oauth2/jwt" name="TestJwtWithKid/PS384" time="1.020000"></testcase>
		<testcase classname="github.com/cisco-open/go-lanai/pkg/security/oauth2/jwt" name="TestJwtWithKid/PS512/JwtEncodeWithDynamicMethod" time="0.150000"></testcase>
		<testcase classname="github.com/cisco-open/go-lanai/pkg/security/oauth2/jwt" name="TestJwtWithKid/PS512/JwtDecodeSuccessWithSameKey" time="0.000000"></testcase>
		<testcase classname="github.com/cisco-open/go-lanai/pkg/security/oauth2/jwt" name="TestJwtWithKid/PS512/JwtDecodeSuccessWithRotatedKey" time="0.000000"></testcase>
		<testcase classname="github.com/cisco-open/go-lanai/pkg/security/oauth2/jwt" name="TestJwtWithKid/PS512/JwtDecodeSuccessWithCustomClaims" time="0.600000"></testcase>
		<testcase classname="github.com/cisco-open/go-lanai/pkg/security/oauth2/jwt" name="TestJwtWithKid/PS512/JwtDecodeFailedWithWrongKey" time="0.240000"></testcase>
		<testcase classname="github.com/cisco-open/go-lanai/pkg/security/oauth2/jwt" name="TestJwtWithKid/PS512/JwtDecodeFailedWithNonExistingKey" time="0.470000"></testcase>
		<testcase classname="github.com/cisco-open/go-lanai/pkg/security/oauth2/jwt" name="TestJwtWithKid/PS512/JwtDecodeFailsWithWrongAlg" time="0.000000"></testcase>
		<testcase classname="github.com/cisco-open/go-lanai/pkg/security/oauth2/jwt" name="TestJwtWithKid/PS512" time="1.460000"></testcase>
		<testcase classname="github.com/cisco-open/go-lanai/pkg/security/oauth2/jwt" name="TestJwtWithKid/EdDSA/JwtEncodeWithDynamicMethod" time="0.000000"></testcase>
		<testcase classname="github.com/cisco-open/go-lanai/pkg/security/oauth2/jwt" name="TestJwtWithKid/EdDSA/JwtDecodeSuccessWithSameKey" time="0.000000"></testcase>
		<testcase classname="github.com/cisco-open/go-lanai/pkg/security/oauth2/jwt" name="TestJwtWithKid/EdDSA/JwtDecodeSuccessWithRotatedKey" time="0.000000"></testcase>
		<testcase classname="github.com/cisco-open/go-lanai/pkg/security/oauth2/jwt" name="TestJwtWithKid/EdDSA/JwtDecodeSuccessWithCustomClaims" time="0.000000"></testcase>
		<testcase classname="github.com/cisco-open/go-lanai/pkg/security/oauth2/jwt" name="TestJwtWithKid/EdDSA/JwtDecodeFailedWithWrongKey" time="0.000000"></testcase>
		<testcase classname="github.com/cisco-open/go-lanai/pkg/security/oauth2/jwt" name="TestJwtWithKid/EdDSA/JwtDecodeFailedWithNonExistingKey" time="0.020000"></testcase>
		<testcase classname="github.com/cisco-open/go-lanai/pkg/security/oauth2/jwt" name="TestJwtWithKid/EdDSA/JwtDecodeFailsWithWrongAlg" time="0.000000"></testcase>
		<testcase classname="github.com/cisco-open/go-lanai/pkg/security/oauth2/jwt" name="TestJwtWithKid/EdDSA" time="0.020000"></testcase>
		<testcase classname="github.com/cisco-open/go-lanai/pkg/security/oauth2/jwt" name="TestJwtWithKid" time="9.330000"></testcase>
		<testcase classname="github.com/cisco-open/go-lanai/pkg/security/oauth2/jwt" name="TestJwtWithoutKid/HS256/JwtEncodeWithDynamicMethod" time="0.000000"></testcase>
		<testcase classname="github.com/cisco-open/go-lanai/pkg/security/oauth2/jwt" name="TestJwtWithoutKid/HS256/JwtDecodeSuccessWithSameKey" time="0.000000"></testcase>
		<testcase classname="github.com/cisco-open/go-lanai/pkg/security/oauth2/jwt" name="TestJwtWithoutKid/HS256/nonRotatingJwkStore" time="0.000000"></testcase>
		<testcase classname="github.com/cisco-open/go-lanai/pkg/security/oauth2/jwt" name="TestJwtWithoutKid/HS256/JwtDecodeFailedWithWrongKey" time="0.000000"></testcase>
		<testcase classname="github.com/cisco-open/go-lanai/pkg/security/oauth2/jwt" name="TestJwtWithoutKid/HS256/JwtDecodeFailedWithNonExistingKey" time="0.020000"></testcase>
		<testcase classname="github.com/cisco-open/go-lanai/pkg/security/oauth2/jwt" name="TestJwtWithoutKid/HS256/JwtDecodeFailsWithWrongAlg" time="0.000000"></testcase>
		<testcase classname="github.com/cisco-open/go-lanai/pkg/security/oauth2/jwt" name="TestJwtWithoutKid/HS256" time="0.020000"></testcase>
		<testcase classname="github.com/cisco-open/go-lanai/pkg/security/oauth2/jwt" name="TestJwtWithoutKid/RS256/JwtEncodeWithDynamicMethod" time="0.110000"></testcase>
		<testcase classname="github.com/cisco-open/go-lanai/pkg/security/oauth2/jwt" name="TestJwtWithoutKid/RS256/JwtDecodeSuccessWithSameKey" time="0.000000"></testcase>
		<testcase classname="github.com/cisco-open/go-lanai/pkg/security/oauth2/jwt" name="TestJwtWithoutKid/RS256/nonRotatingJwkStore" time="0.000000"></testcase>
		<testcase classname="github.com/cisco-open/go-lanai/pkg/security/oauth2/jwt" name="TestJwtWithoutKid/RS256/JwtDecodeFailedWithWrongKey" time="0.140000"></testcase>
		<testcase classname="github.com/cisco-open/go-lanai/pkg/security/oauth2/jwt" name="TestJwtWithoutKid/RS256/JwtDecodeFailedWithNonExistingKey" time="0.150000"></testcase>
		<testcase classname="github.com/cisco-open/go-lanai/pkg/security/oauth2/jwt" name="TestJwtWithoutKid/RS256/JwtDecodeFailsWithWrongAlg" time="0.000000"></testcase>
		<testcase classname="github.com/cisco-open/go-lanai/pkg/security/oauth2/jwt" name="TestJwtWithoutKid/RS256" time="0.400000"></testcase>
		<testcase classname="github.com/cisco-open/go-lanai/pkg/security/oauth2/jwt" name="TestJwtWithoutKid/ES256/JwtEncodeWithDynamicMethod" time="0.000000"></testcase>
		<testcase classname="github.com/cisco-open/go-lanai/pkg/security/oauth2/jwt" name="TestJwtWithoutKid/ES256/JwtDecodeSuccessWithSameKey" time="0.000000"></testcase>
		<testcase classname="github.com/cisco-open/go-lanai/pkg/security/oauth2/jwt" name="TestJwtWithoutKid/ES256/nonRotatingJwkStore" time="0.000000"></testcase>
		<testcase classname="github.com/cisco-open/go-lanai/pkg/security/oauth2/jwt" name="TestJwtWithoutKid/ES256/JwtDecodeFailedWithWrongKey" time="0.000000"></testcase>
		<testcase classname="github.com/cisco-open/go-lanai/pkg/security/oauth2/jwt" name="TestJwtWithoutKid/ES256/JwtDecodeFailedWithNonExistingKey" time="0.070000"></testcase>
		<testcase classname="github.com/cisco-open/go-lanai/pkg/security/oauth2/jwt" name="TestJwtWithoutKid/ES256/JwtDecodeFailsWithWrongAlg" time="0.000000"></testcase>
		<testcase classname="github.com/cisco-open/go-lanai/pkg/security/oauth2/jwt" name="TestJwtWithoutKid/ES256" time="0.080000"></testcase>
		<testcase classname="github.com/cisco-open/go-lanai/pkg/security/oauth2/jwt" name="TestJwtWithoutKid" time="0.500000"></testcase>
		<testcase classname="github.com/cisco-open/go-lanai/pkg/security/oauth2/jwt" name="TestPlainJwt/SubTestPlainJwdDecodeSucceeds" time="0.000000"></testcase>
		<testcase classname="github.com/cisco-open/go-lanai/pkg/security/oauth2/jwt" name="TestPlainJwt/SubTestPlainJwtDecodeFailsWithWrongAlg" time="0.000000"></testcase>
		<testcase classname="github.com/cisco-open/go-lanai/pkg/security/oauth2/jwt" name="TestPlainJwt" time="0.130000"></testcase>
		<testcase classname="github.com/cisco-open/go-lanai/pkg/security/oauth2/jwt" name="TestRemoteJwkStore/JwkByKidEpWithCache/LoadByKid" time="0.000000"></testcase>
		<testcase classname="github.com/cisco-open/go-lanai/pkg/security/oauth2/jwt" name="TestRemoteJwkStore/JwkByKidEpWithCache/LoadByNonExistKid" time="0.000000"></testcase>
		<testcase classname="github.com/cisco-open/go-lanai/pkg/security/oauth2/jwt" name="TestRemoteJwkStore/JwkByKidEpWithCache/LoadByEmptyKid" time="0.000000"></testcase>
		<testcase classname="github.com/cisco-open/go-lanai/pkg/security/oauth2/jwt" name="TestRemoteJwkStore/JwkByKidEpWithCache/LoadByNonExistName" time="0.000000"></testcase>
		<testcase classname="github.com/cisco-open/go-lanai/pkg/security/oauth2/jwt" name="TestRemoteJwkStore/JwkByKidEpWithCache/LoadByEmptyName" time="0.000000"></testcase>
		<testcase classname="github.com/cisco-open/go-lanai/pkg/security/oauth2/jwt" name="TestRemoteJwkStore/JwkByKidEpWithCache/LoadAll" time="0.000000"></testcase>
		<testcase classname="github.com/cisco-open/go-lanai/pkg/security/oauth2/jwt" name="TestRemoteJwkStore/JwkByKidEpWithCache/LoadAllWithName" time="0.000000"></testcase>
		<testcase classname="github.com/cisco-open/go-lanai/pkg/security/oauth2/jwt" name="TestRemoteJwkStore/JwkByKidEpWithCache/LoadAllWithNonExistName" time="0.000000"></testcase>
		<testcase classname="github.com/cisco-open/go-lanai/pkg/security/oauth2/jwt" name="TestRemoteJwkStore/JwkByKidEpWithCache/LoadAllWithEmptyName" time="0.000000"></testcase>
		<testcase classname="github.com/cisco-open/go-lanai/pkg/security/oauth2/jwt" name="TestRemoteJwkStore/JwkByKidEpWithCache" time="0.000000"></testcase>
		<testcase classname="github.com/cisco-open/go-lanai/pkg/security/oauth2/jwt" name="TestRemoteJwkStore/JwkByKidEpWithoutCache/LoadByKid" time="0.000000"></testcase>
		<testcase classname="github.com/cisco-open/go-lanai/pkg/security/oauth2/jwt" name="TestRemoteJwkStore/JwkByKidEpWithoutCache/LoadByNonExistKid" time="0.000000"></testcase>
		<testcase classname="github.com/cisco-open/go-lanai/pkg/security/oauth2/jwt" name="TestRemoteJwkStore/JwkByKidEpWithoutCache/LoadByEmptyKid" time="0.000000"></testcase>
		<testcase classname="github.com/cisco-open/go-lanai/pkg/security/oauth2/jwt" name="TestRemoteJwkStore/JwkByKidEpWithoutCache/LoadByNonExistName" time="0.000000"></testcase>
		<testcase classname="github.com/cisco-open/go-lanai/pkg/security/oauth2/jwt" name="TestRemoteJwkStore/JwkByKidEpWithoutCache/LoadByEmptyName" time="0.000000"></testcase>
		<testcase classname="github.com/cisco-open/go-lanai/pkg/security/oauth2/jwt" name="TestRemoteJwkStore/JwkByKidEpWithoutCache/LoadAll" time="0.000000"></testcase>
		<testcase classname="github.com/cisco-open/go-lanai/pkg/security/oauth2/jwt" name="TestRemoteJwkStore/JwkByKidEpWithoutCache/LoadAllWithName" time="0.000000"></testcase>
		<testcase classname="github.com/cisco-open/go-lanai/pkg/security/oauth2/jwt" name="TestRemoteJwkStore/JwkByKidEpWithoutCache/LoadAllWithNonExistName" time="0.000000"></testcase>
		<testcase classname="github.com/cisco-open/go-lanai/pkg/security/oauth2/jwt" name="TestRemoteJwkStore/JwkByKidEpWithoutCache/LoadAllWithEmptyName" time="0.000000"></testcase>
		<testcase classname="github.com/cisco-open/go-lanai/pkg/security/oauth2/jwt" name="TestRemoteJwkStore/JwkByKidEpWithoutCache" time="0.000000"></testcase>
		<testcase classname="github.com/cisco-open/go-lanai/pkg/security/oauth2/jwt" name="TestRemoteJwkStore/NoJwkByKidWithCache/LoadByKid" time="0.000000"></testcase>
		<testcase classname="github.com/cisco-open/go-lanai/pkg/security/oauth2/jwt" name="TestRemoteJwkStore/NoJwkByKidWithCache/LoadByNonExistKid" time="0.000000"></testcase>
		<testcase classname="github.com/cisco-open/go-lanai/pkg/security/oauth2/jwt" name="TestRemoteJwkStore/NoJwkByKidWithCache/LoadByEmptyKid" time="0.000000"></testcase>
		<testcase classname="github.com/cisco-open/go-lanai/pkg/security/oauth2/jwt" name="TestRemoteJwkStore/NoJwkByKidWithCache/LoadByNonExistName" time="0.000000"></testcase>
		<testcase classname="github.com/cisco-open/go-lanai/pkg/security/oauth2/jwt" name="TestRemoteJwkStore/NoJwkByKidWithCache/LoadByEmptyName" time="0.000000"></testcase>
		<testcase classname="github.com/cisco-open/go-lanai/pkg/security/oauth2/jwt" name="TestRemoteJwkStore/NoJwkByKidWithCache/LoadAll" time="0.000000"></testcase>
		<testcase classname="github.com/cisco-open/go-lanai/pkg/security/oauth2/jwt" name="TestRemoteJwkStore/NoJwkByKidWithCache/LoadAllWithName" time="0.000000"></testcase>
		<testcase classname="github.com/cisco-open/go-lanai/pkg/security/oauth2/jwt" name="TestRemoteJwkStore/NoJwkByKidWithCache/LoadAllWithNonExistName" time="0.000000"></testcase>
		<testcase classname="github.com/cisco-open/go-lanai/pkg/security/oauth2/jwt" name="TestRemoteJwkStore/NoJwkByKidWithCache/LoadAllWithEmptyName" time="0.000000"></testcase>
		<testcase classname="github.com/cisco-open/go-lanai/pkg/security/oauth2/jwt" name="TestRemoteJwkStore/NoJwkByKidWithCache" time="0.000000"></testcase>
		<testcase classname="github.com/cisco-open/go-lanai/pkg/security/oauth2/jwt" name="TestRemoteJwkStore/NoJwkByKidWithoutCache/LoadByKid" time="0.000000"></testcase>
		<testcase classname="github.com/cisco-open/go-lanai/pkg/security/oauth2/jwt" name="TestRemoteJwkStore/NoJwkByKidWithoutCache/LoadByNonExistKid" time="0.000000"></testcase>
		<testcase classname="github.com/cisco-open/go-lanai/pkg/security/oauth2/jwt" name="TestRemoteJwkStore/NoJwkByKidWithoutCache/LoadByEmptyKid" time="0.000000"></testcase>
		<testcase classname="github.com/cisco-open/go-lanai/pkg/security/oauth2/jwt" name="TestRemoteJwkStore/NoJwkByKidWithoutCache/LoadByNonExistName" time="0.000000"></testcase>
		<testcase classname="github.com/cisco-open/go-lanai/pkg/security/oauth2/jwt" name="TestRemoteJwkStore/NoJwkByKidWithoutCache/LoadByEmptyName" time="0.000000"></testcase>
		<testcase classname="github.com/cisco-open/go-lanai/pkg/security/oauth2/jwt" name="TestRemoteJwkStore/NoJwkByKidWithoutCache/LoadAll" time="0.000000"></testcase>
		<testcase classname="github.com/cisco-open/go-lanai/pkg/security/oauth2/jwt" name="TestRemoteJwkStore/NoJwkByKidWithoutCache/LoadAllWithName" time="0.000000"></testcase>
		<testcase classname="github.com/cisco-open/go-lanai/pkg/security/oauth2/jwt" name="TestRemoteJwkStore/NoJwkByKidWithoutCache/LoadAllWithNonExistName" time="0.000000"></testcase>
		<testcase classname="github.com/cisco-open/go-lanai/pkg/security/oauth2/jwt" name="TestRemoteJwkStore/NoJwkByKidWithoutCache/LoadAllWithEmptyName" time="0.000000"></testcase>
		<testcase classname="github.com/cisco-open/go-lanai/pkg/security/oauth2/jwt" name="TestRemoteJwkStore/NoJwkByKidWithoutCache" time="0.000000"></testcase>
		<testcase classname="github.com/cisco-open/go-lanai/pkg/security/oauth2/jwt" name="TestRemoteJwkStore/JwkByKidEpBadServerWithCache/LoadByKid" time="0.000000"></testcase>
		<testcase classname="github.com/cisco-open/go-lanai/pkg/security/oauth2/jwt" name="TestRemoteJwkStore/JwkByKidEpBadServerWithCache/LoadByNonExistKid" time="0.000000"></testcase>
		<testcase classname="github.com/cisco-open/go-lanai/pkg/security/oauth2/jwt" name="TestRemoteJwkStore/JwkByKidEpBadServerWithCache/LoadByEmptyKid" time="0.000000"></testcase>
		<testcase classname="github.com/cisco-open/go-lanai/pkg/security/oauth2/jwt" name="TestRemoteJwkStore/JwkByKidEpBadServerWithCache/LoadByNonExistName" time="0.000000"></testcase>
		<testcase classname="github.com/cisco-open/go-lanai/pkg/security/oauth2/jwt" name="TestRemoteJwkStore/JwkByKidEpBadServerWithCache/LoadByEmptyName" time="0.000000"></testcase>
		<testcase classname="github.com/cisco-open/go-lanai/pkg/security/oauth2/jwt" name="TestRemoteJwkStore/JwkByKidEpBadServerWithCache/LoadAll" time="0.000000"></testcase>
		<testcase classname="github.com/cisco-open/go-lanai/pkg/security/oauth2/jwt" name="TestRemoteJwkStore/JwkByKidEpBadServerWithCache" time="0.000000"></testcase>
		<testcase classname="github.com/cisco-open/go-lanai/pkg/security/oauth2/jwt" name="TestRemoteJwkStore/JwkByKidEpBadServerWithoutCache/LoadByKid" time="0.000000"></testcase>
		<testcase classname="github.com/cisco-open/go-lanai/pkg/security/oauth2/jwt" name="TestRemoteJwkStore/JwkByKidEpBadServerWithoutCache/LoadByNonExistKid" time="0.000000"></testcase>
		<testcase classname="github.com/cisco-open/go-lanai/pkg/security/oauth2/jwt" name="TestRemoteJwkStore/JwkByKidEpBadServerWithoutCache/LoadByEmptyKid" time="0.000000"></testcase>
		<testcase classname="github.com/cisco-open/go-lanai/pkg/security/oauth2/jwt" name="TestRemoteJwkStore/JwkByKidEpBadServerWithoutCache/LoadByNonExistName" time="0.000000"></testcase>
		<testcase classname="github.com/cisco-open/go-lanai/pkg/security/oauth2/jwt" name="TestRemoteJwkStore/JwkByKidEpBadServerWithoutCache/LoadByEmptyName" time="0.000000"></testcase>
		<testcase classname="github.com/cisco-open/go-lanai/pkg/security/oauth2/jwt" name="TestRemoteJwkStore/JwkByKidEpBadServerWithoutCache/LoadAll" time="0.000000"></testcase>
		<testcase classname="github.com/cisco-open/go-lanai/pkg/security/oauth2/jwt" name="TestRemoteJwkStore/JwkByKidEpBadServerWithoutCache" time="0.000000"></testcase>
		<testcase classname="github.com/cisco-open/go-lanai/pkg/security/oauth2/jwt" name="TestRemoteJwkStore/NoJwkByKidBadServerWithCache/LoadByKid" time="0.000000"></testcase>
		<testcase classname="github.com/cisco-open/go-lanai/pkg/security/oauth2/jwt" name="TestRemoteJwkStore/NoJwkByKidBadServerWithCache/LoadByNonExistKid" time="0.000000"></testcase>
		<testcase classname="github.com/cisco-open/go-lanai/pkg/security/oauth2/jwt" name="TestRemoteJwkStore/NoJwkByKidBadServerWithCache/LoadByEmptyKid" time="0.000000"></testcase>
		<testcase classname="github.com/cisco-open/go-lanai/pkg/security/oauth2/jwt" name="TestRemoteJwkStore/NoJwkByKidBadServerWithCache/LoadByNonExistName" time="0.000000"></testcase>
		<testcase classname="github.com/cisco-open/go-lanai/pkg/security/oauth2/jwt" name="TestRemoteJwkStore/NoJwkByKidBadServerWithCache/LoadByEmptyName" time="0.000000"></testcase>
		<testcase classname="github.com/cisco-open/go-lanai/pkg/security/oauth2/jwt" name="TestRemoteJwkStore/NoJwkByKidBadServerWithCache/LoadAll" time="0.000000"></testcase>
		<testcase classname="github.com/cisco-open/go-lanai/pkg/security/oauth2/jwt" name="TestRemoteJwkStore/NoJwkByKidBadServerWithCache" time="0.000000"></testcase>
		<testcase classname="github.com/cisco-open/go-lanai/pkg/security/oauth2/jwt" name="TestRemoteJwkStore/NoJwkByKidBadServerWithoutCache/LoadByKid" time="0.000000"></testcase>
		<testcase classname="github.com/cisco-open/go-lanai/pkg/security/oauth2/jwt" name="TestRemoteJwkStore/NoJwkByKidBadServerWithoutCache/LoadByNonExistKid" time="0.000000"></testcase>
		<testcase classname="github.com/cisco-open/go-lanai/pkg/security/oauth2/jwt" name="TestRemoteJwkStore/NoJwkByKidBadServerWithoutCache/LoadByEmptyKid" time="0.000000"></testcase>
		<testcase classname="github.com/cisco-open/go-lanai/pkg/security/oauth2/jwt" name="TestRemoteJwkStore/NoJwkByKidBadServerWithoutCache/LoadByNonExistName" time="0.000000"></testcase>
		<testcase classname="github.com/cisco-open/go-lanai/pkg/security/oauth2/jwt" name="TestRemoteJwkStore/NoJwkByKidBadServerWithoutCache/LoadByEmptyName" time="0.000000"></testcase>
		<testcase classname="github.com/cisco-open/go-lanai/pkg/security/oauth2/jwt" name="TestRemoteJwkStore/NoJwkByKidBadServerWithoutCache/LoadAll" time="0.000000"></testcase>
		<testcase classname="github.com/cisco-open/go-lanai/pkg/security/oauth2/jwt" name="TestRemoteJwkStore/NoJwkByKidBadServerWithoutCache" time="0.000000"></testcase>
		<testcase classname="github.com/cisco-open/go-lanai/pkg/security/oauth2/jwt" name="TestRemoteJwkStore" time="0.020000"></testcase>
	</testsuite>
	<testsuite tests="5" failures="0" time="0.054000" name="github.com/cisco-open/go-lanai/pkg/security/oauth2/timeoutsupport" timestamp="2025-05-28T20:55:39Z">
		<properties>
			<property name="go.version" value="go1.24.3 linux/amd64"></property>
		</properties>
		<testcase classname="github.com/cisco-open/go-lanai/pkg/security/oauth2/timeoutsupport" name="TestApplyTimeout_WhenSessionExpired" time="0.000000"></testcase>
		<testcase classname="github.com/cisco-open/go-lanai/pkg/security/oauth2/timeoutsupport" name="TestApplyTimeout_whenSessionNotExpired" time="0.000000"></testcase>
		<testcase classname="github.com/cisco-open/go-lanai/pkg/security/oauth2/timeoutsupport" name="TestApplyTimeout_whenIdleTimeoutDisabled" time="0.000000"></testcase>
		<testcase classname="github.com/cisco-open/go-lanai/pkg/security/oauth2/timeoutsupport" name="TestApplyTimeout_whenAbsTimeoutDisabled" time="0.000000"></testcase>
		<testcase classname="github.com/cisco-open/go-lanai/pkg/security/oauth2/timeoutsupport" name="TestApplyTimeout_whenBothTimeoutDisabled" time="0.000000"></testcase>
	</testsuite>
	<testsuite tests="16" failures="0" time="0.097000" name="github.com/cisco-open/go-lanai/pkg/security/oauth2/tokenauth" timestamp="2025-05-28T20:55:39Z">
		<properties>
			<property name="go.version" value="go1.24.3 linux/amd64"></property>
		</properties>
		<testcase classname="github.com/cisco-open/go-lanai/pkg/security/oauth2/tokenauth" name="TestMiddlewareNoCustomization/ValidToken" time="0.000000"></testcase>
		<testcase classname="github.com/cisco-open/go-lanai/pkg/security/oauth2/tokenauth" name="TestMiddlewareNoCustomization/ValidTokenNoScopes" time="0.000000"></testcase>
		<testcase classname="github.com/cisco-open/go-lanai/pkg/security/oauth2/tokenauth" name="TestMiddlewareNoCustomization/InvalidToken" time="0.000000"></testcase>
		<testcase classname="github.com/cisco-open/go-lanai/pkg/security/oauth2/tokenauth" name="TestMiddlewareNoCustomization/RevokedToken" time="0.000000"></testcase>
		<testcase classname="github.com/cisco-open/go-lanai/pkg/security/oauth2/tokenauth" name="TestMiddlewareNoCustomization/MissingToken" time="0.000000"></testcase>
		<testcase classname="github.com/cisco-open/go-lanai/pkg/security/oauth2/tokenauth" name="TestMiddlewareNoCustomization/WithExistingAuth" time="0.000000"></testcase>
		<testcase classname="github.com/cisco-open/go-lanai/pkg/security/oauth2/tokenauth" name="TestMiddlewareNoCustomization/ValidTokenViaForm" time="0.000000"></testcase>
		<testcase classname="github.com/cisco-open/go-lanai/pkg/security/oauth2/tokenauth" name="TestMiddlewareNoCustomization" time="0.010000"></testcase>
		<testcase classname="github.com/cisco-open/go-lanai/pkg/security/oauth2/tokenauth" name="TestMiddlewareCustomized/ValidToken" time="0.000000"></testcase>
		<testcase classname="github.com/cisco-open/go-lanai/pkg/security/oauth2/tokenauth" name="TestMiddlewareCustomized/ValidTokenNoScopes" time="0.000000"></testcase>
		<testcase classname="github.com/cisco-open/go-lanai/pkg/security/oauth2/tokenauth" name="TestMiddlewareCustomized/InvalidToken" time="0.000000"></testcase>
		<testcase classname="github.com/cisco-open/go-lanai/pkg/security/oauth2/tokenauth" name="TestMiddlewareCustomized/RevokedToken" time="0.000000"></testcase>
		<testcase classname="github.com/cisco-open/go-lanai/pkg/security/oauth2/tokenauth" name="TestMiddlewareCustomized/MissingToken" time="0.000000"></testcase>
		<testcase classname="github.com/cisco-open/go-lanai/pkg/security/oauth2/tokenauth" name="TestMiddlewareCustomized/WithExistingAuth" time="0.000000"></testcase>
		<testcase classname="github.com/cisco-open/go-lanai/pkg/security/oauth2/tokenauth" name="TestMiddlewareCustomized/ValidTokenViaForm" time="0.000000"></testcase>
		<testcase classname="github.com/cisco-open/go-lanai/pkg/security/oauth2/tokenauth" name="TestMiddlewareCustomized" time="0.010000"></testcase>
	</testsuite>
	<testsuite tests="28" failures="0" time="2.925000" name="github.com/cisco-open/go-lanai/pkg/security/passwd" timestamp="2025-05-28T20:55:39Z">
		<properties>
			<property name="go.version" value="go1.24.3 linux/amd64"></property>
		</properties>
		<testcase classname="github.com/cisco-open/go-lanai/pkg/security/passwd" name="TestOTPManagerWithInMemoryOTPStore/VerifySuccessful" time="0.000000"></testcase>
		<testcase classname="github.com/cisco-open/go-lanai/pkg/security/passwd" name="TestOTPManagerWithInMemoryOTPStore/VerifyUnknownOTP" time="0.000000"></testcase>
		<testcase classname="github.com/cisco-open/go-lanai/pkg/security/passwd" name="TestOTPManagerWithInMemoryOTPStore/VerifyWrongPasscode" time="0.000000"></testcase>
		<testcase classname="github.com/cisco-open/go-lanai/pkg/security/passwd" name="TestOTPManagerWithInMemoryOTPStore/RefreshPasscode" time="0.000000"></testcase>
		<testcase classname="github.com/cisco-open/go-lanai/pkg/security/passwd" name="TestOTPManagerWithInMemoryOTPStore/DeleteOTP" time="0.000000"></testcase>
		<testcase classname="github.com/cisco-open/go-lanai/pkg/security/passwd" name="TestOTPManagerWithInMemoryOTPStore" time="0.010000"></testcase>
		<testcase classname="github.com/cisco-open/go-lanai/pkg/security/passwd" name="TestOTPManagerWithRedisOTPStore/VerifySuccessful" time="0.000000"></testcase>
		<testcase classname="github.com/cisco-open/go-lanai/pkg/security/passwd" name="TestOTPManagerWithRedisOTPStore/VerifyUnknownOTP" time="0.000000"></testcase>
		<testcase classname="github.com/cisco-open/go-lanai/pkg/security/passwd" name="TestOTPManagerWithRedisOTPStore/VerifyWrongPasscode" time="0.000000"></testcase>
		<testcase classname="github.com/cisco-open/go-lanai/pkg/security/passwd" name="TestOTPManagerWithRedisOTPStore/RefreshPasscode" time="0.000000"></testcase>
		<testcase classname="github.com/cisco-open/go-lanai/pkg/security/passwd" name="TestOTPManagerWithRedisOTPStore/DeleteOTP" time="0.000000"></testcase>
		<testcase classname="github.com/cisco-open/go-lanai/pkg/security/passwd" name="TestOTPManagerWithRedisOTPStore" time="0.010000"></testcase>
		<testcase classname="github.com/cisco-open/go-lanai/pkg/security/passwd" name="TestOtpGeneration" time="0.000000"></testcase>
		<testcase classname="github.com/cisco-open/go-lanai/pkg/security/passwd" name="TestOtpRefresh" time="0.000000"></testcase>
		<testcase classname="github.com/cisco-open/go-lanai/pkg/security/passwd" name="TestValidateGeneratedCode" time="1.050000"></testcase>
		<testcase classname="github.com/cisco-open/go-lanai/pkg/security/passwd" name="TestValidateRefreshedCode" time="1.050000"></testcase>
		<testcase classname="github.com/cisco-open/go-lanai/pkg/security/passwd" name="TestAuthenticator/SuccessWithoutMFA" time="0.000000"></testcase>
		<testcase classname="github.com/cisco-open/go-lanai/pkg/security/passwd" name="TestAuthenticator/UserNotFound" time="0.000000"></testcase>
		<testcase classname="github.com/cisco-open/go-lanai/pkg/security/passwd" name="TestAuthenticator/WrongPassword" time="0.000000"></testcase>
		<testcase classname="github.com/cisco-open/go-lanai/pkg/security/passwd" name="TestAuthenticator/DisabledAccount" time="0.000000"></testcase>
		<testcase classname="github.com/cisco-open/go-lanai/pkg/security/passwd" name="TestAuthenticator/AutoLockout" time="0.000000"></testcase>
		<testcase classname="github.com/cisco-open/go-lanai/pkg/security/passwd" name="TestAuthenticator/AutoLockoutException" time="0.000000"></testcase>
		<testcase classname="github.com/cisco-open/go-lanai/pkg/security/passwd" name="TestAuthenticator/ExpiredCredentials" time="0.000000"></testcase>
		<testcase classname="github.com/cisco-open/go-lanai/pkg/security/passwd" name="TestAuthenticator/ExpiringCredentialsWarning" time="0.000000"></testcase>
		<testcase classname="github.com/cisco-open/go-lanai/pkg/security/passwd" name="TestAuthenticator" time="0.000000"></testcase>
		<testcase classname="github.com/cisco-open/go-lanai/pkg/security/passwd" name="TestPasswordEncoder/BCryptPasswordEncoder" time="0.720000"></testcase>
		<testcase classname="github.com/cisco-open/go-lanai/pkg/security/passwd" name="TestPasswordEncoder/NoopPasswordEncoder" time="0.000000"></testcase>
		<testcase classname="github.com/cisco-open/go-lanai/pkg/security/passwd" name="TestPasswordEncoder" time="0.720000"></testcase>
	</testsuite>
	<testsuite tests="0" failures="0" time="0.004000" name="github.com/cisco-open/go-lanai/pkg/security/redirect" timestamp="2025-05-28T20:55:39Z">
		<properties>
			<property name="go.version" value="go1.24.3 linux/amd64"></property>
		</properties>
	</testsuite>
	<testsuite tests="4" failures="0" time="0.058000" name="github.com/cisco-open/go-lanai/pkg/security/request_cache" timestamp="2025-05-28T20:55:39Z">
		<properties>
			<property name="go.version" value="go1.24.3 linux/amd64"></property>
		</properties>
		<testcase classname="github.com/cisco-open/go-lanai/pkg/security/request_cache" name="TestSaveAndGetCachedRequest" time="0.000000"></testcase>
		<testcase classname="github.com/cisco-open/go-lanai/pkg/security/request_cache" name="TestCachedRequestPreProcessor_Process" time="0.000000"></testcase>
		<testcase classname="github.com/cisco-open/go-lanai/pkg/security/request_cache" name="TestSavedRequestAuthenticationSuccessHandler_HandleAuthenticationSuccess" time="0.000000"></testcase>
		<testcase classname="github.com/cisco-open/go-lanai/pkg/security/request_cache" name="TestSaveRequestEntryPoint_Commence" time="0.000000"></testcase>
	</testsuite>
	<testsuite tests="0" failures="0" time="0.004000" name="github.com/cisco-open/go-lanai/pkg/security/saml" timestamp="2025-05-28T20:55:39Z">
		<properties>
			<property name="go.version" value="go1.24.3 linux/amd64"></property>
		</properties>
	</testsuite>
	<testsuite tests="13" failures="0" time="0.188000" name="github.com/cisco-open/go-lanai/pkg/security/saml/idp" timestamp="2025-05-28T20:55:39Z">
		<properties>
			<property name="go.version" value="go1.24.3 linux/amd64"></property>
		</properties>
		<testcase classname="github.com/cisco-open/go-lanai/pkg/security/saml/idp" name="Test_Saml_Sso/SubTestTenantRestrictionAny" time="0.020000"></testcase>
		<testcase classname="github.com/cisco-open/go-lanai/pkg/security/saml/idp" name="Test_Saml_Sso/SubTestTenantRestrictionAll" time="0.010000"></testcase>
		<testcase classname="github.com/cisco-open/go-lanai/pkg/security/saml/idp" name="Test_Saml_Sso" time="0.040000"></testcase>
		<testcase classname="github.com/cisco-open/go-lanai/pkg/security/saml/idp" name="TestWithMockedServer/TestSLORedirectBinding" time="0.010000"></testcase>
		<testcase classname="github.com/cisco-open/go-lanai/pkg/security/saml/idp" name="TestWithMockedServer/TestSLOPostBinding" time="0.000000"></testcase>
		<testcase classname="github.com/cisco-open/go-lanai/pkg/security/saml/idp" name="TestWithMockedServer/TestSLOUnauthenticated" time="0.010000"></testcase>
		<testcase classname="github.com/cisco-open/go-lanai/pkg/security/saml/idp" name="TestWithMockedServer/TestSLORequesterError" time="0.010000"></testcase>
		<testcase classname="github.com/cisco-open/go-lanai/pkg/security/saml/idp" name="TestWithMockedServer/TestSLOResponderError" time="0.040000"></testcase>
		<testcase classname="github.com/cisco-open/go-lanai/pkg/security/saml/idp" name="TestWithMockedServer" time="0.070000"></testcase>
		<testcase classname="github.com/cisco-open/go-lanai/pkg/security/saml/idp" name="TestSPInitiatedSso" time="0.010000"></testcase>
		<testcase classname="github.com/cisco-open/go-lanai/pkg/security/saml/idp" name="TestSPInitiatedSsoAuthRequestWithBadSignature" time="0.000000"></testcase>
		<testcase classname="github.com/cisco-open/go-lanai/pkg/security/saml/idp" name="TestIDPInitiatedSso" time="0.000000"></testcase>
		<testcase classname="github.com/cisco-open/go-lanai/pkg/security/saml/idp" name="TestMetadata" time="0.000000"></testcase>
	</testsuite>
	<testsuite tests="12" failures="0" time="0.170000" name="github.com/cisco-open/go-lanai/pkg/security/saml/sp" timestamp="2025-05-28T20:55:39Z">
		<properties>
			<property name="go.version" value="go1.24.3 linux/amd64"></property>
		</properties>
		<testcase classname="github.com/cisco-open/go-lanai/pkg/security/saml/sp" name="TestAcsEndpoint" time="0.000000"></testcase>
		<testcase classname="github.com/cisco-open/go-lanai/pkg/security/saml/sp" name="TestSamlEntryPoint/NameID_Format_not_configured" time="0.010000"></testcase>
		<testcase classname="github.com/cisco-open/go-lanai/pkg/security/saml/sp" name="TestSamlEntryPoint/NameID_Format_set_to_unspecified." time="0.010000"></testcase>
		<testcase classname="github.com/cisco-open/go-lanai/pkg/security/saml/sp" name="TestSamlEntryPoint/NameID_Format_set_to_emailAddress." time="0.010000"></testcase>
		<testcase classname="github.com/cisco-open/go-lanai/pkg/security/saml/sp" name="TestSamlEntryPoint" time="0.030000"></testcase>
		<testcase classname="github.com/cisco-open/go-lanai/pkg/security/saml/sp" name="TestWithMockedServer/TestLogoutWithoutSAML" time="0.000000"></testcase>
		<testcase classname="github.com/cisco-open/go-lanai/pkg/security/saml/sp" name="TestWithMockedServer/TestLogoutWithSAML" time="0.010000"></testcase>
		<testcase classname="github.com/cisco-open/go-lanai/pkg/security/saml/sp" name="TestWithMockedServer/TestSLOSuccessCallback" time="0.020000"></testcase>
		<testcase classname="github.com/cisco-open/go-lanai/pkg/security/saml/sp" name="TestWithMockedServer/TestSLOFailedCallback" time="0.020000"></testcase>
		<testcase classname="github.com/cisco-open/go-lanai/pkg/security/saml/sp" name="TestWithMockedServer" time="0.060000"></testcase>
		<testcase classname="github.com/cisco-open/go-lanai/pkg/security/saml/sp" name="TestMetadataEndpoint/TestMetadata" time="0.000000"></testcase>
		<testcase classname="github.com/cisco-open/go-lanai/pkg/security/saml/sp" name="TestMetadataEndpoint" time="0.010000"></testcase>
	</testsuite>
	<testsuite tests="15" failures="0" time="0.072000" name="github.com/cisco-open/go-lanai/pkg/security/saml/utils" timestamp="2025-05-28T20:55:39Z">
		<properties>
			<property name="go.version" value="go1.24.3 linux/amd64"></property>
		</properties>
		<testcase classname="github.com/cisco-open/go-lanai/pkg/security/saml/utils" name="TestResolveMetadata/TestXMLDocumentMode" time="0.000000"></testcase>
		<testcase classname="github.com/cisco-open/go-lanai/pkg/security/saml/utils" name="TestResolveMetadata/TestFileLocationMode" time="0.000000"></testcase>
		<testcase classname="github.com/cisco-open/go-lanai/pkg/security/saml/utils" name="TestResolveMetadata/TestHttpMode" time="0.000000"></testcase>
		<testcase classname="github.com/cisco-open/go-lanai/pkg/security/saml/utils" name="TestResolveMetadata" time="0.000000"></testcase>
		<testcase classname="github.com/cisco-open/go-lanai/pkg/security/saml/utils" name="TestGenerateSignatures/TestSignAuthnPost" time="0.000000"></testcase>
		<testcase classname="github.com/cisco-open/go-lanai/pkg/security/saml/utils" name="TestGenerateSignatures/TestSignLogoutPost" time="0.000000"></testcase>
		<testcase classname="github.com/cisco-open/go-lanai/pkg/security/saml/utils" name="TestGenerateSignatures/TestSignLogoutRedirect" time="0.000000"></testcase>
		<testcase classname="github.com/cisco-open/go-lanai/pkg/security/saml/utils" name="TestGenerateSignatures/TestSignAuthnRedirect" time="0.000000"></testcase>
		<testcase classname="github.com/cisco-open/go-lanai/pkg/security/saml/utils" name="TestGenerateSignatures" time="0.010000"></testcase>
		<testcase classname="github.com/cisco-open/go-lanai/pkg/security/saml/utils" name="TestVerifySignature/TestMetadataSignature" time="0.000000"></testcase>
		<testcase classname="github.com/cisco-open/go-lanai/pkg/security/saml/utils" name="TestVerifySignature/TestAuthnRequestPostBinding" time="0.000000"></testcase>
		<testcase classname="github.com/cisco-open/go-lanai/pkg/security/saml/utils" name="TestVerifySignature/TestLogoutRequestPostBinding" time="0.000000"></testcase>
		<testcase classname="github.com/cisco-open/go-lanai/pkg/security/saml/utils" name="TestVerifySignature/TestAuthnRequestRedirectBinding" time="0.000000"></testcase>
		<testcase classname="github.com/cisco-open/go-lanai/pkg/security/saml/utils" name="TestVerifySignature/TestLogoutRequestRedirectBinding" time="0.000000"></testcase>
		<testcase classname="github.com/cisco-open/go-lanai/pkg/security/saml/utils" name="TestVerifySignature" time="0.000000"></testcase>
	</testsuite>
	<testsuite tests="17" failures="0" time="0.073000" name="github.com/cisco-open/go-lanai/pkg/security/session" timestamp="2025-05-28T20:55:39Z">
		<properties>
			<property name="go.version" value="go1.24.3 linux/amd64"></property>
		</properties>
		<testcase classname="github.com/cisco-open/go-lanai/pkg/security/session" name="TestChangeSessionHandler_HandleAuthenticationSuccess" time="0.000000"></testcase>
		<testcase classname="github.com/cisco-open/go-lanai/pkg/security/session" name="TestConcurrentSessionHandler_HandleAuthenticationSuccess" time="0.000000"></testcase>
		<testcase classname="github.com/cisco-open/go-lanai/pkg/security/session" name="TestDeleteSessionOnLogoutHandler_HandleAuthenticationSuccess" time="0.000000"></testcase>
		<testcase classname="github.com/cisco-open/go-lanai/pkg/security/session" name="TestFlashes" time="0.000000"></testcase>
		<testcase classname="github.com/cisco-open/go-lanai/pkg/security/session" name="TestExpiration" time="0.000000"></testcase>
		<testcase classname="github.com/cisco-open/go-lanai/pkg/security/session" name="TestIdleTimeoutDisabled" time="0.000000"></testcase>
		<testcase classname="github.com/cisco-open/go-lanai/pkg/security/session" name="TestAbsTimeoutDisabled" time="0.000000"></testcase>
		<testcase classname="github.com/cisco-open/go-lanai/pkg/security/session" name="TestBothTimeoutDisabled" time="0.000000"></testcase>
		<testcase classname="github.com/cisco-open/go-lanai/pkg/security/session" name="TestSerialization" time="0.000000"></testcase>
		<testcase classname="github.com/cisco-open/go-lanai/pkg/security/session" name="Test_Get_Not_Exist_Session_Should_Create_New" time="0.000000"></testcase>
		<testcase classname="github.com/cisco-open/go-lanai/pkg/security/session" name="Test_Get_Exist_Session_Should_Return_Existing" time="0.000000"></testcase>
		<testcase classname="github.com/cisco-open/go-lanai/pkg/security/session" name="TestSaveNewSession" time="0.000000"></testcase>
		<testcase classname="github.com/cisco-open/go-lanai/pkg/security/session" name="TestSaveNewSessionWithIdleTimeoutDisabled" time="0.000000"></testcase>
		<testcase classname="github.com/cisco-open/go-lanai/pkg/security/session" name="TestSaveNewSessionWithAbsTimeoutDisabled" time="0.000000"></testcase>
		<testcase classname="github.com/cisco-open/go-lanai/pkg/security/session" name="TestSaveNewSessionWithTimeoutDisabled" time="0.000000"></testcase>
		<testcase classname="github.com/cisco-open/go-lanai/pkg/security/session" name="TestSaveDirtySession" time="0.000000"></testcase>
		<testcase classname="github.com/cisco-open/go-lanai/pkg/security/session" name="TestSaveAccessedSession" time="0.000000"></testcase>
	</testsuite>
	<testsuite tests="0" failures="0" time="0.004000" name="github.com/cisco-open/go-lanai/pkg/security/session/common" timestamp="2025-05-28T20:55:39Z">
		<properties>
			<property name="go.version" value="go1.24.3 linux/amd64"></property>
		</properties>
	</testsuite>
	<testsuite tests="23" failures="0" time="0.232000" name="github.com/cisco-open/go-lanai/pkg/swagger" timestamp="2025-05-28T20:55:39Z">
		<properties>
			<property name="go.version" value="go1.24.3 linux/amd64"></property>
		</properties>
		<testcase classname="github.com/cisco-open/go-lanai/pkg/swagger" name="TestOAS3Endpoints/TestSwaggerUIPage" time="0.010000"></testcase>
		<testcase classname="github.com/cisco-open/go-lanai/pkg/swagger" name="TestOAS3Endpoints/TestSwaggerRedirectPage" time="0.000000"></testcase>
		<testcase classname="github.com/cisco-open/go-lanai/pkg/swagger" name="TestOAS3Endpoints/TestUIConfiguration" time="0.000000"></testcase>
		<testcase classname="github.com/cisco-open/go-lanai/pkg/swagger" name="TestOAS3Endpoints/TestSecurityConfiguration" time="0.000000"></testcase>
		<testcase classname="github.com/cisco-open/go-lanai/pkg/swagger" name="TestOAS3Endpoints/TestSsoConfiguration" time="0.000000"></testcase>
		<testcase classname="github.com/cisco-open/go-lanai/pkg/swagger" name="TestOAS3Endpoints/TestResourcesConfiguration" time="0.010000"></testcase>
		<testcase classname="github.com/cisco-open/go-lanai/pkg/swagger" name="TestOAS3Endpoints/TestOAS3DocsNoServer" time="0.000000"></testcase>
		<testcase classname="github.com/cisco-open/go-lanai/pkg/swagger" name="TestOAS3Endpoints/TestOAS3DocsForwardHostOnly" time="0.010000"></testcase>
		<testcase classname="github.com/cisco-open/go-lanai/pkg/swagger" name="TestOAS3Endpoints/TestOAS3DocsForwardHostAndProto" time="0.020000"></testcase>
		<testcase classname="github.com/cisco-open/go-lanai/pkg/swagger" name="TestOAS3Endpoints" time="0.060000"></testcase>
		<testcase classname="github.com/cisco-open/go-lanai/pkg/swagger" name="TestOAS3EndpointsWithoutBasePath/TestOAS3DocsForwardHostAndProtoWithoutBasePath" time="0.000000"></testcase>
		<testcase classname="github.com/cisco-open/go-lanai/pkg/swagger" name="TestOAS3EndpointsWithoutBasePath" time="0.020000"></testcase>
		<testcase classname="github.com/cisco-open/go-lanai/pkg/swagger" name="TestOAS3EndpointsBasePathWithoutSlash/TestOAS3DocsForwardHostAndProtoAndBasePathWithoutSlash" time="0.000000"></testcase>
		<testcase classname="github.com/cisco-open/go-lanai/pkg/swagger" name="TestOAS3EndpointsBasePathWithoutSlash" time="0.010000"></testcase>
		<testcase classname="github.com/cisco-open/go-lanai/pkg/swagger" name="TestOAS2Endpoints/TestOAS2DocsV2ApiNoServer" time="0.000000"></testcase>
		<testcase classname="github.com/cisco-open/go-lanai/pkg/swagger" name="TestOAS2Endpoints/TestOAS2DocsV3ApiNoServer" time="0.000000"></testcase>
		<testcase classname="github.com/cisco-open/go-lanai/pkg/swagger" name="TestOAS2Endpoints/TestOAS2DocsV2ApiForwardHost" time="0.000000"></testcase>
		<testcase classname="github.com/cisco-open/go-lanai/pkg/swagger" name="TestOAS2Endpoints/TestOAS2DocsV3ApiForwardHost" time="0.000000"></testcase>
		<testcase classname="github.com/cisco-open/go-lanai/pkg/swagger" name="TestOAS2Endpoints" time="0.020000"></testcase>
		<testcase classname="github.com/cisco-open/go-lanai/pkg/swagger" name="TestSwaggerDocSecurityDisabledWithMockedServer/TestSwaggerDocApiSecurityDisabled" time="0.000000"></testcase>
		<testcase classname="github.com/cisco-open/go-lanai/pkg/swagger" name="TestSwaggerDocSecurityDisabledWithMockedServer" time="0.010000"></testcase>
		<testcase classname="github.com/cisco-open/go-lanai/pkg/swagger" name="TestSwaggerDocSecurityEnabledWithMockedServer/TestSwaggerDocApiSecurityEnabled" time="0.000000"></testcase>
		<testcase classname="github.com/cisco-open/go-lanai/pkg/swagger" name="TestSwaggerDocSecurityEnabledWithMockedServer" time="0.020000"></testcase>
	</testsuite>
	<testsuite tests="5" failures="0" time="0.097000" name="github.com/cisco-open/go-lanai/pkg/tenancy" timestamp="2025-05-28T20:55:39Z">
		<properties>
			<property name="go.version" value="go1.24.3 linux/amd64"></property>
		</properties>
		<testcase classname="github.com/cisco-open/go-lanai/pkg/tenancy" name="TestTenancyAccessor/TestTraceBack" time="0.000000"></testcase>
		<testcase classname="github.com/cisco-open/go-lanai/pkg/tenancy" name="TestTenancyAccessor/TestTraceForward" time="0.000000"></testcase>
		<testcase classname="github.com/cisco-open/go-lanai/pkg/tenancy" name="TestTenancyAccessor/TestAnyHas" time="0.000000"></testcase>
		<testcase classname="github.com/cisco-open/go-lanai/pkg/tenancy" name="TestTenancyAccessor/TestTenancyModification" time="0.000000"></testcase>
		<testcase classname="github.com/cisco-open/go-lanai/pkg/tenancy" name="TestTenancyAccessor" time="0.020000"></testcase>
	</testsuite>
	<testsuite tests="5" failures="0" time="0.100000" name="github.com/cisco-open/go-lanai/pkg/tenancy/loader" timestamp="2025-05-28T20:55:39Z">
		<properties>
			<property name="go.version" value="go1.24.3 linux/amd64"></property>
		</properties>
		<testcase classname="github.com/cisco-open/go-lanai/pkg/tenancy/loader" name="TestLoader/SubTestLoadTenantHierarchy" time="0.000000"></testcase>
		<testcase classname="github.com/cisco-open/go-lanai/pkg/tenancy/loader" name="TestLoader/SubTestLoadTenantHierarchyFailure" time="0.000000"></testcase>
		<testcase classname="github.com/cisco-open/go-lanai/pkg/tenancy/loader" name="TestLoader" time="0.010000"></testcase>
		<testcase classname="github.com/cisco-open/go-lanai/pkg/tenancy/loader" name="TestCustomLoader/SubTestLoadTenantHierarchy" time="0.000000"></testcase>
		<testcase classname="github.com/cisco-open/go-lanai/pkg/tenancy/loader" name="TestCustomLoader" time="0.010000"></testcase>
	</testsuite>
	<testsuite tests="0" failures="0" time="0.004000" name="github.com/cisco-open/go-lanai/pkg/tenancy/modifier" timestamp="2025-05-28T20:55:39Z">
		<properties>
			<property name="go.version" value="go1.24.3 linux/amd64"></property>
		</properties>
	</testsuite>
	<testsuite tests="8" failures="0" time="0.064000" name="github.com/cisco-open/go-lanai/pkg/tracing" timestamp="2025-05-28T20:55:39Z">
		<properties>
			<property name="go.version" value="go1.24.3 linux/amd64"></property>
		</properties>
		<testcase classname="github.com/cisco-open/go-lanai/pkg/tracing" name="TestSpanOperator/TestNewSpan" time="0.000000"></testcase>
		<testcase classname="github.com/cisco-open/go-lanai/pkg/tracing" name="TestSpanOperator/TestNewOrDescendant" time="0.000000"></testcase>
		<testcase classname="github.com/cisco-open/go-lanai/pkg/tracing" name="TestSpanOperator/TestNewOrFollows" time="0.000000"></testcase>
		<testcase classname="github.com/cisco-open/go-lanai/pkg/tracing" name="TestSpanOperator/TestDescendantOrNoop" time="0.000000"></testcase>
		<testcase classname="github.com/cisco-open/go-lanai/pkg/tracing" name="TestSpanOperator/TestFollowsOrNoop" time="0.000000"></testcase>
		<testcase classname="github.com/cisco-open/go-lanai/pkg/tracing" name="TestSpanOperator/TestRewind" time="0.000000"></testcase>
		<testcase classname="github.com/cisco-open/go-lanai/pkg/tracing" name="TestSpanOperator/TestSpanCustomization" time="0.000000"></testcase>
		<testcase classname="github.com/cisco-open/go-lanai/pkg/tracing" name="TestSpanOperator" time="0.010000"></testcase>
	</testsuite>
	<testsuite tests="10" failures="0" time="0.132000" name="github.com/cisco-open/go-lanai/pkg/tracing/init" timestamp="2025-05-28T20:55:39Z">
		<properties>
			<property name="go.version" value="go1.24.3 linux/amd64"></property>
		</properties>
		<testcase classname="github.com/cisco-open/go-lanai/pkg/tracing/init" name="TestTracerWithLowestRateSampler/TestApplicationSpan" time="0.000000"></testcase>
		<testcase classname="github.com/cisco-open/go-lanai/pkg/tracing/init" name="TestTracerWithLowestRateSampler" time="0.010000"></testcase>
		<testcase classname="github.com/cisco-open/go-lanai/pkg/tracing/init" name="TestTracerWithProbabilitySampler/TestApplicationSpan" time="0.000000"></testcase>
		<testcase classname="github.com/cisco-open/go-lanai/pkg/tracing/init" name="TestTracerWithProbabilitySampler" time="0.010000"></testcase>
		<testcase classname="github.com/cisco-open/go-lanai/pkg/tracing/init" name="TestTracerWithRateLimitSampler/TestApplicationSpan" time="0.000000"></testcase>
		<testcase classname="github.com/cisco-open/go-lanai/pkg/tracing/init" name="TestTracerWithRateLimitSampler" time="0.010000"></testcase>
		<testcase classname="github.com/cisco-open/go-lanai/pkg/tracing/init" name="TestTracerWithNoSampler/TestApplicationSpan" time="0.000000"></testcase>
		<testcase classname="github.com/cisco-open/go-lanai/pkg/tracing/init" name="TestTracerWithNoSampler" time="0.010000"></testcase>
		<testcase classname="github.com/cisco-open/go-lanai/pkg/tracing/init" name="TestTracerWithInvalidSampler/TestApplicationSpan" time="0.000000"></testcase>
		<testcase classname="github.com/cisco-open/go-lanai/pkg/tracing/init" name="TestTracerWithInvalidSampler" time="0.010000"></testcase>
	</testsuite>
	<testsuite tests="0" failures="0" time="0.008000" name="github.com/cisco-open/go-lanai/pkg/tracing/instrument" timestamp="2025-05-28T20:55:39Z">
		<properties>
			<property name="go.version" value="go1.24.3 linux/amd64"></property>
		</properties>
	</testsuite>
	<testsuite tests="5" failures="0" time="0.084000" name="github.com/cisco-open/go-lanai/pkg/tracing/jaeger" timestamp="2025-05-28T20:55:39Z">
		<properties>
			<property name="go.version" value="go1.24.3 linux/amd64"></property>
		</properties>
		<testcase classname="github.com/cisco-open/go-lanai/pkg/tracing/jaeger" name="TestSpanOperator/TestInjectTextMap" time="0.000000"></testcase>
		<testcase classname="github.com/cisco-open/go-lanai/pkg/tracing/jaeger" name="TestSpanOperator/TestExtractTextMap" time="0.000000"></testcase>
		<testcase classname="github.com/cisco-open/go-lanai/pkg/tracing/jaeger" name="TestSpanOperator/TestInjectHTTPHeaders" time="0.000000"></testcase>
		<testcase classname="github.com/cisco-open/go-lanai/pkg/tracing/jaeger" name="TestSpanOperator/TestExtractHttpHeaders" time="0.000000"></testcase>
		<testcase classname="github.com/cisco-open/go-lanai/pkg/tracing/jaeger" name="TestSpanOperator" time="0.010000"></testcase>
	</testsuite>
	<testsuite tests="70" failures="0" time="0.069000" name="github.com/cisco-open/go-lanai/pkg/utils" timestamp="2025-05-28T20:55:39Z">
		<properties>
			<property name="go.version" value="go1.24.3 linux/amd64"></property>
		</properties>
		<testcase classname="github.com/cisco-open/go-lanai/pkg/utils" name="TestRecoverableFunc/TestWithErrorReturn" time="0.000000"></testcase>
		<testcase classname="github.com/cisco-open/go-lanai/pkg/utils" name="TestRecoverableFunc/TestWithoutErrorReturn" time="0.000000"></testcase>
		<testcase classname="github.com/cisco-open/go-lanai/pkg/utils" name="TestRecoverableFunc" time="0.000000"></testcase>
		<testcase classname="github.com/cisco-open/go-lanai/pkg/utils" name="TestRandomInteger/RandomInt64N" time="0.000000"></testcase>
		<testcase classname="github.com/cisco-open/go-lanai/pkg/utils" name="TestRandomInteger/RandomIntN" time="0.000000"></testcase>
		<testcase classname="github.com/cisco-open/go-lanai/pkg/utils" name="TestRandomInteger" time="0.000000"></testcase>
		<testcase classname="github.com/cisco-open/go-lanai/pkg/utils" name="TestRandomString/Alphanumeric" time="0.000000"></testcase>
		<testcase classname="github.com/cisco-open/go-lanai/pkg/utils" name="TestRandomString/CustomCharset" time="0.000000"></testcase>
		<testcase classname="github.com/cisco-open/go-lanai/pkg/utils" name="TestRandomString" time="0.000000"></testcase>
		<testcase classname="github.com/cisco-open/go-lanai/pkg/utils" name="TestSets/TestStringSet" time="0.000000"></testcase>
		<testcase classname="github.com/cisco-open/go-lanai/pkg/utils" name="TestSets/TestSet" time="0.000000"></testcase>
		<testcase classname="github.com/cisco-open/go-lanai/pkg/utils" name="TestSets/TestGenericSet" time="0.000000"></testcase>
		<testcase classname="github.com/cisco-open/go-lanai/pkg/utils" name="TestSets" time="0.000000"></testcase>
		<testcase classname="github.com/cisco-open/go-lanai/pkg/utils" name="TestCommaSeparatedSlice_UnmarshalText/UnmarshalText_should_separate_text_into_comma_seperated_slices" time="0.000000"></testcase>
		<testcase classname="github.com/cisco-open/go-lanai/pkg/utils" name="TestCommaSeparatedSlice_UnmarshalText/UnmarshalText_should_trim_leading/trailing_spaces_from_input" time="0.000000"></testcase>
		<testcase classname="github.com/cisco-open/go-lanai/pkg/utils" name="TestCommaSeparatedSlice_UnmarshalText/UnmarshalText_should_return_empty_slice_if_provided_empty_string" time="0.000000"></testcase>
		<testcase classname="github.com/cisco-open/go-lanai/pkg/utils" name="TestCommaSeparatedSlice_UnmarshalText" time="0.000000"></testcase>
		<testcase classname="github.com/cisco-open/go-lanai/pkg/utils" name="TestRemoveIntSlices/simple_int_slice" time="0.000000"></testcase>
		<testcase classname="github.com/cisco-open/go-lanai/pkg/utils" name="TestRemoveIntSlices/remove_0th_index" time="0.000000"></testcase>
		<testcase classname="github.com/cisco-open/go-lanai/pkg/utils" name="TestRemoveIntSlices/remove_last_index" time="0.000000"></testcase>
		<testcase classname="github.com/cisco-open/go-lanai/pkg/utils" name="TestRemoveIntSlices/remove_index_out_of_bounds_+" time="0.000000"></testcase>
		<testcase classname="github.com/cisco-open/go-lanai/pkg/utils" name="TestRemoveIntSlices/remove_index_out_of_bounds_-" time="0.000000"></testcase>
		<testcase classname="github.com/cisco-open/go-lanai/pkg/utils" name="TestRemoveIntSlices" time="0.000000"></testcase>
		<testcase classname="github.com/cisco-open/go-lanai/pkg/utils" name="TestRemoveStructSlices/remove_middle" time="0.000000"></testcase>
		<testcase classname="github.com/cisco-open/go-lanai/pkg/utils" name="TestRemoveStructSlices/remove_0th_index" time="0.000000"></testcase>
		<testcase classname="github.com/cisco-open/go-lanai/pkg/utils" name="TestRemoveStructSlices/remove_last_index" time="0.000000"></testcase>
		<testcase classname="github.com/cisco-open/go-lanai/pkg/utils" name="TestRemoveStructSlices/remove_index_out_of_bounds_+" time="0.000000"></testcase>
		<testcase classname="github.com/cisco-open/go-lanai/pkg/utils" name="TestRemoveStructSlices/remove_index_out_of_bounds_-" time="0.000000"></testcase>
		<testcase classname="github.com/cisco-open/go-lanai/pkg/utils" name="TestRemoveStructSlices/remove_index_out_of_bounds_with_length_len(slice)" time="0.000000"></testcase>
		<testcase classname="github.com/cisco-open/go-lanai/pkg/utils" name="TestRemoveStructSlices" time="0.000000"></testcase>
		<testcase classname="github.com/cisco-open/go-lanai/pkg/utils" name="TestRemoveStableStructSlices/remove_middle" time="0.000000"></testcase>
		<testcase classname="github.com/cisco-open/go-lanai/pkg/utils" name="TestRemoveStableStructSlices/remove_0th_index" time="0.000000"></testcase>
		<testcase classname="github.com/cisco-open/go-lanai/pkg/utils" name="TestRemoveStableStructSlices/remove_last_index" time="0.000000"></testcase>
		<testcase classname="github.com/cisco-open/go-lanai/pkg/utils" name="TestRemoveStableStructSlices/remove_middle_-_larger_slice" time="0.000000"></testcase>
		<testcase classname="github.com/cisco-open/go-lanai/pkg/utils" name="TestRemoveStableStructSlices/remove_index_out_of_bounds_+" time="0.000000"></testcase>
		<testcase classname="github.com/cisco-open/go-lanai/pkg/utils" name="TestRemoveStableStructSlices/remove_index_out_of_bounds_-" time="0.000000"></testcase>
		<testcase classname="github.com/cisco-open/go-lanai/pkg/utils" name="TestRemoveStableStructSlices/remove_index_out_of_bounds_with_length_len(slice)" time="0.000000"></testcase>
		<testcase classname="github.com/cisco-open/go-lanai/pkg/utils" name="TestRemoveStableStructSlices" time="0.000000"></testcase>
		<testcase classname="github.com/cisco-open/go-lanai/pkg/utils" name="TestReverse/simple_ints" time="0.000000"></testcase>
		<testcase classname="github.com/cisco-open/go-lanai/pkg/utils" name="TestReverse/simple_strings" time="0.000000"></testcase>
		<testcase classname="github.com/cisco-open/go-lanai/pkg/utils" name="TestReverse/int_and_string_mix" time="0.000000"></testcase>
		<testcase classname="github.com/cisco-open/go-lanai/pkg/utils" name="TestReverse/string_and_struct_mix" time="0.000000"></testcase>
		<testcase classname="github.com/cisco-open/go-lanai/pkg/utils" name="TestReverse" time="0.000000"></testcase>
		<testcase classname="github.com/cisco-open/go-lanai/pkg/utils" name="TestSliceUtils/TestCommaSeparatedSlice" time="0.000000"></testcase>
		<testcase classname="github.com/cisco-open/go-lanai/pkg/utils" name="TestSliceUtils/TestConvertSlice" time="0.000000"></testcase>
		<testcase classname="github.com/cisco-open/go-lanai/pkg/utils" name="TestSliceUtils" time="0.000000"></testcase>
		<testcase classname="github.com/cisco-open/go-lanai/pkg/utils" name="TestStringUtils/TestUnQuote" time="0.000000"></testcase>
		<testcase classname="github.com/cisco-open/go-lanai/pkg/utils" name="TestStringUtils/TestParseString" time="0.000000"></testcase>
		<testcase classname="github.com/cisco-open/go-lanai/pkg/utils" name="TestStringUtils/TestCamelToSnakeCase" time="0.000000"></testcase>
		<testcase classname="github.com/cisco-open/go-lanai/pkg/utils" name="TestStringUtils" time="0.000000"></testcase>
		<testcase classname="github.com/cisco-open/go-lanai/pkg/utils" name="TestTimeUtils/TestTimeISO8601" time="0.000000"></testcase>
		<testcase classname="github.com/cisco-open/go-lanai/pkg/utils" name="TestTimeUtils/TestTimeCustomLayout" time="0.000000"></testcase>
		<testcase classname="github.com/cisco-open/go-lanai/pkg/utils" name="TestTimeUtils/TestDuration" time="0.000000"></testcase>
		<testcase classname="github.com/cisco-open/go-lanai/pkg/utils" name="TestTimeUtils" time="0.000000"></testcase>
		<testcase classname="github.com/cisco-open/go-lanai/pkg/utils" name="TestFromPtrWithString/Resolve_a_valid_string_value" time="0.000000"></testcase>
		<testcase classname="github.com/cisco-open/go-lanai/pkg/utils" name="TestFromPtrWithString/resolve_an_empty_string_from_empty_string_value" time="0.000000"></testcase>
		<testcase classname="github.com/cisco-open/go-lanai/pkg/utils" name="TestFromPtrWithString/get_empty_string_from_nil_value" time="0.000000"></testcase>
		<testcase classname="github.com/cisco-open/go-lanai/pkg/utils" name="TestFromPtrWithString" time="0.000000"></testcase>
		<testcase classname="github.com/cisco-open/go-lanai/pkg/utils" name="TestFromPtrWithBool/resolve_true_from_valid_true_pointer" time="0.000000"></testcase>
		<testcase classname="github.com/cisco-open/go-lanai/pkg/utils" name="TestFromPtrWithBool/resolve_false_from_valid_false_pointer" time="0.000000"></testcase>
		<testcase classname="github.com/cisco-open/go-lanai/pkg/utils" name="TestFromPtrWithBool/resolve_false_from_nil_pointer" time="0.000000"></testcase>
		<testcase classname="github.com/cisco-open/go-lanai/pkg/utils" name="TestFromPtrWithBool" time="0.000000"></testcase>
		<testcase classname="github.com/cisco-open/go-lanai/pkg/utils" name="TestFromPtrWithFloat64/resolve_float_value_from_valid_pointer" time="0.000000"></testcase>
		<testcase classname="github.com/cisco-open/go-lanai/pkg/utils" name="TestFromPtrWithFloat64/resolve_0.0_from_valid_pointer" time="0.000000"></testcase>
		<testcase classname="github.com/cisco-open/go-lanai/pkg/utils" name="TestFromPtrWithFloat64/resolve_0.0_from_nil_pointer" time="0.000000"></testcase>
		<testcase classname="github.com/cisco-open/go-lanai/pkg/utils" name="TestFromPtrWithFloat64" time="0.000000"></testcase>
		<testcase classname="github.com/cisco-open/go-lanai/pkg/utils" name="TestFromPtrWithUnderlyingTypeString/Resolve_a_valid_string_value" time="0.000000"></testcase>
		<testcase classname="github.com/cisco-open/go-lanai/pkg/utils" name="TestFromPtrWithUnderlyingTypeString/resolve_an_empty_string_from_empty_string_value" time="0.000000"></testcase>
		<testcase classname="github.com/cisco-open/go-lanai/pkg/utils" name="TestFromPtrWithUnderlyingTypeString/get_empty_string_from_nil_value" time="0.000000"></testcase>
		<testcase classname="github.com/cisco-open/go-lanai/pkg/utils" name="TestFromPtrWithUnderlyingTypeString" time="0.000000"></testcase>
	</testsuite>
	<testsuite tests="12" failures="0" time="6.414000" name="github.com/cisco-open/go-lanai/pkg/utils/cacheutils" timestamp="2025-05-28T20:55:39Z">
		<properties>
			<property name="go.version" value="go1.24.3 linux/amd64"></property>
		</properties>
		<testcase classname="github.com/cisco-open/go-lanai/pkg/utils/cacheutils" name="TestCacheCorrectnessPositiveCases/CacheSuccessfulLoad" time="0.300000"></testcase>
		<testcase classname="github.com/cisco-open/go-lanai/pkg/utils/cacheutils" name="TestCacheCorrectnessPositiveCases/CacheFailedLoad" time="0.500000"></testcase>
		<testcase classname="github.com/cisco-open/go-lanai/pkg/utils/cacheutils" name="TestCacheCorrectnessPositiveCases/CacheOnDifferentKeys" time="0.300000"></testcase>
		<testcase classname="github.com/cisco-open/go-lanai/pkg/utils/cacheutils" name="TestCacheCorrectnessPositiveCases/CacheSuccessfulUpdate" time="0.600000"></testcase>
		<testcase classname="github.com/cisco-open/go-lanai/pkg/utils/cacheutils" name="TestCacheCorrectnessPositiveCases/CacheFailedUpdate" time="0.600000"></testcase>
		<testcase classname="github.com/cisco-open/go-lanai/pkg/utils/cacheutils" name="TestCacheCorrectnessPositiveCases/CacheDelete" time="0.000000"></testcase>
		<testcase classname="github.com/cisco-open/go-lanai/pkg/utils/cacheutils" name="TestCacheCorrectnessPositiveCases/CacheReset" time="0.000000"></testcase>
		<testcase classname="github.com/cisco-open/go-lanai/pkg/utils/cacheutils" name="TestCacheCorrectnessPositiveCases/CacheManualEvict" time="0.800000"></testcase>
		<testcase classname="github.com/cisco-open/go-lanai/pkg/utils/cacheutils" name="TestCacheCorrectnessPositiveCases/CacheAutoEvict" time="0.800000"></testcase>
		<testcase classname="github.com/cisco-open/go-lanai/pkg/utils/cacheutils" name="TestCacheCorrectnessPositiveCases" time="3.910000"></testcase>
		<testcase classname="github.com/cisco-open/go-lanai/pkg/utils/cacheutils" name="TestCacheConcurrency/CacheConcurrentSoapTest" time="2.450000"></testcase>
		<testcase classname="github.com/cisco-open/go-lanai/pkg/utils/cacheutils" name="TestCacheConcurrency" time="2.450000"></testcase>
	</testsuite>
	<testsuite tests="0" failures="0" time="0.004000" name="github.com/cisco-open/go-lanai/pkg/utils/cryptoutils" timestamp="2025-05-28T20:55:39Z">
		<properties>
			<property name="go.version" value="go1.24.3 linux/amd64"></property>
		</properties>
	</testsuite>
	<testsuite tests="6" failures="0" time="0.052000" name="github.com/cisco-open/go-lanai/pkg/utils/error" timestamp="2025-05-28T20:55:39Z">
		<properties>
			<property name="go.version" value="go1.24.3 linux/amd64"></property>
		</properties>
		<testcase classname="github.com/cisco-open/go-lanai/pkg/utils/error" name="TestCodedErrorTypeComparison" time="0.000000"></testcase>
		<testcase classname="github.com/cisco-open/go-lanai/pkg/utils/error" name="TestConcreteCodedError" time="0.000000"></testcase>
		<testcase classname="github.com/cisco-open/go-lanai/pkg/utils/error" name="TestConcreteCodedTypeError" time="0.000000"></testcase>
		<testcase classname="github.com/cisco-open/go-lanai/pkg/utils/error" name="TestCodedErrorWithCausesChain" time="0.000000"></testcase>
		<testcase classname="github.com/cisco-open/go-lanai/pkg/utils/error" name="TestWrappedError" time="0.000000"></testcase>
		<testcase classname="github.com/cisco-open/go-lanai/pkg/utils/error" name="TestCodeReserve" time="0.000000"></testcase>
	</testsuite>
	<testsuite tests="9" failures="0" time="0.847000" name="github.com/cisco-open/go-lanai/pkg/utils/loop" timestamp="2025-05-28T20:55:39Z">
		<properties>
			<property name="go.version" value="go1.24.3 linux/amd64"></property>
		</properties>
		<testcase classname="github.com/cisco-open/go-lanai/pkg/utils/loop" name="TestSingleExec/TestExecOrder" time="0.240000"></testcase>
		<testcase classname="github.com/cisco-open/go-lanai/pkg/utils/loop" name="TestSingleExec/TestDo" time="0.000000"></testcase>
		<testcase classname="github.com/cisco-open/go-lanai/pkg/utils/loop" name="TestSingleExec/TestDoAndWait" time="0.000000"></testcase>
		<testcase classname="github.com/cisco-open/go-lanai/pkg/utils/loop" name="TestSingleExec/TestLoopCancel" time="0.020000"></testcase>
		<testcase classname="github.com/cisco-open/go-lanai/pkg/utils/loop" name="TestSingleExec" time="0.260000"></testcase>
		<testcase classname="github.com/cisco-open/go-lanai/pkg/utils/loop" name="TestRepeatExec/TestFixedInterval" time="0.160000"></testcase>
		<testcase classname="github.com/cisco-open/go-lanai/pkg/utils/loop" name="TestRepeatExec/TestDynamicInterval" time="0.180000"></testcase>
		<testcase classname="github.com/cisco-open/go-lanai/pkg/utils/loop" name="TestRepeatExec/TestExponentialIntervalOnError" time="0.190000"></testcase>
		<testcase classname="github.com/cisco-open/go-lanai/pkg/utils/loop" name="TestRepeatExec" time="0.540000"></testcase>
	</testsuite>
	<testsuite tests="0" failures="0" time="0.004000" name="github.com/cisco-open/go-lanai/pkg/utils/matcher" timestamp="2025-05-28T20:55:39Z">
		<properties>
			<property name="go.version" value="go1.24.3 linux/amd64"></property>
		</properties>
	</testsuite>
	<testsuite tests="2" failures="0" time="0.052000" name="github.com/cisco-open/go-lanai/pkg/utils/net" timestamp="2025-05-28T20:55:39Z">
		<properties>
			<property name="go.version" value="go1.24.3 linux/amd64"></property>
		</properties>
		<testcase classname="github.com/cisco-open/go-lanai/pkg/utils/net" name="TestGetForwardedHostName" time="0.000000"></testcase>
		<testcase classname="github.com/cisco-open/go-lanai/pkg/utils/net" name="TestGetIP" time="0.000000"></testcase>
	</testsuite>
	<testsuite tests="20" failures="0" time="0.062000" name="github.com/cisco-open/go-lanai/pkg/utils/order" timestamp="2025-05-28T20:55:39Z">
		<properties>
			<property name="go.version" value="go1.24.3 linux/amd64"></property>
		</properties>
		<testcase classname="github.com/cisco-open/go-lanai/pkg/utils/order" name="TestOrderedFirstCompare/SortTest" time="0.000000"></testcase>
		<testcase classname="github.com/cisco-open/go-lanai/pkg/utils/order" name="TestOrderedFirstCompare/SortStableTest" time="0.000000"></testcase>
		<testcase classname="github.com/cisco-open/go-lanai/pkg/utils/order" name="TestOrderedFirstCompare/CompareFuncDirectUsageTest" time="0.000000"></testcase>
		<testcase classname="github.com/cisco-open/go-lanai/pkg/utils/order" name="TestOrderedFirstCompare" time="0.000000"></testcase>
		<testcase classname="github.com/cisco-open/go-lanai/pkg/utils/order" name="TestOrderedFirstCompareReverse/SortTest" time="0.000000"></testcase>
		<testcase classname="github.com/cisco-open/go-lanai/pkg/utils/order" name="TestOrderedFirstCompareReverse/SortStableTest" time="0.000000"></testcase>
		<testcase classname="github.com/cisco-open/go-lanai/pkg/utils/order" name="TestOrderedFirstCompareReverse/CompareFuncDirectUsageTest" time="0.000000"></testcase>
		<testcase classname="github.com/cisco-open/go-lanai/pkg/utils/order" name="TestOrderedFirstCompareReverse" time="0.000000"></testcase>
		<testcase classname="github.com/cisco-open/go-lanai/pkg/utils/order" name="TestOrderedLastCompare/SortTest" time="0.000000"></testcase>
		<testcase classname="github.com/cisco-open/go-lanai/pkg/utils/order" name="TestOrderedLastCompare/SortStableTest" time="0.000000"></testcase>
		<testcase classname="github.com/cisco-open/go-lanai/pkg/utils/order" name="TestOrderedLastCompare/CompareFuncDirectUsageTest" time="0.000000"></testcase>
		<testcase classname="github.com/cisco-open/go-lanai/pkg/utils/order" name="TestOrderedLastCompare" time="0.000000"></testcase>
		<testcase classname="github.com/cisco-open/go-lanai/pkg/utils/order" name="TestOrderedLastCompareReverse/SortTest" time="0.000000"></testcase>
		<testcase classname="github.com/cisco-open/go-lanai/pkg/utils/order" name="TestOrderedLastCompareReverse/SortStableTest" time="0.000000"></testcase>
		<testcase classname="github.com/cisco-open/go-lanai/pkg/utils/order" name="TestOrderedLastCompareReverse/CompareFuncDirectUsageTest" time="0.000000"></testcase>
		<testcase classname="github.com/cisco-open/go-lanai/pkg/utils/order" name="TestOrderedLastCompareReverse" time="0.000000"></testcase>
		<testcase classname="github.com/cisco-open/go-lanai/pkg/utils/order" name="TestUnOrderedMiddleCompare/SortTest" time="0.000000"></testcase>
		<testcase classname="github.com/cisco-open/go-lanai/pkg/utils/order" name="TestUnOrderedMiddleCompare/SortStableTest" time="0.000000"></testcase>
		<testcase classname="github.com/cisco-open/go-lanai/pkg/utils/order" name="TestUnOrderedMiddleCompare/CompareFuncDirectUsageTest" time="0.000000"></testcase>
		<testcase classname="github.com/cisco-open/go-lanai/pkg/utils/order" name="TestUnOrderedMiddleCompare" time="0.000000"></testcase>
	</testsuite>
	<testsuite tests="3" failures="0" time="0.051000" name="github.com/cisco-open/go-lanai/pkg/utils/reflectutils" timestamp="2025-05-28T20:55:39Z">
		<properties>
			<property name="go.version" value="go1.24.3 linux/amd64"></property>
		</properties>
		<testcase classname="github.com/cisco-open/go-lanai/pkg/utils/reflectutils" name="TestStructAnalysis/TestFindStructField" time="0.000000"></testcase>
		<testcase classname="github.com/cisco-open/go-lanai/pkg/utils/reflectutils" name="TestStructAnalysis/TestListStructField" time="0.000000"></testcase>
		<testcase classname="github.com/cisco-open/go-lanai/pkg/utils/reflectutils" name="TestStructAnalysis" time="0.000000"></testcase>
	</testsuite>
	<testsuite tests="6" failures="0" time="0.054000" name="github.com/cisco-open/go-lanai/pkg/utils/validation" timestamp="2025-05-28T20:55:39Z">
		<properties>
			<property name="go.version" value="go1.24.3 linux/amd64"></property>
		</properties>
		<testcase classname="github.com/cisco-open/go-lanai/pkg/utils/validation" name="TestCaseInsensitiveOneOf/StringPositive" time="0.000000"></testcase>
		<testcase classname="github.com/cisco-open/go-lanai/pkg/utils/validation" name="TestCaseInsensitiveOneOf/IntPositive" time="0.000000"></testcase>
		<testcase classname="github.com/cisco-open/go-lanai/pkg/utils/validation" name="TestCaseInsensitiveOneOf/UIntPositive" time="0.000000"></testcase>
		<testcase classname="github.com/cisco-open/go-lanai/pkg/utils/validation" name="TestCaseInsensitiveOneOf/Negative" time="0.000000"></testcase>
		<testcase classname="github.com/cisco-open/go-lanai/pkg/utils/validation" name="TestCaseInsensitiveOneOf/InvalidTag" time="0.000000"></testcase>
		<testcase classname="github.com/cisco-open/go-lanai/pkg/utils/validation" name="TestCaseInsensitiveOneOf" time="0.000000"></testcase>
	</testsuite>
	<testsuite tests="2" failures="0" time="0.254000" name="github.com/cisco-open/go-lanai/pkg/utils/xsync" timestamp="2025-05-28T20:55:39Z">
		<properties>
			<property name="go.version" value="go1.24.3 linux/amd64"></property>
		</properties>
		<testcase classname="github.com/cisco-open/go-lanai/pkg/utils/xsync" name="TestCondRace" time="0.000000"></testcase>
		<testcase classname="github.com/cisco-open/go-lanai/pkg/utils/xsync" name="TestCondCancel" time="0.200000"></testcase>
	</testsuite>
	<testsuite tests="15" failures="0" time="10.134000" name="github.com/cisco-open/go-lanai/pkg/vault" timestamp="2025-05-28T20:55:39Z">
		<properties>
			<property name="go.version" value="go1.24.3 linux/amd64"></property>
		</properties>
		<testcase classname="github.com/cisco-open/go-lanai/pkg/vault" name="TestAuthenticateWithK8s/TestSuccessfulK8sAuth" time="0.000000"></testcase>
		<testcase classname="github.com/cisco-open/go-lanai/pkg/vault" name="TestAuthenticateWithK8s" time="0.010000"></testcase>
		<testcase classname="github.com/cisco-open/go-lanai/pkg/vault" name="TestFailedAuthenticateWithK8s/TestFailedK8sAuth" time="0.000000"></testcase>
		<testcase classname="github.com/cisco-open/go-lanai/pkg/vault" name="TestFailedAuthenticateWithK8s" time="0.000000"></testcase>
		<testcase classname="github.com/cisco-open/go-lanai/pkg/vault" name="TestConnection/TestNewClient" time="0.000000"></testcase>
		<testcase classname="github.com/cisco-open/go-lanai/pkg/vault" name="TestConnection/TestCloneClient" time="0.000000"></testcase>
		<testcase classname="github.com/cisco-open/go-lanai/pkg/vault" name="TestConnection" time="0.010000"></testcase>
		<testcase classname="github.com/cisco-open/go-lanai/pkg/vault" name="TestRefresherWithK8s/TestRefresherWithK8s" time="6.000000"></testcase>
		<testcase classname="github.com/cisco-open/go-lanai/pkg/vault" name="TestRefresherWithK8s" time="6.010000"></testcase>
		<testcase classname="github.com/cisco-open/go-lanai/pkg/vault" name="TestRefresherWithToken/TestRefresherWithNonRefreshableToken" time="2.500000"></testcase>
		<testcase classname="github.com/cisco-open/go-lanai/pkg/vault" name="TestRefresherWithToken/TestRefresherWithStaticToken" time="1.500000"></testcase>
		<testcase classname="github.com/cisco-open/go-lanai/pkg/vault" name="TestRefresherWithToken" time="4.010000"></testcase>
		<testcase classname="github.com/cisco-open/go-lanai/pkg/vault" name="TestTransitEngineWithRealVault/EncryptionWithFirstKey" time="0.000000"></testcase>
		<testcase classname="github.com/cisco-open/go-lanai/pkg/vault" name="TestTransitEngineWithRealVault/EncryptionWithSecondKey" time="0.000000"></testcase>
		<testcase classname="github.com/cisco-open/go-lanai/pkg/vault" name="TestTransitEngineWithRealVault" time="0.010000"></testcase>
	</testsuite>
	<testsuite tests="2" failures="0" time="9.112000" name="github.com/cisco-open/go-lanai/pkg/vault/appconfig" timestamp="2025-05-28T20:55:39Z">
		<properties>
			<property name="go.version" value="go1.24.3 linux/amd64"></property>
		</properties>
		<testcase classname="github.com/cisco-open/go-lanai/pkg/vault/appconfig" name="TestAppConfig/PropertiesBinding" time="9.040000"></testcase>
		<testcase classname="github.com/cisco-open/go-lanai/pkg/vault/appconfig" name="TestAppConfig" time="9.050000"></testcase>
	</testsuite>
	<testsuite tests="0" failures="0" time="0.003000" name="github.com/cisco-open/go-lanai/pkg/vault/health" timestamp="2025-05-28T20:55:39Z">
		<properties>
			<property name="go.version" value="go1.24.3 linux/amd64"></property>
		</properties>
	</testsuite>
	<testsuite tests="0" failures="0" time="0.003000" name="github.com/cisco-open/go-lanai/pkg/vault/init" timestamp="2025-05-28T20:55:39Z">
		<properties>
			<property name="go.version" value="go1.24.3 linux/amd64"></property>
		</properties>
	</testsuite>
	<testsuite tests="5" failures="0" time="0.063000" name="github.com/cisco-open/go-lanai/pkg/vault/tracing" timestamp="2025-05-28T20:55:39Z">
		<properties>
			<property name="go.version" value="go1.24.3 linux/amd64"></property>
		</properties>
		<testcase classname="github.com/cisco-open/go-lanai/pkg/vault/tracing" name="TestVaultTracing/SubTestReadWithExistingSpan@DThR" time="0.000000"></testcase>
		<testcase classname="github.com/cisco-open/go-lanai/pkg/vault/tracing" name="TestVaultTracing/SubTestWriteWithExistingSpan@QScW" time="0.000000"></testcase>
		<testcase classname="github.com/cisco-open/go-lanai/pkg/vault/tracing" name="TestVaultTracing/SubTestReadWithoutExistingSpan@9yUE" time="0.000000"></testcase>
		<testcase classname="github.com/cisco-open/go-lanai/pkg/vault/tracing" name="TestVaultTracing/SubTestWriteWithoutExistingSpan@tZlD" time="0.000000"></testcase>
		<testcase classname="github.com/cisco-open/go-lanai/pkg/vault/tracing" name="TestVaultTracing" time="0.010000"></testcase>
	</testsuite>
	<testsuite tests="10" failures="0" time="0.053000" name="github.com/cisco-open/go-lanai/pkg/web" timestamp="2025-05-28T20:55:39Z">
		<properties>
			<property name="go.version" value="go1.24.3 linux/amd64"></property>
		</properties>
		<testcase classname="github.com/cisco-open/go-lanai/pkg/web" name="TestFxControllerProvider/target_provides_a_*TestController" time="0.000000"></testcase>
		<testcase classname="github.com/cisco-open/go-lanai/pkg/web" name="TestFxControllerProvider/target_provides_a_none_Controller" time="0.000000"></testcase>
		<testcase classname="github.com/cisco-open/go-lanai/pkg/web" name="TestFxControllerProvider/target_provides_a_Controller" time="0.000000"></testcase>
		<testcase classname="github.com/cisco-open/go-lanai/pkg/web" name="TestFxControllerProvider/target_provides_multiple_controllers" time="0.000000"></testcase>
		<testcase classname="github.com/cisco-open/go-lanai/pkg/web" name="TestFxControllerProvider/target_provides_none_controller" time="0.000000"></testcase>
		<testcase classname="github.com/cisco-open/go-lanai/pkg/web" name="TestFxControllerProvider/target_provides_no_controller" time="0.000000"></testcase>
		<testcase classname="github.com/cisco-open/go-lanai/pkg/web" name="TestFxControllerProvider/target_provides_result_in_error" time="0.000000"></testcase>
		<testcase classname="github.com/cisco-open/go-lanai/pkg/web" name="TestFxControllerProvider/target_uses_Fx.In_and_provides_Controller" time="0.000000"></testcase>
		<testcase classname="github.com/cisco-open/go-lanai/pkg/web" name="TestFxControllerProvider/target_uses_Fx.In_and_provides_*TestController" time="0.000000"></testcase>
		<testcase classname="github.com/cisco-open/go-lanai/pkg/web" name="TestFxControllerProvider" time="0.000000"></testcase>
	</testsuite>
	<testsuite tests="0" failures="0" time="0.003000" name="github.com/cisco-open/go-lanai/pkg/web/assets" timestamp="2025-05-28T20:55:39Z">
		<properties>
			<property name="go.version" value="go1.24.3 linux/amd64"></property>
		</properties>
	</testsuite>
	<testsuite tests="5" failures="0" time="0.058000" name="github.com/cisco-open/go-lanai/pkg/web/cors" timestamp="2025-05-28T20:55:39Z">
		<properties>
			<property name="go.version" value="go1.24.3 linux/amd64"></property>
		</properties>
		<testcase classname="github.com/cisco-open/go-lanai/pkg/web/cors" name="TestCORSGinMW/TestPreFlightAllow" time="0.000000"></testcase>
		<testcase classname="github.com/cisco-open/go-lanai/pkg/web/cors" name="TestCORSGinMW/TestPreFlightDisallowMethod" time="0.000000"></testcase>
		<testcase classname="github.com/cisco-open/go-lanai/pkg/web/cors" name="TestCORSGinMW/TestPreFlightDisallowHeader" time="0.000000"></testcase>
		<testcase classname="github.com/cisco-open/go-lanai/pkg/web/cors" name="TestCORSGinMW/TestPostSuccess" time="0.000000"></testcase>
		<testcase classname="github.com/cisco-open/go-lanai/pkg/web/cors" name="TestCORSGinMW" time="0.010000"></testcase>
	</testsuite>
	<testsuite tests="0" failures="0" time="0.003000" name="github.com/cisco-open/go-lanai/pkg/web/init" timestamp="2025-05-28T20:55:39Z">
		<properties>
			<property name="go.version" value="go1.24.3 linux/amd64"></property>
		</properties>
	</testsuite>
	<testsuite tests="0" failures="0" time="0.003000" name="github.com/cisco-open/go-lanai/pkg/web/internal/mvc" timestamp="2025-05-28T20:55:39Z">
		<properties>
			<property name="go.version" value="go1.24.3 linux/amd64"></property>
		</properties>
	</testsuite>
	<testsuite tests="0" failures="0" time="0.003000" name="github.com/cisco-open/go-lanai/pkg/web/mapping" timestamp="2025-05-28T20:55:39Z">
		<properties>
			<property name="go.version" value="go1.24.3 linux/amd64"></property>
		</properties>
	</testsuite>
	<testsuite tests="0" failures="0" time="0.003000" name="github.com/cisco-open/go-lanai/pkg/web/matcher" timestamp="2025-05-28T20:55:39Z">
		<properties>
			<property name="go.version" value="go1.24.3 linux/amd64"></property>
		</properties>
	</testsuite>
	<testsuite tests="0" failures="0" time="0.003000" name="github.com/cisco-open/go-lanai/pkg/web/middleware" timestamp="2025-05-28T20:55:39Z">
		<properties>
			<property name="go.version" value="go1.24.3 linux/amd64"></property>
		</properties>
	</testsuite>
	<testsuite tests="0" failures="0" time="0.003000" name="github.com/cisco-open/go-lanai/pkg/web/rest" timestamp="2025-05-28T20:55:39Z">
		<properties>
			<property name="go.version" value="go1.24.3 linux/amd64"></property>
		</properties>
	</testsuite>
	<testsuite tests="0" failures="0" time="0.003000" name="github.com/cisco-open/go-lanai/pkg/web/template" timestamp="2025-05-28T20:55:39Z">
		<properties>
			<property name="go.version" value="go1.24.3 linux/amd64"></property>
		</properties>
	</testsuite>
	<testsuite tests="0" failures="0" time="0.003000" name="github.com/cisco-open/go-lanai/pkg/web/tracing" timestamp="2025-05-28T20:55:39Z">
		<properties>
			<property name="go.version" value="go1.24.3 linux/amd64"></property>
		</properties>
	</testsuite>
	<testsuite tests="41" failures="0" time="0.109000" name="github.com/cisco-open/go-lanai/pkg/web/web_test" timestamp="2025-05-28T20:55:39Z">
		<properties>
			<property name="go.version" value="go1.24.3 linux/amd64"></property>
		</properties>
		<testcase classname="github.com/cisco-open/go-lanai/pkg/web/web_test" name="TestMvcErrorHandling/TestBindingError" time="0.000000"></testcase>
		<testcase classname="github.com/cisco-open/go-lanai/pkg/web/web_test" name="TestMvcErrorHandling/TestHTTPError" time="0.000000"></testcase>
		<testcase classname="github.com/cisco-open/go-lanai/pkg/web/web_test" name="TestMvcErrorHandling/TestGenericError" time="0.000000"></testcase>
		<testcase classname="github.com/cisco-open/go-lanai/pkg/web/web_test" name="TestMvcErrorHandling/TestBadRequestError" time="0.000000"></testcase>
		<testcase classname="github.com/cisco-open/go-lanai/pkg/web/web_test" name="TestMvcErrorHandling/TestCustomError" time="0.000000"></testcase>
		<testcase classname="github.com/cisco-open/go-lanai/pkg/web/web_test" name="TestMvcErrorHandling/TestErrorTranslator" time="0.000000"></testcase>
		<testcase classname="github.com/cisco-open/go-lanai/pkg/web/web_test" name="TestMvcErrorHandling/TestErrorTranslateMapping" time="0.000000"></testcase>
		<testcase classname="github.com/cisco-open/go-lanai/pkg/web/web_test" name="TestMvcErrorHandling" time="0.010000"></testcase>
		<testcase classname="github.com/cisco-open/go-lanai/pkg/web/web_test" name="TestMWErrorHandling/TestMWGenericError" time="0.000000"></testcase>
		<testcase classname="github.com/cisco-open/go-lanai/pkg/web/web_test" name="TestMWErrorHandling/TestMWCustomError" time="0.000000"></testcase>
		<testcase classname="github.com/cisco-open/go-lanai/pkg/web/web_test" name="TestMWErrorHandling/TestMWCustomTextError" time="0.000000"></testcase>
		<testcase classname="github.com/cisco-open/go-lanai/pkg/web/web_test" name="TestMWErrorHandling" time="0.010000"></testcase>
		<testcase classname="github.com/cisco-open/go-lanai/pkg/web/web_test" name="TestGinMiddlewares/TestGinContextAvailability" time="0.000000"></testcase>
		<testcase classname="github.com/cisco-open/go-lanai/pkg/web/web_test" name="TestGinMiddlewares/TestContextDefaultKV" time="0.000000"></testcase>
		<testcase classname="github.com/cisco-open/go-lanai/pkg/web/web_test" name="TestGinMiddlewares/TestContextSetKV" time="0.000000"></testcase>
		<testcase classname="github.com/cisco-open/go-lanai/pkg/web/web_test" name="TestGinMiddlewares/TestGinHandlerMapping" time="0.000000"></testcase>
		<testcase classname="github.com/cisco-open/go-lanai/pkg/web/web_test" name="TestGinMiddlewares" time="0.010000"></testcase>
		<testcase classname="github.com/cisco-open/go-lanai/pkg/web/web_test" name="TestMiddlewareRegistration/TestWithMWMapping" time="0.000000"></testcase>
		<testcase classname="github.com/cisco-open/go-lanai/pkg/web/web_test" name="TestMiddlewareRegistration/TestWithConditionalMW" time="0.000000"></testcase>
		<testcase classname="github.com/cisco-open/go-lanai/pkg/web/web_test" name="TestMiddlewareRegistration" time="0.010000"></testcase>
		<testcase classname="github.com/cisco-open/go-lanai/pkg/web/web_test" name="TestRestMvcRegistration/TestWithController" time="0.000000"></testcase>
		<testcase classname="github.com/cisco-open/go-lanai/pkg/web/web_test" name="TestRestMvcRegistration/TestWithControllerStruct" time="0.000000"></testcase>
		<testcase classname="github.com/cisco-open/go-lanai/pkg/web/web_test" name="TestRestMvcRegistration/TestWithMvcMapping" time="0.000000"></testcase>
		<testcase classname="github.com/cisco-open/go-lanai/pkg/web/web_test" name="TestRestMvcRegistration/TestWithMvcVariations" time="0.000000"></testcase>
		<testcase classname="github.com/cisco-open/go-lanai/pkg/web/web_test" name="TestRestMvcRegistration/TestWithInvalidMvcHandler" time="0.000000"></testcase>
		<testcase classname="github.com/cisco-open/go-lanai/pkg/web/web_test" name="TestRestMvcRegistration/TestWithTextResponse" time="0.000000"></testcase>
		<testcase classname="github.com/cisco-open/go-lanai/pkg/web/web_test" name="TestRestMvcRegistration/TestWithBytesResponse" time="0.000000"></testcase>
		<testcase classname="github.com/cisco-open/go-lanai/pkg/web/web_test" name="TestRestMvcRegistration/TestWithCustomResponseEncoder" time="0.000000"></testcase>
		<testcase classname="github.com/cisco-open/go-lanai/pkg/web/web_test" name="TestRestMvcRegistration" time="0.010000"></testcase>
		<testcase classname="github.com/cisco-open/go-lanai/pkg/web/web_test" name="TestRealServer/RealServerSmokeTest" time="0.000000"></testcase>
		<testcase classname="github.com/cisco-open/go-lanai/pkg/web/web_test" name="TestRealServer" time="0.010000"></testcase>
		<testcase classname="github.com/cisco-open/go-lanai/pkg/web/web_test" name="TestTemplateRegistration/TestStaticAssets" time="0.000000"></testcase>
		<testcase classname="github.com/cisco-open/go-lanai/pkg/web/web_test" name="TestTemplateRegistration/TestCompressedAssets" time="0.000000"></testcase>
		<testcase classname="github.com/cisco-open/go-lanai/pkg/web/web_test" name="TestTemplateRegistration/TestTemplateMVC" time="0.000000"></testcase>
		<testcase classname="github.com/cisco-open/go-lanai/pkg/web/web_test" name="TestTemplateRegistration/TestTemplateError" time="0.000000"></testcase>
		<testcase classname="github.com/cisco-open/go-lanai/pkg/web/web_test" name="TestTemplateRegistration/TestTemplateRedirect" time="0.000000"></testcase>
		<testcase classname="github.com/cisco-open/go-lanai/pkg/web/web_test" name="TestTemplateRegistration" time="0.010000"></testcase>
		<testcase classname="github.com/cisco-open/go-lanai/pkg/web/web_test" name="TestWebTracingWithExistingSpan/TestRequestWithPropagationHeaders" time="0.000000"></testcase>
		<testcase classname="github.com/cisco-open/go-lanai/pkg/web/web_test" name="TestWebTracingWithExistingSpan/SubTestRequestWithoutHeaders" time="0.000000"></testcase>
		<testcase classname="github.com/cisco-open/go-lanai/pkg/web/web_test" name="TestWebTracingWithExistingSpan/TestExcludedRequest" time="0.000000"></testcase>
		<testcase classname="github.com/cisco-open/go-lanai/pkg/web/web_test" name="TestWebTracingWithExistingSpan" time="0.010000"></testcase>
	</testsuite>
	<testsuite tests="0" failures="0" time="0.003000" name="github.com/cisco-open/go-lanai/pkg/web/weberror" timestamp="2025-05-28T20:55:39Z">
		<properties>
			<property name="go.version" value="go1.24.3 linux/amd64"></property>
		</properties>
	</testsuite>
	<testsuite tests="5" failures="0" time="0.047000" name="github.com/cisco-open/go-lanai/test" timestamp="2025-05-28T20:55:39Z">
		<properties>
			<property name="go.version" value="go1.24.3 linux/amd64"></property>
		</properties>
		<testcase classname="github.com/cisco-open/go-lanai/test" name="TestWithMixedResults" time="0.000000">
			<skipped message="=== RUN   TestWithMixedResults&#xA;    subtest_test.go:39: Skipped because this test is meant to fail&#xA;--- SKIP: TestWithMixedResults (0.00s)&#xA;"></skipped>
		</testcase>
		<testcase classname="github.com/cisco-open/go-lanai/test" name="TestWithSubTests/SuccessfulTest-1" time="0.000000"></testcase>
		<testcase classname="github.com/cisco-open/go-lanai/test" name="TestWithSubTests/SubTestAlwaysSucceed@xdd1" time="0.000000"></testcase>
		<testcase classname="github.com/cisco-open/go-lanai/test" name="TestWithSubTests/SuccessfulTest_4" time="0.000000"></testcase>
		<testcase classname="github.com/cisco-open/go-lanai/test" name="TestWithSubTests" time="0.000000"></testcase>
	</testsuite>
	<testsuite tests="5" failures="0" time="0.065000" name="github.com/cisco-open/go-lanai/test/actuatortest" timestamp="2025-05-28T20:55:39Z">
		<properties>
			<property name="go.version" value="go1.24.3 linux/amd64"></property>
		</properties>
		<testcase classname="github.com/cisco-open/go-lanai/test/actuatortest" name="TestActuatorEndpoints/TestHealthWithDetails" time="0.000000"></testcase>
		<testcase classname="github.com/cisco-open/go-lanai/test/actuatortest" name="TestActuatorEndpoints/TestLoggersEndpoint" time="0.000000"></testcase>
		<testcase classname="github.com/cisco-open/go-lanai/test/actuatortest" name="TestActuatorEndpoints/TestEnvEndpoint" time="0.000000"></testcase>
		<testcase classname="github.com/cisco-open/go-lanai/test/actuatortest" name="TestActuatorEndpoints/TestAPIListEndpoint" time="0.000000"></testcase>
		<testcase classname="github.com/cisco-open/go-lanai/test/actuatortest" name="TestActuatorEndpoints" time="0.010000"></testcase>
	</testsuite>
	<testsuite tests="17" failures="0" time="0.074000" name="github.com/cisco-open/go-lanai/test/apptest" timestamp="2025-05-28T20:55:39Z">
		<properties>
			<property name="go.version" value="go1.24.3 linux/amd64"></property>
		</properties>
		<testcase classname="github.com/cisco-open/go-lanai/test/apptest" name="TestBootstrapWithMixedResults" time="0.000000">
			<skipped message="=== RUN   TestBootstrapWithMixedResults&#xA;    bootstrap_test.go:231: Skipped because this test is meant to fail&#xA;--- SKIP: TestBootstrapWithMixedResults (0.00s)&#xA;"></skipped>
		</testcase>
		<testcase classname="github.com/cisco-open/go-lanai/test/apptest" name="TestBootstrapWithDefaults/SubTestDefaultDI-Pass1" time="0.000000"></testcase>
		<testcase classname="github.com/cisco-open/go-lanai/test/apptest" name="TestBootstrapWithDefaults/SubTestDefaultDI-Pass2" time="0.000000"></testcase>
		<testcase classname="github.com/cisco-open/go-lanai/test/apptest" name="TestBootstrapWithDefaults/SubTestDefaultDI-Pass3" time="0.000000"></testcase>
		<testcase classname="github.com/cisco-open/go-lanai/test/apptest" name="TestBootstrapWithDefaults" time="0.000000"></testcase>
		<testcase classname="github.com/cisco-open/go-lanai/test/apptest" name="TestBootstrapWithCustomSettings/SubTestDefaultDI@Xnnj" time="0.000000"></testcase>
		<testcase classname="github.com/cisco-open/go-lanai/test/apptest" name="TestBootstrapWithCustomSettings/SubTestAdditionalDI@PHRQ" time="0.000000"></testcase>
		<testcase classname="github.com/cisco-open/go-lanai/test/apptest" name="TestBootstrapWithCustomSettings/SubTestCustomConfig@oiBb" time="0.000000"></testcase>
		<testcase classname="github.com/cisco-open/go-lanai/test/apptest" name="TestBootstrapWithCustomSettings/SubTestWebController@6ul5" time="0.000000"></testcase>
		<testcase classname="github.com/cisco-open/go-lanai/test/apptest" name="TestBootstrapWithCustomSettings" time="0.010000"></testcase>
		<testcase classname="github.com/cisco-open/go-lanai/test/apptest" name="TestRepeatedBootstrapWithCustomSettings/SubTestDefaultDI@hEma" time="0.000000"></testcase>
		<testcase classname="github.com/cisco-open/go-lanai/test/apptest" name="TestRepeatedBootstrapWithCustomSettings/SubTestAdditionalDI@jXKr" time="0.000000"></testcase>
		<testcase classname="github.com/cisco-open/go-lanai/test/apptest" name="TestRepeatedBootstrapWithCustomSettings/SubTestCustomConfig@bh6t" time="0.000000"></testcase>
		<testcase classname="github.com/cisco-open/go-lanai/test/apptest" name="TestRepeatedBootstrapWithCustomSettings/SubTestWebController@Pg1c" time="0.000000"></testcase>
		<testcase classname="github.com/cisco-open/go-lanai/test/apptest" name="TestRepeatedBootstrapWithCustomSettings" time="0.010000"></testcase>
		<testcase classname="github.com/cisco-open/go-lanai/test/apptest" name="TestBootstrapWithoutSettings/SubTestAlwaysSucceed" time="0.000000"></testcase>
		<testcase classname="github.com/cisco-open/go-lanai/test/apptest" name="TestBootstrapWithoutSettings" time="0.000000"></testcase>
	</testsuite>
	<testsuite tests="10" failures="0" time="0.080000" name="github.com/cisco-open/go-lanai/test/apptest/examples" timestamp="2025-05-28T20:55:39Z">
		<properties>
			<property name="go.version" value="go1.24.3 linux/amd64"></property>
		</properties>
		<testcase classname="github.com/cisco-open/go-lanai/test/apptest/examples" name="TestBootstrapWithDefaults/SubTestWithRealService" time="0.000000"></testcase>
		<testcase classname="github.com/cisco-open/go-lanai/test/apptest/examples" name="TestBootstrapWithDefaults" time="0.000000"></testcase>
		<testcase classname="github.com/cisco-open/go-lanai/test/apptest/examples" name="TestBootstrapWithCustomConfigAndMocks/SubTestWithMockedService" time="0.000000"></testcase>
		<testcase classname="github.com/cisco-open/go-lanai/test/apptest/examples" name="TestBootstrapWithCustomConfigAndMocks" time="0.010000"></testcase>
		<testcase classname="github.com/cisco-open/go-lanai/test/apptest/examples" name="TestBootstrapWithRealWebServer/SubTestWithRealWebController" time="0.000000"></testcase>
		<testcase classname="github.com/cisco-open/go-lanai/test/apptest/examples" name="TestBootstrapWithRealWebServer" time="0.010000"></testcase>
		<testcase classname="github.com/cisco-open/go-lanai/test/apptest/examples" name="TestBootstrapWithMockedWebServer/SubTestWithRealWebController" time="0.000000"></testcase>
		<testcase classname="github.com/cisco-open/go-lanai/test/apptest/examples" name="TestBootstrapWithMockedWebServer" time="0.000000"></testcase>
		<testcase classname="github.com/cisco-open/go-lanai/test/apptest/examples" name="TestBootstrapWithDataMocks/SubTestWithOverriddenTxManager" time="0.000000"></testcase>
		<testcase classname="github.com/cisco-open/go-lanai/test/apptest/examples" name="TestBootstrapWithDataMocks" time="0.010000"></testcase>
	</testsuite>
	<testsuite tests="2" failures="0" time="0.059000" name="github.com/cisco-open/go-lanai/test/consultest" timestamp="2025-05-28T20:55:39Z">
		<properties>
			<property name="go.version" value="go1.24.3 linux/amd64"></property>
		</properties>
		<testcase classname="github.com/cisco-open/go-lanai/test/consultest" name="TestConsulConnection/TestKVOperations" time="0.000000"></testcase>
		<testcase classname="github.com/cisco-open/go-lanai/test/consultest" name="TestConsulConnection" time="0.010000"></testcase>
	</testsuite>
	<testsuite tests="19" failures="0" time="0.090000" name="github.com/cisco-open/go-lanai/test/dbtest" timestamp="2025-05-28T20:55:39Z">
		<properties>
			<property name="go.version" value="go1.24.3 linux/amd64"></property>
		</properties>
		<testcase classname="github.com/cisco-open/go-lanai/test/dbtest" name="TestScopeController/TestCats" time="0.000000"></testcase>
		<testcase classname="github.com/cisco-open/go-lanai/test/dbtest" name="TestScopeController/TestToys" time="0.000000"></testcase>
		<testcase classname="github.com/cisco-open/go-lanai/test/dbtest" name="TestScopeController" time="0.010000"></testcase>
		<testcase classname="github.com/cisco-open/go-lanai/test/dbtest" name="TestDBPlayback/Select" time="0.000000"></testcase>
		<testcase classname="github.com/cisco-open/go-lanai/test/dbtest" name="TestDBPlayback/TransactionalSave" time="0.000000"></testcase>
		<testcase classname="github.com/cisco-open/go-lanai/test/dbtest" name="TestDBPlayback" time="0.010000"></testcase>
		<testcase classname="github.com/cisco-open/go-lanai/test/dbtest" name="TestGormWithDBPlayback/GormDialetorValidation" time="0.000000"></testcase>
		<testcase classname="github.com/cisco-open/go-lanai/test/dbtest" name="TestGormWithDBPlayback" time="0.010000"></testcase>
		<testcase classname="github.com/cisco-open/go-lanai/test/dbtest" name="TestNoopGorm/GormDialetorValidation" time="0.000000"></testcase>
		<testcase classname="github.com/cisco-open/go-lanai/test/dbtest" name="TestNoopGorm/TestGormDryRun" time="0.000000"></testcase>
		<testcase classname="github.com/cisco-open/go-lanai/test/dbtest" name="TestNoopGorm" time="0.000000"></testcase>
		<testcase classname="github.com/cisco-open/go-lanai/test/dbtest" name="TestTxManagerWithDBPlayback/TxManagerInterface" time="0.000000"></testcase>
		<testcase classname="github.com/cisco-open/go-lanai/test/dbtest" name="TestTxManagerWithDBPlayback/GormTxManagerInterface" time="0.000000"></testcase>
		<testcase classname="github.com/cisco-open/go-lanai/test/dbtest" name="TestTxManagerWithDBPlayback/ManualTxManagerInterface" time="0.000000"></testcase>
		<testcase classname="github.com/cisco-open/go-lanai/test/dbtest" name="TestTxManagerWithDBPlayback" time="0.010000"></testcase>
		<testcase classname="github.com/cisco-open/go-lanai/test/dbtest" name="TestNoopTxManager/TxManagerInterface" time="0.000000"></testcase>
		<testcase classname="github.com/cisco-open/go-lanai/test/dbtest" name="TestNoopTxManager/GormTxManagerInterface" time="0.000000"></testcase>
		<testcase classname="github.com/cisco-open/go-lanai/test/dbtest" name="TestNoopTxManager/ManualTxManagerInterface" time="0.000000"></testcase>
		<testcase classname="github.com/cisco-open/go-lanai/test/dbtest" name="TestNoopTxManager" time="0.010000"></testcase>
	</testsuite>
	<testsuite tests="3" failures="0" time="0.100000" name="github.com/cisco-open/go-lanai/test/dbtest/examples" timestamp="2025-05-28T20:55:39Z">
		<properties>
			<property name="go.version" value="go1.24.3 linux/amd64"></property>
		</properties>
		<testcase classname="github.com/cisco-open/go-lanai/test/dbtest/examples" name="TestDBPlayback/SelectExample" time="0.000000"></testcase>
		<testcase classname="github.com/cisco-open/go-lanai/test/dbtest/examples" name="TestDBPlayback/TransactionalSaveExample" time="0.000000"></testcase>
		<testcase classname="github.com/cisco-open/go-lanai/test/dbtest/examples" name="TestDBPlayback" time="0.010000"></testcase>
	</testsuite>
	<testsuite tests="4" failures="0" time="0.081000" name="github.com/cisco-open/go-lanai/test/embedded" timestamp="2025-05-28T20:55:39Z">
		<properties>
			<property name="go.version" value="go1.24.3 linux/amd64"></property>
		</properties>
		<testcase classname="github.com/cisco-open/go-lanai/test/embedded" name="TestRedisWithoutApp/WithoutApp" time="0.000000"></testcase>
		<testcase classname="github.com/cisco-open/go-lanai/test/embedded" name="TestRedisWithoutApp" time="0.000000"></testcase>
		<testcase classname="github.com/cisco-open/go-lanai/test/embedded" name="TestRedisWithApp/WithApp" time="0.000000"></testcase>
		<testcase classname="github.com/cisco-open/go-lanai/test/embedded" name="TestRedisWithApp" time="0.010000"></testcase>
	</testsuite>
	<testsuite tests="4" failures="0" time="0.068000" name="github.com/cisco-open/go-lanai/test/embedded/redis_examples" timestamp="2025-05-28T20:55:39Z">
		<properties>
			<property name="go.version" value="go1.24.3 linux/amd64"></property>
		</properties>
		<testcase classname="github.com/cisco-open/go-lanai/test/embedded/redis_examples" name="TestRedisWithoutApp/SubTestWithoutApp" time="0.000000"></testcase>
		<testcase classname="github.com/cisco-open/go-lanai/test/embedded/redis_examples" name="TestRedisWithoutApp" time="0.000000"></testcase>
		<testcase classname="github.com/cisco-open/go-lanai/test/embedded/redis_examples" name="TestRedisWithApp/SubTestWithApp" time="0.000000"></testcase>
		<testcase classname="github.com/cisco-open/go-lanai/test/embedded/redis_examples" name="TestRedisWithApp" time="0.010000"></testcase>
	</testsuite>
	<testsuite tests="55" failures="0" time="0.215000" name="github.com/cisco-open/go-lanai/test/ittest" timestamp="2025-05-28T20:55:39Z">
		<properties>
			<property name="go.version" value="go1.24.3 linux/amd64"></property>
		</properties>
		<testcase classname="github.com/cisco-open/go-lanai/test/ittest" name="TestHttpVCRRecording/TestDI" time="0.000000"></testcase>
		<testcase classname="github.com/cisco-open/go-lanai/test/ittest" name="TestHttpVCRRecording/TestHttpVCRMode" time="0.000000"></testcase>
		<testcase classname="github.com/cisco-open/go-lanai/test/ittest" name="TestHttpVCRRecording/TestHttpVCRRecordGet" time="0.000000"></testcase>
		<testcase classname="github.com/cisco-open/go-lanai/test/ittest" name="TestHttpVCRRecording/TestHttpVCRRecordPostJson" time="0.000000"></testcase>
		<testcase classname="github.com/cisco-open/go-lanai/test/ittest" name="TestHttpVCRRecording/TestHttpVCRRecordPostForm" time="0.000000"></testcase>
		<testcase classname="github.com/cisco-open/go-lanai/test/ittest" name="TestHttpVCRRecording" time="0.020000"></testcase>
		<testcase classname="github.com/cisco-open/go-lanai/test/ittest" name="TestHttpVCRPlaybackExact/TestDI" time="0.000000"></testcase>
		<testcase classname="github.com/cisco-open/go-lanai/test/ittest" name="TestHttpVCRPlaybackExact/TestHttpVCRMode" time="0.000000"></testcase>
		<testcase classname="github.com/cisco-open/go-lanai/test/ittest" name="TestHttpVCRPlaybackExact/TestNormalGet" time="0.000000"></testcase>
		<testcase classname="github.com/cisco-open/go-lanai/test/ittest" name="TestHttpVCRPlaybackExact/TestNormalPostJson" time="0.000000"></testcase>
		<testcase classname="github.com/cisco-open/go-lanai/test/ittest" name="TestHttpVCRPlaybackExact/TestNormalPostForm" time="0.000000"></testcase>
		<testcase classname="github.com/cisco-open/go-lanai/test/ittest" name="TestHttpVCRPlaybackExact" time="0.010000"></testcase>
		<testcase classname="github.com/cisco-open/go-lanai/test/ittest" name="TestHttpVCRPlaybackEquivalent/TestDI" time="0.000000"></testcase>
		<testcase classname="github.com/cisco-open/go-lanai/test/ittest" name="TestHttpVCRPlaybackEquivalent/TestHttpVCRMode" time="0.000000"></testcase>
		<testcase classname="github.com/cisco-open/go-lanai/test/ittest" name="TestHttpVCRPlaybackEquivalent/TestEquivalentGet" time="0.000000"></testcase>
		<testcase classname="github.com/cisco-open/go-lanai/test/ittest" name="TestHttpVCRPlaybackEquivalent/TestEquivalentPostJson" time="0.000000"></testcase>
		<testcase classname="github.com/cisco-open/go-lanai/test/ittest" name="TestHttpVCRPlaybackEquivalent/TestEquivalentPostForm" time="0.000000"></testcase>
		<testcase classname="github.com/cisco-open/go-lanai/test/ittest" name="TestHttpVCRPlaybackEquivalent" time="0.010000"></testcase>
		<testcase classname="github.com/cisco-open/go-lanai/test/ittest" name="TestHttpVCRPlaybackIncorrectOrder/TestDI" time="0.000000"></testcase>
		<testcase classname="github.com/cisco-open/go-lanai/test/ittest" name="TestHttpVCRPlaybackIncorrectOrder/TestHttpVCRMode" time="0.000000"></testcase>
		<testcase classname="github.com/cisco-open/go-lanai/test/ittest" name="TestHttpVCRPlaybackIncorrectOrder/TestDifferentRequestOrder" time="0.000000"></testcase>
		<testcase classname="github.com/cisco-open/go-lanai/test/ittest" name="TestHttpVCRPlaybackIncorrectOrder" time="0.010000"></testcase>
		<testcase classname="github.com/cisco-open/go-lanai/test/ittest" name="TestHttpVCRPlaybackWithOrderDisabled/TestDI" time="0.000000"></testcase>
		<testcase classname="github.com/cisco-open/go-lanai/test/ittest" name="TestHttpVCRPlaybackWithOrderDisabled/TestHttpVCRMode" time="0.000000"></testcase>
		<testcase classname="github.com/cisco-open/go-lanai/test/ittest" name="TestHttpVCRPlaybackWithOrderDisabled/TestDifferentRequestOrder" time="0.000000"></testcase>
		<testcase classname="github.com/cisco-open/go-lanai/test/ittest" name="TestHttpVCRPlaybackWithOrderDisabled" time="0.010000"></testcase>
		<testcase classname="github.com/cisco-open/go-lanai/test/ittest" name="TestHttpVCRPlaybackIncorrectQuery/TestDI" time="0.000000"></testcase>
		<testcase classname="github.com/cisco-open/go-lanai/test/ittest" name="TestHttpVCRPlaybackIncorrectQuery/TestHttpVCRMode" time="0.000000"></testcase>
		<testcase classname="github.com/cisco-open/go-lanai/test/ittest" name="TestHttpVCRPlaybackIncorrectQuery/TestIncorrectRequestQuery" time="0.000000"></testcase>
		<testcase classname="github.com/cisco-open/go-lanai/test/ittest" name="TestHttpVCRPlaybackIncorrectQuery" time="0.010000"></testcase>
		<testcase classname="github.com/cisco-open/go-lanai/test/ittest" name="TestHttpVCRPlaybackIncorrectBody/TestDI" time="0.000000"></testcase>
		<testcase classname="github.com/cisco-open/go-lanai/test/ittest" name="TestHttpVCRPlaybackIncorrectBody/TestHttpVCRMode" time="0.000000"></testcase>
		<testcase classname="github.com/cisco-open/go-lanai/test/ittest" name="TestHttpVCRPlaybackIncorrectBody/TestIncorrectRequestJsonBody" time="0.000000"></testcase>
		<testcase classname="github.com/cisco-open/go-lanai/test/ittest" name="TestHttpVCRPlaybackIncorrectBody/TestIncorrectRequestFormBody" time="0.000000"></testcase>
		<testcase classname="github.com/cisco-open/go-lanai/test/ittest" name="TestHttpVCRPlaybackIncorrectBody" time="0.010000"></testcase>
		<testcase classname="github.com/cisco-open/go-lanai/test/ittest" name="TestHttpVCRRecordingAltUsage/TestVcrContext" time="0.000000"></testcase>
		<testcase classname="github.com/cisco-open/go-lanai/test/ittest" name="TestHttpVCRRecordingAltUsage/TestHttpVCRMode" time="0.000000"></testcase>
		<testcase classname="github.com/cisco-open/go-lanai/test/ittest" name="TestHttpVCRRecordingAltUsage/TestHttpVCRRecordGet" time="0.000000"></testcase>
		<testcase classname="github.com/cisco-open/go-lanai/test/ittest" name="TestHttpVCRRecordingAltUsage/TestHttpVCRRecordPostJson" time="0.000000"></testcase>
		<testcase classname="github.com/cisco-open/go-lanai/test/ittest" name="TestHttpVCRRecordingAltUsage/TestHttpVCRRecordPostForm" time="0.000000"></testcase>
		<testcase classname="github.com/cisco-open/go-lanai/test/ittest" name="TestHttpVCRRecordingAltUsage" time="0.020000"></testcase>
		<testcase classname="github.com/cisco-open/go-lanai/test/ittest" name="TestHttpVCRPlaybackAltUsage/TestVcrContext" time="0.000000"></testcase>
		<testcase classname="github.com/cisco-open/go-lanai/test/ittest" name="TestHttpVCRPlaybackAltUsage/TestHttpVCRMode" time="0.000000"></testcase>
		<testcase classname="github.com/cisco-open/go-lanai/test/ittest" name="TestHttpVCRPlaybackAltUsage/TestNormalGet" time="0.000000"></testcase>
		<testcase classname="github.com/cisco-open/go-lanai/test/ittest" name="TestHttpVCRPlaybackAltUsage/TestNormalPostJson" time="0.000000"></testcase>
		<testcase classname="github.com/cisco-open/go-lanai/test/ittest" name="TestHttpVCRPlaybackAltUsage/TestNormalPostForm" time="0.000000"></testcase>
		<testcase classname="github.com/cisco-open/go-lanai/test/ittest" name="TestHttpVCRPlaybackAltUsage" time="0.000000"></testcase>
		<testcase classname="github.com/cisco-open/go-lanai/test/ittest" name="TestHttpVCRRecordsConversion/TestConvertV1ToV2" time="0.000000"></testcase>
		<testcase classname="github.com/cisco-open/go-lanai/test/ittest" name="TestHttpVCRRecordsConversion" time="0.000000"></testcase>
		<testcase classname="github.com/cisco-open/go-lanai/test/ittest" name="TestHttpClientWithoutSecurity/TestHttpClientWithSD" time="0.000000"></testcase>
		<testcase classname="github.com/cisco-open/go-lanai/test/ittest" name="TestHttpClientWithoutSecurity/TestHttpClientWithoutSD" time="0.000000"></testcase>
		<testcase classname="github.com/cisco-open/go-lanai/test/ittest" name="TestHttpClientWithoutSecurity" time="0.010000"></testcase>
		<testcase classname="github.com/cisco-open/go-lanai/test/ittest" name="TestHttpClientWithSecurity/TestScopeAndSystemAccount" time="0.000000"></testcase>
		<testcase classname="github.com/cisco-open/go-lanai/test/ittest" name="TestHttpClientWithSecurity/TestScopeAndCurrentContext" time="0.000000"></testcase>
		<testcase classname="github.com/cisco-open/go-lanai/test/ittest" name="TestHttpClientWithSecurity" time="0.020000"></testcase>
	</testsuite>
	<testsuite tests="11" failures="0" time="0.123000" name="github.com/cisco-open/go-lanai/test/ittest/examples" timestamp="2025-05-28T20:55:39Z">
		<properties>
			<property name="go.version" value="go1.24.3 linux/amd64"></property>
		</properties>
		<testcase classname="github.com/cisco-open/go-lanai/test/ittest/examples" name="TestExampleMockedServerTestWithSecurity/TestMockedServerWithSystemAccount" time="0.000000"></testcase>
		<testcase classname="github.com/cisco-open/go-lanai/test/ittest/examples" name="TestExampleMockedServerTestWithSecurity/TestMockedServerWithoutSystemAccount" time="0.000000"></testcase>
		<testcase classname="github.com/cisco-open/go-lanai/test/ittest/examples" name="TestExampleMockedServerTestWithSecurity/TestMockedServerWithCurrentContext" time="0.000000"></testcase>
		<testcase classname="github.com/cisco-open/go-lanai/test/ittest/examples" name="TestExampleMockedServerTestWithSecurity" time="0.020000"></testcase>
		<testcase classname="github.com/cisco-open/go-lanai/test/ittest/examples" name="TestExampleUnitTestWithSecurity/TestUnitTestWithSystemAccount" time="0.000000"></testcase>
		<testcase classname="github.com/cisco-open/go-lanai/test/ittest/examples" name="TestExampleUnitTestWithSecurity/TestUnitTestWithWithoutSystemAccount" time="0.000000"></testcase>
		<testcase classname="github.com/cisco-open/go-lanai/test/ittest/examples" name="TestExampleUnitTestWithSecurity/TestUnitTestWithCurrentContext" time="0.000000"></testcase>
		<testcase classname="github.com/cisco-open/go-lanai/test/ittest/examples" name="TestExampleUnitTestWithSecurity" time="0.010000"></testcase>
		<testcase classname="github.com/cisco-open/go-lanai/test/ittest/examples" name="TestExampleCustomRequestMatching/CustomRequestMatching" time="0.000000"></testcase>
		<testcase classname="github.com/cisco-open/go-lanai/test/ittest/examples" name="TestExampleCustomRequestMatching/PerSubTestCustomRequestMatching" time="0.000000"></testcase>
		<testcase classname="github.com/cisco-open/go-lanai/test/ittest/examples" name="TestExampleCustomRequestMatching" time="0.010000"></testcase>
	</testsuite>
	<testsuite tests="4" failures="0" time="0.065000" name="github.com/cisco-open/go-lanai/test/kafkatest" timestamp="2025-05-28T20:55:39Z">
		<properties>
			<property name="go.version" value="go1.24.3 linux/amd64"></property>
		</properties>
		<testcase classname="github.com/cisco-open/go-lanai/test/kafkatest" name="TestMockedBinder/ProducerRecording" time="0.000000"></testcase>
		<testcase classname="github.com/cisco-open/go-lanai/test/kafkatest" name="TestMockedBinder/Subscriber" time="0.000000"></testcase>
		<testcase classname="github.com/cisco-open/go-lanai/test/kafkatest" name="TestMockedBinder/Consumer" time="0.000000"></testcase>
		<testcase classname="github.com/cisco-open/go-lanai/test/kafkatest" name="TestMockedBinder" time="0.010000"></testcase>
	</testsuite>
	<testsuite tests="4" failures="0" time="0.085000" name="github.com/cisco-open/go-lanai/test/kafkatest/examples" timestamp="2025-05-28T20:55:39Z">
		<properties>
			<property name="go.version" value="go1.24.3 linux/amd64"></property>
		</properties>
		<testcase classname="github.com/cisco-open/go-lanai/test/kafkatest/examples" name="TestMockedBinder/ExampleProducerRecording" time="0.000000"></testcase>
		<testcase classname="github.com/cisco-open/go-lanai/test/kafkatest/examples" name="TestMockedBinder/ExampleSubscriberMessageMocking" time="0.000000"></testcase>
		<testcase classname="github.com/cisco-open/go-lanai/test/kafkatest/examples" name="TestMockedBinder/ExampleConsumerMessageMocking" time="0.000000"></testcase>
		<testcase classname="github.com/cisco-open/go-lanai/test/kafkatest/examples" name="TestMockedBinder" time="0.010000"></testcase>
	</testsuite>
	<testsuite tests="0" failures="0" time="0.004000" name="github.com/cisco-open/go-lanai/test/mocks" timestamp="2025-05-28T20:55:39Z">
		<properties>
			<property name="go.version" value="go1.24.3 linux/amd64"></property>
		</properties>
	</testsuite>
	<testsuite tests="1" failures="0" time="0.076000" name="github.com/cisco-open/go-lanai/test/mocks/authmock" timestamp="2025-05-28T20:55:39Z">
		<properties>
			<property name="go.version" value="go1.24.3 linux/amd64"></property>
		</properties>
		<testcase classname="github.com/cisco-open/go-lanai/test/mocks/authmock" name="TestMockAuthentication" time="0.000000"></testcase>
	</testsuite>
	<testsuite tests="2" failures="0" time="0.079000" name="github.com/cisco-open/go-lanai/test/mocks/dsyncmock" timestamp="2025-05-28T20:55:39Z">
		<properties>
			<property name="go.version" value="go1.24.3 linux/amd64"></property>
		</properties>
		<testcase classname="github.com/cisco-open/go-lanai/test/mocks/dsyncmock" name="TestSyncManager/TestNoopSyncManager" time="0.000000"></testcase>
		<testcase classname="github.com/cisco-open/go-lanai/test/mocks/dsyncmock" name="TestSyncManager" time="0.010000"></testcase>
	</testsuite>
	<testsuite tests="0" failures="0" time="0.004000" name="github.com/cisco-open/go-lanai/test/mocks/internal" timestamp="2025-05-28T20:55:39Z">
		<properties>
			<property name="go.version" value="go1.24.3 linux/amd64"></property>
		</properties>
	</testsuite>
	<testsuite tests="1" failures="0" time="0.086000" name="github.com/cisco-open/go-lanai/test/mocks/redismock" timestamp="2025-05-28T20:55:39Z">
		<properties>
			<property name="go.version" value="go1.24.3 linux/amd64"></property>
		</properties>
		<testcase classname="github.com/cisco-open/go-lanai/test/mocks/redismock" name="TestMockUniversalClient" time="0.010000"></testcase>
	</testsuite>
	<testsuite tests="1" failures="0" time="0.053000" name="github.com/cisco-open/go-lanai/test/mocks/sessionmock" timestamp="2025-05-28T20:55:39Z">
		<properties>
			<property name="go.version" value="go1.24.3 linux/amd64"></property>
		</properties>
		<testcase classname="github.com/cisco-open/go-lanai/test/mocks/sessionmock" name="TestMockStore" time="0.000000"></testcase>
	</testsuite>
	<testsuite tests="15" failures="0" time="0.113000" name="github.com/cisco-open/go-lanai/test/opensearchtest" timestamp="2025-05-28T20:55:39Z">
		<properties>
			<property name="go.version" value="go1.24.3 linux/amd64"></property>
		</properties>
		<testcase classname="github.com/cisco-open/go-lanai/test/opensearchtest" name="TestOpenSearchPlayback/SubTestRecording" time="0.000000"></testcase>
		<testcase classname="github.com/cisco-open/go-lanai/test/opensearchtest" name="TestOpenSearchPlayback/SubTestSearchTemplate/Simple_Template_Query" time="0.000000"></testcase>
		<testcase classname="github.com/cisco-open/go-lanai/test/opensearchtest" name="TestOpenSearchPlayback/SubTestSearchTemplate" time="0.000000"></testcase>
		<testcase classname="github.com/cisco-open/go-lanai/test/opensearchtest" name="TestOpenSearchPlayback/SubTestHooks/Test_Before_hook_gets_called_before_the_After_hook,_and_shares_context" time="0.000000"></testcase>
		<testcase classname="github.com/cisco-open/go-lanai/test/opensearchtest" name="TestOpenSearchPlayback/SubTestHooks/Test_After_hook_can_detect_error_and_manipulate_response" time="0.000000"></testcase>
		<testcase classname="github.com/cisco-open/go-lanai/test/opensearchtest" name="TestOpenSearchPlayback/SubTestHooks/Test_adding_an_option_to_change_to_an_empty_index_to_cause_read_failure" time="0.000000"></testcase>
		<testcase classname="github.com/cisco-open/go-lanai/test/opensearchtest" name="TestOpenSearchPlayback/SubTestHooks" time="0.000000"></testcase>
		<testcase classname="github.com/cisco-open/go-lanai/test/opensearchtest" name="TestOpenSearchPlayback/SubTestTracer/Test_normal_trace" time="0.000000"></testcase>
		<testcase classname="github.com/cisco-open/go-lanai/test/opensearchtest" name="TestOpenSearchPlayback/SubTestTracer/Test_error_in_query" time="0.000000"></testcase>
		<testcase classname="github.com/cisco-open/go-lanai/test/opensearchtest" name="TestOpenSearchPlayback/SubTestTracer" time="0.000000"></testcase>
		<testcase classname="github.com/cisco-open/go-lanai/test/opensearchtest" name="TestOpenSearchPlayback/SubTestPing" time="0.000000"></testcase>
		<testcase classname="github.com/cisco-open/go-lanai/test/opensearchtest" name="TestOpenSearchPlayback/SubTestTimeBasedQuery" time="0.000000"></testcase>
		<testcase classname="github.com/cisco-open/go-lanai/test/opensearchtest" name="TestOpenSearchPlayback/SubTestTemplateAndAlias" time="0.000000"></testcase>
		<testcase classname="github.com/cisco-open/go-lanai/test/opensearchtest" name="TestOpenSearchPlayback/SubTestNewBulkIndexer" time="0.000000"></testcase>
		<testcase classname="github.com/cisco-open/go-lanai/test/opensearchtest" name="TestOpenSearchPlayback" time="0.040000"></testcase>
	</testsuite>
	<testsuite tests="0" failures="0" time="0.005000" name="github.com/cisco-open/go-lanai/test/samltest" timestamp="2025-05-28T20:55:39Z">
		<properties>
			<property name="go.version" value="go1.24.3 linux/amd64"></property>
		</properties>
	</testsuite>
	<testsuite tests="8" failures="0" time="0.092000" name="github.com/cisco-open/go-lanai/test/sdtest" timestamp="2025-05-28T20:55:39Z">
		<properties>
			<property name="go.version" value="go1.24.3 linux/amd64"></property>
		</properties>
		<testcase classname="github.com/cisco-open/go-lanai/test/sdtest" name="TestClientMock/TestTestBasicDiscovery" time="0.000000"></testcase>
		<testcase classname="github.com/cisco-open/go-lanai/test/sdtest" name="TestClientMock/TestTestDiscoveryUpdate" time="0.000000"></testcase>
		<testcase classname="github.com/cisco-open/go-lanai/test/sdtest" name="TestClientMock/TestTestDiscoveryError" time="0.000000"></testcase>
		<testcase classname="github.com/cisco-open/go-lanai/test/sdtest" name="TestClientMock" time="0.000000"></testcase>
		<testcase classname="github.com/cisco-open/go-lanai/test/sdtest" name="TestWithMockedSDWithFileDefinition/TestDiscovery" time="0.000000"></testcase>
		<testcase classname="github.com/cisco-open/go-lanai/test/sdtest" name="TestWithMockedSDWithFileDefinition" time="0.010000"></testcase>
		<testcase classname="github.com/cisco-open/go-lanai/test/sdtest" name="TestWithMockedSDWithPropertiesDefinition/TestDiscovery" time="0.000000"></testcase>
		<testcase classname="github.com/cisco-open/go-lanai/test/sdtest" name="TestWithMockedSDWithPropertiesDefinition" time="0.010000"></testcase>
	</testsuite>
	<testsuite tests="23" failures="0" time="0.137000" name="github.com/cisco-open/go-lanai/test/sectest" timestamp="2025-05-28T20:55:39Z">
		<properties>
			<property name="go.version" value="go1.24.3 linux/amd64"></property>
		</properties>
		<testcase classname="github.com/cisco-open/go-lanai/test/sectest" name="TestDefaultMWMocking/TestWithoutMockedContext" time="0.000000"></testcase>
		<testcase classname="github.com/cisco-open/go-lanai/test/sectest" name="TestDefaultMWMocking/TestWithMockedContext" time="0.000000"></testcase>
		<testcase classname="github.com/cisco-open/go-lanai/test/sectest" name="TestDefaultMWMocking" time="0.010000"></testcase>
		<testcase classname="github.com/cisco-open/go-lanai/test/sectest" name="TestCustomMWMocking/TestCustomOptions" time="0.000000"></testcase>
		<testcase classname="github.com/cisco-open/go-lanai/test/sectest" name="TestCustomMWMocking" time="0.010000"></testcase>
		<testcase classname="github.com/cisco-open/go-lanai/test/sectest" name="TestForceOverrideMWMocking/TestWithoutMockedContext" time="0.000000"></testcase>
		<testcase classname="github.com/cisco-open/go-lanai/test/sectest" name="TestForceOverrideMWMocking/TestWithMockedContext" time="0.000000"></testcase>
		<testcase classname="github.com/cisco-open/go-lanai/test/sectest" name="TestForceOverrideMWMocking" time="0.010000"></testcase>
		<testcase classname="github.com/cisco-open/go-lanai/test/sectest" name="TestRealServerMWMockingViaMocker/TestSuccessWithRealServer" time="0.000000"></testcase>
		<testcase classname="github.com/cisco-open/go-lanai/test/sectest" name="TestRealServerMWMockingViaMocker/TestFailedWithRealServer" time="0.000000"></testcase>
		<testcase classname="github.com/cisco-open/go-lanai/test/sectest" name="TestRealServerMWMockingViaMocker" time="0.010000"></testcase>
		<testcase classname="github.com/cisco-open/go-lanai/test/sectest" name="TestRealServerMWMockingViaConfigurer/TestSuccessWithRealServer" time="0.000000"></testcase>
		<testcase classname="github.com/cisco-open/go-lanai/test/sectest" name="TestRealServerMWMockingViaConfigurer/TestFailedWithRealServer" time="0.000000"></testcase>
		<testcase classname="github.com/cisco-open/go-lanai/test/sectest" name="TestRealServerMWMockingViaConfigurer" time="0.010000"></testcase>
		<testcase classname="github.com/cisco-open/go-lanai/test/sectest" name="TestScopeManagerBasicBehavior/SystemAccountLogin" time="0.000000"></testcase>
		<testcase classname="github.com/cisco-open/go-lanai/test/sectest" name="TestScopeManagerBasicBehavior/SystemAccountWithTenant" time="0.000000"></testcase>
		<testcase classname="github.com/cisco-open/go-lanai/test/sectest" name="TestScopeManagerBasicBehavior/SwitchUserUsingSysAcct" time="0.000000"></testcase>
		<testcase classname="github.com/cisco-open/go-lanai/test/sectest" name="TestScopeManagerBasicBehavior/SwitchUserWithTenantUsingSysAcct" time="0.000000"></testcase>
		<testcase classname="github.com/cisco-open/go-lanai/test/sectest" name="TestScopeManagerBasicBehavior/SwitchUser" time="0.000000"></testcase>
		<testcase classname="github.com/cisco-open/go-lanai/test/sectest" name="TestScopeManagerBasicBehavior/SwitchUserWithTenant" time="0.000000"></testcase>
		<testcase classname="github.com/cisco-open/go-lanai/test/sectest" name="TestScopeManagerBasicBehavior/SwitchTenant" time="0.000000"></testcase>
		<testcase classname="github.com/cisco-open/go-lanai/test/sectest" name="TestScopeManagerBasicBehavior/SwitchWithError" time="0.000000"></testcase>
		<testcase classname="github.com/cisco-open/go-lanai/test/sectest" name="TestScopeManagerBasicBehavior" time="0.010000"></testcase>
	</testsuite>
	<testsuite tests="12" failures="0" time="0.115000" name="github.com/cisco-open/go-lanai/test/sectest/examples" timestamp="2025-05-28T20:55:39Z">
		<properties>
			<property name="go.version" value="go1.24.3 linux/amd64"></property>
		</properties>
		<testcase classname="github.com/cisco-open/go-lanai/test/sectest/examples" name="TestUseDefaultSecurityScopeMocking/UseScope" time="0.000000"></testcase>
		<testcase classname="github.com/cisco-open/go-lanai/test/sectest/examples" name="TestUseDefaultSecurityScopeMocking" time="0.010000"></testcase>
		<testcase classname="github.com/cisco-open/go-lanai/test/sectest/examples" name="TestUseCustomSecurityScopeMocking/UseScope" time="0.000000"></testcase>
		<testcase classname="github.com/cisco-open/go-lanai/test/sectest/examples" name="TestUseCustomSecurityScopeMocking" time="0.010000"></testcase>
		<testcase classname="github.com/cisco-open/go-lanai/test/sectest/examples" name="TestCurrentSecurityContextMocking/MockCurrentSecurity" time="0.000000"></testcase>
		<testcase classname="github.com/cisco-open/go-lanai/test/sectest/examples" name="TestCurrentSecurityContextMocking" time="0.000000"></testcase>
		<testcase classname="github.com/cisco-open/go-lanai/test/sectest/examples" name="TestMockBothCurrentSecurityAndScope/MockBoth" time="0.000000"></testcase>
		<testcase classname="github.com/cisco-open/go-lanai/test/sectest/examples" name="TestMockBothCurrentSecurityAndScope" time="0.000000"></testcase>
		<testcase classname="github.com/cisco-open/go-lanai/test/sectest/examples" name="TestWithMockedServer/MockedServerWithMockedContext" time="0.000000"></testcase>
		<testcase classname="github.com/cisco-open/go-lanai/test/sectest/examples" name="TestWithMockedServer" time="0.010000"></testcase>
		<testcase classname="github.com/cisco-open/go-lanai/test/sectest/examples" name="TestWithRealServer/RealServerWithHeader" time="0.000000"></testcase>
		<testcase classname="github.com/cisco-open/go-lanai/test/sectest/examples" name="TestWithRealServer" time="0.010000"></testcase>
	</testsuite>
	<testsuite tests="5" failures="0" time="0.073000" name="github.com/cisco-open/go-lanai/test/suitetest" timestamp="2025-05-28T20:55:39Z">
		<properties>
			<property name="go.version" value="go1.24.3 linux/amd64"></property>
		</properties>
		<testcase classname="github.com/cisco-open/go-lanai/test/suitetest" name="TestSuiteHookInvocations" time="0.000000"></testcase>
		<testcase classname="github.com/cisco-open/go-lanai/test/suitetest" name="TestAllHookInvocations/DummySubTest@Xxb4" time="0.000000"></testcase>
		<testcase classname="github.com/cisco-open/go-lanai/test/suitetest" name="TestAllHookInvocations/DummySubTest@eQPC" time="0.000000"></testcase>
		<testcase classname="github.com/cisco-open/go-lanai/test/suitetest" name="TestAllHookInvocations/DummySubTest@0M6T" time="0.000000"></testcase>
		<testcase classname="github.com/cisco-open/go-lanai/test/suitetest" name="TestAllHookInvocations" time="0.000000"></testcase>
	</testsuite>
	<testsuite tests="2" failures="0" time="0.063000" name="github.com/cisco-open/go-lanai/test/utils" timestamp="2025-05-28T20:55:39Z">
		<properties>
			<property name="go.version" value="go1.24.3 linux/amd64"></property>
		</properties>
		<testcase classname="github.com/cisco-open/go-lanai/test/utils" name="TestPackageDirectory" time="0.000000"></testcase>
		<testcase classname="github.com/cisco-open/go-lanai/test/utils" name="TestProjectDirectory" time="0.000000"></testcase>
	</testsuite>
	<testsuite tests="20" failures="0" time="0.077000" name="github.com/cisco-open/go-lanai/test/utils/golden" timestamp="2025-05-28T20:55:39Z">
		<properties>
			<property name="go.version" value="go1.24.3 linux/amd64"></property>
		</properties>
		<testcase classname="github.com/cisco-open/go-lanai/test/utils/golden" name="TestGetGoldenFilePath/test_a_standard_non_subtest_test" time="0.000000"></testcase>
		<testcase classname="github.com/cisco-open/go-lanai/test/utils/golden" name="TestGetGoldenFilePath/test_a_standard_non_subtest_test_with_snake_case_already" time="0.000000"></testcase>
		<testcase classname="github.com/cisco-open/go-lanai/test/utils/golden" name="TestGetGoldenFilePath" time="0.000000"></testcase>
		<testcase classname="github.com/cisco-open/go-lanai/test/utils/golden" name="TestWithAppTest/SubTestWithoutTableDriven" time="0.000000"></testcase>
		<testcase classname="github.com/cisco-open/go-lanai/test/utils/golden" name="TestWithAppTest/SubTestWithTableDriven/test_a_standard_non_subtest_test" time="0.000000"></testcase>
		<testcase classname="github.com/cisco-open/go-lanai/test/utils/golden" name="TestWithAppTest/SubTestWithTableDriven/test_a_standard_non_subtest_test_with_snake_case_already" time="0.000000"></testcase>
		<testcase classname="github.com/cisco-open/go-lanai/test/utils/golden" name="TestWithAppTest/SubTestWithTableDriven/TestName,_ToBe.snake_case_with_lowerCase" time="0.000000"></testcase>
		<testcase classname="github.com/cisco-open/go-lanai/test/utils/golden" name="TestWithAppTest/SubTestWithTableDriven" time="0.000000"></testcase>
		<testcase classname="github.com/cisco-open/go-lanai/test/utils/golden" name="TestWithAppTest" time="0.010000"></testcase>
		<testcase classname="github.com/cisco-open/go-lanai/test/utils/golden" name="TestAssert/Test_Correct_Struct_Data,_expects_no_error" time="0.000000"></testcase>
		<testcase classname="github.com/cisco-open/go-lanai/test/utils/golden" name="TestAssert/Test_Incorrect_Struct_Data,_expects_no_error" time="0.000000"></testcase>
		<testcase classname="github.com/cisco-open/go-lanai/test/utils/golden" name="TestAssert/Test_nil_Data,_expects_fatal_error" time="0.000000"></testcase>
		<testcase classname="github.com/cisco-open/go-lanai/test/utils/golden" name="TestAssert/Test_Non_Struct_Data,_expects_fatal_error" time="0.000000"></testcase>
		<testcase classname="github.com/cisco-open/go-lanai/test/utils/golden" name="TestAssert/Test_Struct_Data_with_marshalling_error,_expects_fatal_error" time="0.000000"></testcase>
		<testcase classname="github.com/cisco-open/go-lanai/test/utils/golden" name="TestAssert" time="0.000000"></testcase>
		<testcase classname="github.com/cisco-open/go-lanai/test/utils/golden" name="TestPopulateGoldenFiles/GoodStruct" time="0.000000"></testcase>
		<testcase classname="github.com/cisco-open/go-lanai/test/utils/golden" name="TestPopulateGoldenFiles/BadStruct" time="0.000000"></testcase>
		<testcase classname="github.com/cisco-open/go-lanai/test/utils/golden" name="TestPopulateGoldenFiles/JustString" time="0.000000"></testcase>
		<testcase classname="github.com/cisco-open/go-lanai/test/utils/golden" name="TestPopulateGoldenFiles/JustBytes" time="0.000000"></testcase>
		<testcase classname="github.com/cisco-open/go-lanai/test/utils/golden" name="TestPopulateGoldenFiles" time="0.000000"></testcase>
	</testsuite>
	<testsuite tests="10" failures="0" time="0.074000" name="github.com/cisco-open/go-lanai/test/utils/gomega" timestamp="2025-05-28T20:55:39Z">
		<properties>
			<property name="go.version" value="go1.24.3 linux/amd64"></property>
		</properties>
		<testcase classname="github.com/cisco-open/go-lanai/test/utils/gomega" name="TestIsErrorMatchers/SubTestIsError" time="0.000000"></testcase>
		<testcase classname="github.com/cisco-open/go-lanai/test/utils/gomega" name="TestIsErrorMatchers/SubTestHaveErrorType" time="0.000000"></testcase>
		<testcase classname="github.com/cisco-open/go-lanai/test/utils/gomega" name="TestIsErrorMatchers/SubTestHaveErrorSubType" time="0.000000"></testcase>
		<testcase classname="github.com/cisco-open/go-lanai/test/utils/gomega" name="TestIsErrorMatchers/SubTestHaveErrorCode" time="0.000000"></testcase>
		<testcase classname="github.com/cisco-open/go-lanai/test/utils/gomega" name="TestIsErrorMatchers/SubTestErrorMatcherFailureMessages" time="0.000000"></testcase>
		<testcase classname="github.com/cisco-open/go-lanai/test/utils/gomega" name="TestIsErrorMatchers" time="0.000000"></testcase>
		<testcase classname="github.com/cisco-open/go-lanai/test/utils/gomega" name="TestJsonPathMatchers/TestHaveJsonPath" time="0.000000"></testcase>
		<testcase classname="github.com/cisco-open/go-lanai/test/utils/gomega" name="TestJsonPathMatchers/TestHaveJsonPathWithValue" time="0.000000"></testcase>
		<testcase classname="github.com/cisco-open/go-lanai/test/utils/gomega" name="TestJsonPathMatchers/TestFailureMessages" time="0.000000"></testcase>
		<testcase classname="github.com/cisco-open/go-lanai/test/utils/gomega" name="TestJsonPathMatchers" time="0.000000"></testcase>
	</testsuite>
	<testsuite tests="17" failures="0" time="0.093000" name="github.com/cisco-open/go-lanai/test/webtest" timestamp="2025-05-28T20:55:39Z">
		<properties>
			<property name="go.version" value="go1.24.3 linux/amd64"></property>
		</properties>
		<testcase classname="github.com/cisco-open/go-lanai/test/webtest" name="TestDefaultRealTestServer/TestRealServerUtils" time="0.000000"></testcase>
		<testcase classname="github.com/cisco-open/go-lanai/test/webtest" name="TestDefaultRealTestServer/EchoWithRelativePath" time="0.000000"></testcase>
		<testcase classname="github.com/cisco-open/go-lanai/test/webtest" name="TestDefaultRealTestServer/EchoWithAbsolutePath" time="0.000000"></testcase>
		<testcase classname="github.com/cisco-open/go-lanai/test/webtest" name="TestDefaultRealTestServer" time="0.010000"></testcase>
		<testcase classname="github.com/cisco-open/go-lanai/test/webtest" name="TestCustomRealTestServer/TestRealServerUtils" time="0.000000"></testcase>
		<testcase classname="github.com/cisco-open/go-lanai/test/webtest" name="TestCustomRealTestServer/EchoWithRelativePath" time="0.000000"></testcase>
		<testcase classname="github.com/cisco-open/go-lanai/test/webtest" name="TestCustomRealTestServer/EchoWithAbsolutePath" time="0.000000"></testcase>
		<testcase classname="github.com/cisco-open/go-lanai/test/webtest" name="TestCustomRealTestServer" time="0.010000"></testcase>
		<testcase classname="github.com/cisco-open/go-lanai/test/webtest" name="TestDefaultMockedTestServer/EchoWithRelativePath" time="0.000000"></testcase>
		<testcase classname="github.com/cisco-open/go-lanai/test/webtest" name="TestDefaultMockedTestServer/EchoWithAbsolutePath" time="0.000000"></testcase>
		<testcase classname="github.com/cisco-open/go-lanai/test/webtest" name="TestDefaultMockedTestServer" time="0.010000"></testcase>
		<testcase classname="github.com/cisco-open/go-lanai/test/webtest" name="TestCustomMockedTestServer/EchoWithRelativePath" time="0.000000"></testcase>
		<testcase classname="github.com/cisco-open/go-lanai/test/webtest" name="TestCustomMockedTestServer/EchoWithAbsolutePath" time="0.000000"></testcase>
		<testcase classname="github.com/cisco-open/go-lanai/test/webtest" name="TestCustomMockedTestServer" time="0.000000"></testcase>
		<testcase classname="github.com/cisco-open/go-lanai/test/webtest" name="TestUtilities/EchoWithRelativePath" time="0.000000"></testcase>
		<testcase classname="github.com/cisco-open/go-lanai/test/webtest" name="TestUtilities/EchoWithAbsolutePath" time="0.000000"></testcase>
		<testcase classname="github.com/cisco-open/go-lanai/test/webtest" name="TestUtilities" time="0.010000"></testcase>
	</testsuite>
	<testsuite tests="6" failures="0" time="0.064000" name="github.com/cisco-open/go-lanai/test/webtest/examples" timestamp="2025-05-28T20:55:39Z">
		<properties>
			<property name="go.version" value="go1.24.3 linux/amd64"></property>
		</properties>
		<testcase classname="github.com/cisco-open/go-lanai/test/webtest/examples" name="TestRealTestServer/EchoWithRelativePath" time="0.000000"></testcase>
		<testcase classname="github.com/cisco-open/go-lanai/test/webtest/examples" name="TestRealTestServer/EchoWithAbsolutePath" time="0.000000"></testcase>
		<testcase classname="github.com/cisco-open/go-lanai/test/webtest/examples" name="TestRealTestServer" time="0.010000"></testcase>
		<testcase classname="github.com/cisco-open/go-lanai/test/webtest/examples" name="TestMockedTestServer/EchoWithRelativePath" time="0.000000"></testcase>
		<testcase classname="github.com/cisco-open/go-lanai/test/webtest/examples" name="TestMockedTestServer/EchoWithAbsolutePath" time="0.000000"></testcase>
		<testcase classname="github.com/cisco-open/go-lanai/test/webtest/examples" name="TestMockedTestServer" time="0.000000"></testcase>
	</testsuite>
</testsuites>